Loading rhel8/default-amp
  Loading requirement: dot rhel8/slurm singularity/current rhel8/global
    cuda/11.4 libpciaccess/0.16/gcc-9.4.0-6fonbj6
    libiconv/1.16/gcc-9.4.0-ahebbov libxml2/2.9.12/gcc-9.4.0-gnknt5e
    ncurses/6.2/gcc-9.4.0-aiirok7 hwloc/2.5.0/gcc-9.4.0-7sqomga
    libevent/2.1.12/gcc-9.4.0-hgny7cm numactl/2.0.14/gcc-9.4.0-52dwc6n
    cuda/11.4.0/gcc-9.4.0-3hnxhjt gdrcopy/2.2/gcc-9.4.0-e4igtfp
    knem/1.1.4/gcc-9.4.0-bpbxgva libnl/3.3.0/gcc-9.4.0-whwhrwb
    rdma-core/34.0/gcc-9.4.0-5eo5n2u ucx/1.11.1/gcc-9.4.0-lktqyl4
    openmpi/4.1.1/gcc-9.4.0-epagguv
2024-06-02 08:32:45.901473: W external/xla/xla/service/gpu/nvptx_compiler.cc:760] The NVIDIA driver's CUDA version is 12.2 which is older than the ptxas CUDA version (12.5.40). Because the driver is older than the ptxas version, XLA is disabling parallel compilation, which may slow down compilation. You should update your NVIDIA driver or use the NVIDIA-provided CUDA forward compatibility packages.
wandb: Currently logged in as: arielle-rosinski (arielle_rosinski). Use `wandb login --relogin` to force relogin
wandb: Tracking run with wandb version 0.17.0
wandb: Run data is saved locally in /rds/user/ar2217/hpc-work/SCA/SCA_project/cluster_launch/wandb/run-20240602_083249-mkilvycz
wandb: Run `wandb offline` to turn off syncing.
wandb: Syncing run d=2.2
wandb: ⭐️ View project at https://wandb.ai/arielle_rosinski/SCA-project-MC_Maze
wandb: 🚀 View run at https://wandb.ai/arielle_rosinski/SCA-project-MC_Maze/runs/mkilvycz
wandb: - 0.018 MB of 0.085 MB uploadedwandb: \ 0.018 MB of 0.085 MB uploadedwandb: | 0.018 MB of 0.085 MB uploadedwandb: / 0.085 MB of 0.085 MB uploadedwandb:                                                                                
wandb: 
wandb: Run history:
wandb: S_ratio ▁▁▆▅██▇▆▆▅▆▅▆▆▅▆▆▆▆▆▆▅▆▆▆▆▆▅▆▅▆▅▆▅▅▆▆▆▆▆
wandb:   loss_ ████▇▆▄▄▅▄▅▇▄▆▆▁▁▅▃▄▂▆▄▅▃▄▄▇▅▅▅▆▂▇▅▆▄▄▅▄
wandb: 
wandb: Run summary:
wandb: S_ratio 0.29657
wandb:   loss_ -99.30734
wandb: 
wandb: 🚀 View run d=2.2 at: https://wandb.ai/arielle_rosinski/SCA-project-MC_Maze/runs/mkilvycz
wandb: ⭐️ View project at: https://wandb.ai/arielle_rosinski/SCA-project-MC_Maze
wandb: Synced 5 W&B file(s), 0 media file(s), 2 artifact file(s) and 0 other file(s)
wandb: Find logs at: ./wandb/run-20240602_083249-mkilvycz/logs
Iteration 0, S: 0.9448745250701904, S_ratio: 0.034777477383613586
Iteration 10, S: -1.3226677179336548, S_ratio: -0.0936727449297905
Iteration 20, S: 2.100292444229126, S_ratio: 0.05004146322607994
Iteration 30, S: -0.6981552839279175, S_ratio: -0.045756496489048004
Iteration 40, S: 0.012736053206026554, S_ratio: 0.00047003652434796095
Iteration 50, S: 1.6780611276626587, S_ratio: 0.07784610986709595
Iteration 60, S: 1.1775000095367432, S_ratio: 0.07140908390283585
Iteration 70, S: -1.9389697313308716, S_ratio: -0.14356012642383575
Iteration 80, S: 3.0081028938293457, S_ratio: 0.10196679085493088
Iteration 90, S: 1.3572502136230469, S_ratio: 0.04562864452600479
Iteration 100, S: 5.51988410949707, S_ratio: 0.17408700287342072
Iteration 110, S: 4.281553745269775, S_ratio: 0.06795741617679596
Iteration 120, S: 5.093380451202393, S_ratio: 0.15974487364292145
Iteration 130, S: 6.108701229095459, S_ratio: 0.1794792264699936
Iteration 140, S: -2.211430788040161, S_ratio: -0.13166631758213043
Iteration 150, S: 1.9595838785171509, S_ratio: 0.11271431297063828
Iteration 160, S: 5.113958835601807, S_ratio: 0.1220092698931694
Iteration 170, S: 3.1926846504211426, S_ratio: 0.1434389352798462
Iteration 180, S: 0.19041629135608673, S_ratio: 0.004820507951080799
Iteration 190, S: -0.7780124545097351, S_ratio: -0.041915811598300934
Iteration 200, S: 1.1745796203613281, S_ratio: 0.07481201738119125
Iteration 210, S: 0.5052530765533447, S_ratio: 0.017584217712283134
Iteration 220, S: 1.8416723012924194, S_ratio: 0.08798764646053314
Iteration 230, S: 4.7628631591796875, S_ratio: 0.1427087038755417
Iteration 240, S: -1.7863267660140991, S_ratio: -0.08115583658218384
Iteration 250, S: 3.1159260272979736, S_ratio: 0.07922720909118652
Iteration 260, S: 2.339614152908325, S_ratio: 0.10772398114204407
Iteration 270, S: -0.5213566422462463, S_ratio: -0.031032303348183632
Iteration 280, S: 1.292907953262329, S_ratio: 0.07601073384284973
Iteration 290, S: 0.40312066674232483, S_ratio: 0.0168214812874794
Iteration 300, S: 2.4679083824157715, S_ratio: 0.06773638725280762
Iteration 310, S: 4.45998477935791, S_ratio: 0.12732642889022827
Iteration 320, S: 6.318479061126709, S_ratio: 0.12332838773727417
Iteration 330, S: 7.124350547790527, S_ratio: 0.12158877402544022
Iteration 340, S: 2.070897102355957, S_ratio: 0.04030415415763855
Iteration 350, S: 1.0333316326141357, S_ratio: 0.028947673738002777
Iteration 360, S: 4.270975112915039, S_ratio: 0.0997052937746048
Iteration 370, S: 6.524136066436768, S_ratio: 0.14992719888687134
Iteration 380, S: 8.39792251586914, S_ratio: 0.3795602321624756
Iteration 390, S: 1.9103878736495972, S_ratio: 0.038848768919706345
Iteration 400, S: 13.586331367492676, S_ratio: 0.16180551052093506
Iteration 410, S: 8.706836700439453, S_ratio: 0.18572431802749634
Iteration 420, S: 3.924370050430298, S_ratio: 0.15001969039440155
Iteration 430, S: 3.3219358921051025, S_ratio: 0.08747515082359314
Iteration 440, S: 11.654986381530762, S_ratio: 0.2751131057739258
Iteration 450, S: 13.533774375915527, S_ratio: 0.16858720779418945
Iteration 460, S: 6.829873561859131, S_ratio: 0.1511404663324356
Iteration 470, S: 6.856497764587402, S_ratio: 0.255628377199173
Iteration 480, S: 7.4944305419921875, S_ratio: 0.1336669623851776
Iteration 490, S: 23.95424461364746, S_ratio: 0.24825020134449005
Iteration 500, S: 4.999469757080078, S_ratio: 0.10540638118982315
Iteration 510, S: 17.056133270263672, S_ratio: 0.2775372862815857
Iteration 520, S: 18.920013427734375, S_ratio: 0.19532297551631927
Iteration 530, S: 1.1729075908660889, S_ratio: 0.05271953344345093
Iteration 540, S: 24.89892578125, S_ratio: 0.2541722357273102
Iteration 550, S: 9.18607234954834, S_ratio: 0.1624397188425064
Iteration 560, S: 18.038965225219727, S_ratio: 0.20972473919391632
Iteration 570, S: 25.493183135986328, S_ratio: 0.259972482919693
Iteration 580, S: 10.263197898864746, S_ratio: 0.19457164406776428
Iteration 590, S: 6.989880084991455, S_ratio: 0.17969253659248352
Iteration 600, S: 9.625245094299316, S_ratio: 0.16763947904109955
Iteration 610, S: 21.39913558959961, S_ratio: 0.2014734447002411
Iteration 620, S: 10.42987060546875, S_ratio: 0.2958988845348358
Iteration 630, S: 13.576154708862305, S_ratio: 0.3841917812824249
Iteration 640, S: 24.439010620117188, S_ratio: 0.2742365002632141
Iteration 650, S: 34.568809509277344, S_ratio: 0.26763084530830383
Iteration 660, S: 35.11789321899414, S_ratio: 0.22376291453838348
Iteration 670, S: 37.26698303222656, S_ratio: 0.18152065575122833
Iteration 680, S: 19.704687118530273, S_ratio: 0.2495994120836258
Iteration 690, S: 21.069805145263672, S_ratio: 0.2545448839664459
Iteration 700, S: 25.08669090270996, S_ratio: 0.18289603292942047
Iteration 710, S: 44.29335021972656, S_ratio: 0.2476995438337326
Iteration 720, S: 17.60646629333496, S_ratio: 0.2494731992483139
Iteration 730, S: 41.2999267578125, S_ratio: 0.3575621545314789
Iteration 740, S: 19.955448150634766, S_ratio: 0.3218187391757965
Iteration 750, S: 16.009849548339844, S_ratio: 0.15327434241771698
Iteration 760, S: 30.199071884155273, S_ratio: 0.24408183991909027
Iteration 770, S: 30.94779396057129, S_ratio: 0.32962489128112793
Iteration 780, S: 17.688188552856445, S_ratio: 0.24684074521064758
Iteration 790, S: 10.690059661865234, S_ratio: 0.38483068346977234
Iteration 800, S: 16.600887298583984, S_ratio: 0.2073013186454773
Iteration 810, S: 17.384632110595703, S_ratio: 0.24307465553283691
Iteration 820, S: 47.67189025878906, S_ratio: 0.2802003026008606
Iteration 830, S: 39.6134033203125, S_ratio: 0.2931198179721832
Iteration 840, S: 51.52219009399414, S_ratio: 0.3517738878726959
Iteration 850, S: 92.9765396118164, S_ratio: 0.3485991358757019
Iteration 860, S: 57.15000915527344, S_ratio: 0.3305146098136902
Iteration 870, S: 92.23165893554688, S_ratio: 0.3647456467151642
Iteration 880, S: 68.66389465332031, S_ratio: 0.4087412357330322
Iteration 890, S: 135.7906494140625, S_ratio: 0.3607219159603119
Iteration 900, S: 83.35260772705078, S_ratio: 0.31744080781936646
Iteration 910, S: 73.75125885009766, S_ratio: 0.3199266493320465
Iteration 920, S: 108.22640991210938, S_ratio: 0.3335522413253784
Iteration 930, S: 78.14797973632812, S_ratio: 0.2785911560058594
Iteration 940, S: 113.9580078125, S_ratio: 0.24158233404159546
Iteration 950, S: 55.507957458496094, S_ratio: 0.23809552192687988
Iteration 960, S: 38.5970573425293, S_ratio: 0.332192599773407
Iteration 970, S: 104.35538482666016, S_ratio: 0.25581586360931396
Iteration 980, S: 88.22480010986328, S_ratio: 0.2777741551399231
Iteration 990, S: 78.78810119628906, S_ratio: 0.33493033051490784
Iteration 1000, S: 60.58185577392578, S_ratio: 0.3710743486881256
Iteration 1010, S: 125.32109069824219, S_ratio: 0.3427892029285431
Iteration 1020, S: 93.17576599121094, S_ratio: 0.39189574122428894
Iteration 1030, S: 51.287132263183594, S_ratio: 0.5467205047607422
Iteration 1040, S: 103.08392333984375, S_ratio: 0.3650705814361572
Iteration 1050, S: 111.59767150878906, S_ratio: 0.26222658157348633
Iteration 1060, S: 116.3163070678711, S_ratio: 0.4724814295768738
Iteration 1070, S: 113.80696868896484, S_ratio: 0.28639447689056396
Iteration 1080, S: 98.21405029296875, S_ratio: 0.28528815507888794
Iteration 1090, S: 50.52891540527344, S_ratio: 0.29765576124191284
Iteration 1100, S: 67.94622039794922, S_ratio: 0.47883227467536926
Iteration 1110, S: 98.90933227539062, S_ratio: 0.2382390797138214
Iteration 1120, S: 47.13462448120117, S_ratio: 0.21315868198871613
Iteration 1130, S: 219.70558166503906, S_ratio: 0.2904427647590637
Iteration 1140, S: 89.97146606445312, S_ratio: 0.25336262583732605
Iteration 1150, S: 188.2965545654297, S_ratio: 0.25632205605506897
Iteration 1160, S: 165.58253479003906, S_ratio: 0.2778044044971466
Iteration 1170, S: 95.32559204101562, S_ratio: 0.33711832761764526
Iteration 1180, S: 88.48946380615234, S_ratio: 0.45164042711257935
Iteration 1190, S: 52.94026184082031, S_ratio: 0.708412230014801
Iteration 1200, S: 83.44120788574219, S_ratio: 0.5428962111473083
Iteration 1210, S: 41.19716262817383, S_ratio: 0.20500943064689636
Iteration 1220, S: 55.95816421508789, S_ratio: 0.30514365434646606
Iteration 1230, S: 50.18355941772461, S_ratio: 0.2268347591161728
Iteration 1240, S: 57.03363037109375, S_ratio: 0.5172277092933655
Iteration 1250, S: 118.19700622558594, S_ratio: 0.2962498664855957
Iteration 1260, S: 54.855159759521484, S_ratio: 0.41640716791152954
Iteration 1270, S: 163.82772827148438, S_ratio: 0.3139909505844116
Iteration 1280, S: 59.79884719848633, S_ratio: 0.4508328437805176
Iteration 1290, S: 178.55807495117188, S_ratio: 0.28310948610305786
Iteration 1300, S: 106.89395141601562, S_ratio: 0.3401302695274353
Iteration 1310, S: 85.5013198852539, S_ratio: 0.2246060073375702
Iteration 1320, S: 38.43408966064453, S_ratio: 0.18441668152809143
Iteration 1330, S: 85.30780029296875, S_ratio: 0.3261786997318268
Iteration 1340, S: 145.7998809814453, S_ratio: 0.26719558238983154
Iteration 1350, S: 259.2926940917969, S_ratio: 0.23748818039894104
Iteration 1360, S: 155.26596069335938, S_ratio: 0.44479474425315857
Iteration 1370, S: 66.28598022460938, S_ratio: 0.2670784294605255
Iteration 1380, S: 99.27530670166016, S_ratio: 0.3145350217819214
Iteration 1390, S: 189.52291870117188, S_ratio: 0.3588819205760956
Iteration 1400, S: 141.7323760986328, S_ratio: 0.26966607570648193
Iteration 1410, S: 105.17253875732422, S_ratio: 0.21822060644626617
Iteration 1420, S: 152.76693725585938, S_ratio: 0.2581976354122162
Iteration 1430, S: 231.29159545898438, S_ratio: 0.2905180752277374
Iteration 1440, S: 44.840492248535156, S_ratio: 0.5130630731582642
Iteration 1450, S: 75.8190689086914, S_ratio: 0.2865511476993561
Iteration 1460, S: 116.92024993896484, S_ratio: 0.31186389923095703
Iteration 1470, S: 77.80329895019531, S_ratio: 0.22184447944164276
Iteration 1480, S: 154.73995971679688, S_ratio: 0.297372430562973
Iteration 1490, S: 175.8171844482422, S_ratio: 0.30116280913352966
Iteration 1500, S: 129.67477416992188, S_ratio: 0.2375224232673645
Iteration 1510, S: 51.57633972167969, S_ratio: 0.22857749462127686
Iteration 1520, S: 237.10769653320312, S_ratio: 0.31743067502975464
Iteration 1530, S: 85.88111877441406, S_ratio: 0.2671642005443573
Iteration 1540, S: 229.9343719482422, S_ratio: 0.24366246163845062
Iteration 1550, S: 204.0274200439453, S_ratio: 0.3298591375350952
Iteration 1560, S: 116.5004653930664, S_ratio: 0.23083996772766113
Iteration 1570, S: 134.14794921875, S_ratio: 0.26614242792129517
Iteration 1580, S: 100.42009735107422, S_ratio: 0.2319631427526474
Iteration 1590, S: 124.74933624267578, S_ratio: 0.5132947564125061
Iteration 1600, S: 106.04216766357422, S_ratio: 0.38672298192977905
Iteration 1610, S: 207.97760009765625, S_ratio: 0.2788759768009186
Iteration 1620, S: 130.7390899658203, S_ratio: 0.25519317388534546
Iteration 1630, S: 149.0786590576172, S_ratio: 0.2629494071006775
Iteration 1640, S: 92.44123077392578, S_ratio: 0.24964506924152374
Iteration 1650, S: 217.79513549804688, S_ratio: 0.33146774768829346
Iteration 1660, S: 146.8664093017578, S_ratio: 0.2690694034099579
Iteration 1670, S: 36.94325256347656, S_ratio: 0.33529555797576904
Iteration 1680, S: 79.54303741455078, S_ratio: 0.292034775018692
Iteration 1690, S: 94.84503936767578, S_ratio: 0.2945595979690552
Iteration 1700, S: 249.75247192382812, S_ratio: 0.2961990535259247
Iteration 1710, S: 44.822513580322266, S_ratio: 0.28207656741142273
Iteration 1720, S: 100.87224578857422, S_ratio: 0.28671279549598694
Iteration 1730, S: 149.70263671875, S_ratio: 0.2406318336725235
Iteration 1740, S: 138.72840881347656, S_ratio: 0.2918672263622284
Iteration 1750, S: 27.252941131591797, S_ratio: 0.17624832689762115
Iteration 1760, S: 291.7916259765625, S_ratio: 0.3296159505844116
Iteration 1770, S: 282.0241394042969, S_ratio: 0.34085196256637573
Iteration 1780, S: 137.789794921875, S_ratio: 0.2937450110912323
Iteration 1790, S: 145.75648498535156, S_ratio: 0.2802518904209137
Iteration 1800, S: 104.0682373046875, S_ratio: 0.31486350297927856
Iteration 1810, S: 235.84210205078125, S_ratio: 0.31204429268836975
Iteration 1820, S: 132.82872009277344, S_ratio: 0.2511920928955078
Iteration 1830, S: 201.0471649169922, S_ratio: 0.2501145899295807
Iteration 1840, S: 161.66018676757812, S_ratio: 0.29118743538856506
Iteration 1850, S: 193.77528381347656, S_ratio: 0.2843618094921112
Iteration 1860, S: 219.6702423095703, S_ratio: 0.3119235336780548
Iteration 1870, S: 287.58123779296875, S_ratio: 0.3001609146595001
Iteration 1880, S: 189.93174743652344, S_ratio: 0.31379950046539307
Iteration 1890, S: 222.72259521484375, S_ratio: 0.29150551557540894
Iteration 1900, S: 242.1559295654297, S_ratio: 0.291053831577301
Iteration 1910, S: 142.61599731445312, S_ratio: 0.26884740591049194
Iteration 1920, S: 113.76720428466797, S_ratio: 0.3632546663284302
Iteration 1930, S: 157.5623321533203, S_ratio: 0.2781035304069519
Iteration 1940, S: 371.03070068359375, S_ratio: 0.29453685879707336
Iteration 1950, S: 201.84933471679688, S_ratio: 0.28856539726257324
Iteration 1960, S: 146.16673278808594, S_ratio: 0.26320382952690125
Iteration 1970, S: 165.2177734375, S_ratio: 0.34309807419776917
Iteration 1980, S: 91.49052429199219, S_ratio: 0.22298575937747955
Iteration 1990, S: 243.67689514160156, S_ratio: 0.3050753176212311
Iteration 2000, S: 169.7977294921875, S_ratio: 0.3264276087284088
Iteration 2010, S: 171.93411254882812, S_ratio: 0.3677942156791687
Iteration 2020, S: 393.4880065917969, S_ratio: 0.31172657012939453
Iteration 2030, S: 35.26644515991211, S_ratio: 0.1732560247182846
Iteration 2040, S: 209.39599609375, S_ratio: 0.2637214660644531
Iteration 2050, S: 54.24543380737305, S_ratio: 0.3283638656139374
Iteration 2060, S: 210.7143096923828, S_ratio: 0.2632519602775574
Iteration 2070, S: 137.6153564453125, S_ratio: 0.30459797382354736
Iteration 2080, S: 241.74533081054688, S_ratio: 0.2619447112083435
Iteration 2090, S: 179.86334228515625, S_ratio: 0.31962305307388306
Iteration 2100, S: 298.3983459472656, S_ratio: 0.25966909527778625
Iteration 2110, S: 165.71653747558594, S_ratio: 0.268722802400589
Iteration 2120, S: 225.32827758789062, S_ratio: 0.30388566851615906
Iteration 2130, S: 14.448134422302246, S_ratio: 0.11615774035453796
Iteration 2140, S: 234.94476318359375, S_ratio: 0.327018678188324
Iteration 2150, S: 234.48944091796875, S_ratio: 0.2809581458568573
Iteration 2160, S: 277.57720947265625, S_ratio: 0.2687000632286072
Iteration 2170, S: 56.11806106567383, S_ratio: 0.23947401344776154
Iteration 2180, S: 286.23486328125, S_ratio: 0.2823925316333771
Iteration 2190, S: 199.13479614257812, S_ratio: 0.3058948814868927
Iteration 2200, S: 263.6882019042969, S_ratio: 0.28519004583358765
Iteration 2210, S: 247.96624755859375, S_ratio: 0.3186321258544922
Iteration 2220, S: 70.72305297851562, S_ratio: 0.2974626123905182
Iteration 2230, S: 163.78726196289062, S_ratio: 0.2787281572818756
Iteration 2240, S: 130.20164489746094, S_ratio: 0.26628103852272034
Iteration 2250, S: 135.3014678955078, S_ratio: 0.21825699508190155
Iteration 2260, S: 100.56419372558594, S_ratio: 0.22838281095027924
Iteration 2270, S: 100.67072296142578, S_ratio: 0.18359524011611938
Iteration 2280, S: 59.349666595458984, S_ratio: 0.338676393032074
Iteration 2290, S: 85.02247619628906, S_ratio: 0.238744854927063
Iteration 2300, S: 254.986328125, S_ratio: 0.2599954903125763
Iteration 2310, S: 168.04066467285156, S_ratio: 0.27393966913223267
Iteration 2320, S: 144.3310089111328, S_ratio: 0.33782821893692017
Iteration 2330, S: 69.18885803222656, S_ratio: 0.20812742412090302
Iteration 2340, S: 248.3181610107422, S_ratio: 0.2384488880634308
Iteration 2350, S: 113.73514556884766, S_ratio: 0.23426802456378937
Iteration 2360, S: 320.2300720214844, S_ratio: 0.2982369065284729
Iteration 2370, S: 149.5880889892578, S_ratio: 0.2623177766799927
Iteration 2380, S: 164.5036163330078, S_ratio: 0.3341880738735199
Iteration 2390, S: 117.27047729492188, S_ratio: 0.22787293791770935
Iteration 2400, S: 360.6600036621094, S_ratio: 0.2925247251987457
Iteration 2410, S: 180.00592041015625, S_ratio: 0.2597690522670746
Iteration 2420, S: 73.53712463378906, S_ratio: 0.21876484155654907
Iteration 2430, S: 76.25921630859375, S_ratio: 0.20681478083133698
Iteration 2440, S: 70.06861877441406, S_ratio: 0.3184807002544403
Iteration 2450, S: 159.56578063964844, S_ratio: 0.292696475982666
Iteration 2460, S: 350.26715087890625, S_ratio: 0.2894361615180969
Iteration 2470, S: 144.71170043945312, S_ratio: 0.23219327628612518
Iteration 2480, S: 209.81732177734375, S_ratio: 0.26497265696525574
Iteration 2490, S: 184.21548461914062, S_ratio: 0.2680998146533966
Iteration 2500, S: 64.66045379638672, S_ratio: 0.2152576893568039
Iteration 2510, S: 132.0029754638672, S_ratio: 0.2364027202129364
Iteration 2520, S: 42.80469512939453, S_ratio: 0.18559585511684418
Iteration 2530, S: 174.78640747070312, S_ratio: 0.2794956862926483
Iteration 2540, S: 187.86595153808594, S_ratio: 0.2594490051269531
Iteration 2550, S: 275.6711120605469, S_ratio: 0.28051435947418213
Iteration 2560, S: 151.64231872558594, S_ratio: 0.2567381262779236
Iteration 2570, S: 340.5654296875, S_ratio: 0.3041784167289734
Iteration 2580, S: 181.9578094482422, S_ratio: 0.3039786219596863
Iteration 2590, S: 117.98033905029297, S_ratio: 0.2025761902332306
Iteration 2600, S: 197.33255004882812, S_ratio: 0.2638733983039856
Iteration 2610, S: 174.50167846679688, S_ratio: 0.2748773396015167
Iteration 2620, S: 172.19322204589844, S_ratio: 0.2745818793773651
Iteration 2630, S: 250.57589721679688, S_ratio: 0.2876468002796173
Iteration 2640, S: 283.3082580566406, S_ratio: 0.33699753880500793
Iteration 2650, S: 129.17298889160156, S_ratio: 0.27238884568214417
Iteration 2660, S: 135.62567138671875, S_ratio: 0.25230279564857483
Iteration 2670, S: 320.2200927734375, S_ratio: 0.2900228500366211
Iteration 2680, S: 40.76665496826172, S_ratio: 0.23197196424007416
Iteration 2690, S: 390.4656982421875, S_ratio: 0.28579968214035034
Iteration 2700, S: 295.26568603515625, S_ratio: 0.2948542535305023
Iteration 2710, S: 161.50575256347656, S_ratio: 0.24020150303840637
Iteration 2720, S: 216.14007568359375, S_ratio: 0.31007298827171326
Iteration 2730, S: 222.38987731933594, S_ratio: 0.23820547759532928
Iteration 2740, S: 218.14920043945312, S_ratio: 0.2782962918281555
Iteration 2750, S: 168.5767364501953, S_ratio: 0.29407575726509094
Iteration 2760, S: 151.29409790039062, S_ratio: 0.3322388827800751
Iteration 2770, S: 237.29408264160156, S_ratio: 0.2729853689670563
Iteration 2780, S: 182.68458557128906, S_ratio: 0.2739458978176117
Iteration 2790, S: 224.07485961914062, S_ratio: 0.2675832509994507
Iteration 2800, S: 219.2802734375, S_ratio: 0.23245437443256378
Iteration 2810, S: 235.344482421875, S_ratio: 0.2608781158924103
Iteration 2820, S: 71.65265655517578, S_ratio: 0.2512845993041992
Iteration 2830, S: 209.1613006591797, S_ratio: 0.28337013721466064
Iteration 2840, S: 224.2039337158203, S_ratio: 0.25326985120773315
Iteration 2850, S: 54.67683029174805, S_ratio: 0.20873311161994934
Iteration 2860, S: 58.00328826904297, S_ratio: 0.22917786240577698
Iteration 2870, S: 265.081787109375, S_ratio: 0.282524049282074
Iteration 2880, S: 233.10704040527344, S_ratio: 0.2754617929458618
Iteration 2890, S: 97.98912048339844, S_ratio: 0.24081891775131226
Iteration 2900, S: 157.60113525390625, S_ratio: 0.26905184984207153
Iteration 2910, S: 212.91326904296875, S_ratio: 0.2738761603832245
Iteration 2920, S: 157.8739013671875, S_ratio: 0.30053314566612244
Iteration 2930, S: 78.95673370361328, S_ratio: 0.23289509117603302
Iteration 2940, S: 393.0297546386719, S_ratio: 0.27982035279273987
Iteration 2950, S: 181.076171875, S_ratio: 0.28906187415122986
Iteration 2960, S: 108.96562194824219, S_ratio: 0.25055021047592163
Iteration 2970, S: 242.60379028320312, S_ratio: 0.2777637839317322
Iteration 2980, S: 164.720947265625, S_ratio: 0.29438063502311707
Iteration 2990, S: 242.5117645263672, S_ratio: 0.2681271433830261
Iteration 3000, S: 217.48712158203125, S_ratio: 0.23723241686820984
Iteration 3010, S: 43.17327117919922, S_ratio: 0.1748059242963791
Iteration 3020, S: 105.19884490966797, S_ratio: 0.2318960726261139
Iteration 3030, S: 71.88056945800781, S_ratio: 0.28298419713974
Iteration 3040, S: 168.61671447753906, S_ratio: 0.2688649594783783
Iteration 3050, S: 358.65460205078125, S_ratio: 0.242237851023674
Iteration 3060, S: 254.54270935058594, S_ratio: 0.2674698531627655
Iteration 3070, S: 184.06558227539062, S_ratio: 0.26238733530044556
Iteration 3080, S: 138.3347625732422, S_ratio: 0.27661556005477905
Iteration 3090, S: 199.3381805419922, S_ratio: 0.3142865002155304
Iteration 3100, S: 74.99124908447266, S_ratio: 0.23865118622779846
Iteration 3110, S: 123.63551330566406, S_ratio: 0.30277135968208313
Iteration 3120, S: 66.96038818359375, S_ratio: 0.19210518896579742
Iteration 3130, S: 391.39984130859375, S_ratio: 0.2946398854255676
Iteration 3140, S: 232.94281005859375, S_ratio: 0.24038977921009064
Iteration 3150, S: 295.68621826171875, S_ratio: 0.26500260829925537
Iteration 3160, S: 129.9667205810547, S_ratio: 0.24520976841449738
Iteration 3170, S: 104.98287200927734, S_ratio: 0.21759353578090668
Iteration 3180, S: 135.44049072265625, S_ratio: 0.2665436267852783
Iteration 3190, S: 62.934715270996094, S_ratio: 0.23172572255134583
Iteration 3200, S: 225.35418701171875, S_ratio: 0.27923640608787537
Iteration 3210, S: 140.36422729492188, S_ratio: 0.2438400238752365
Iteration 3220, S: 237.02052307128906, S_ratio: 0.3069179356098175
Iteration 3230, S: 115.67710876464844, S_ratio: 0.2406373769044876
Iteration 3240, S: 125.57218170166016, S_ratio: 0.197622150182724
Iteration 3250, S: 120.37065124511719, S_ratio: 0.2884785532951355
Iteration 3260, S: 172.33010864257812, S_ratio: 0.2546743154525757
Iteration 3270, S: 167.77821350097656, S_ratio: 0.2924681305885315
Iteration 3280, S: 89.29730224609375, S_ratio: 0.24547874927520752
Iteration 3290, S: 280.2371826171875, S_ratio: 0.3069251477718353
Iteration 3300, S: 194.12936401367188, S_ratio: 0.27825215458869934
Iteration 3310, S: 463.3817138671875, S_ratio: 0.30054324865341187
Iteration 3320, S: 271.1532897949219, S_ratio: 0.2992335557937622
Iteration 3330, S: 398.83721923828125, S_ratio: 0.2817574441432953
Iteration 3340, S: 385.9331970214844, S_ratio: 0.28477656841278076
Iteration 3350, S: 170.15869140625, S_ratio: 0.3002765476703644
Iteration 3360, S: 198.40870666503906, S_ratio: 0.2809324562549591
Iteration 3370, S: 195.4514923095703, S_ratio: 0.2546009123325348
Iteration 3380, S: 246.1953582763672, S_ratio: 0.2626025378704071
Iteration 3390, S: 265.81298828125, S_ratio: 0.2826363444328308
Iteration 3400, S: 85.04520416259766, S_ratio: 0.23160602152347565
Iteration 3410, S: 126.8186264038086, S_ratio: 0.25429579615592957
Iteration 3420, S: 200.04934692382812, S_ratio: 0.2582487463951111
Iteration 3430, S: 161.537109375, S_ratio: 0.26012495160102844
Iteration 3440, S: 273.6861572265625, S_ratio: 0.2836199402809143
Iteration 3450, S: 205.81033325195312, S_ratio: 0.29003608226776123
Iteration 3460, S: 273.4674987792969, S_ratio: 0.27750298380851746
Iteration 3470, S: 205.2389373779297, S_ratio: 0.25868967175483704
Iteration 3480, S: 153.0661163330078, S_ratio: 0.264253705739975
Iteration 3490, S: 82.35013580322266, S_ratio: 0.2539527714252472
Iteration 3500, S: 425.2112121582031, S_ratio: 0.3009004294872284
Iteration 3510, S: 116.9608383178711, S_ratio: 0.29135826230049133
Iteration 3520, S: 187.14329528808594, S_ratio: 0.28264743089675903
Iteration 3530, S: 186.46905517578125, S_ratio: 0.26321354508399963
Iteration 3540, S: 282.10894775390625, S_ratio: 0.264564573764801
Iteration 3550, S: 267.5277404785156, S_ratio: 0.27762341499328613
Iteration 3560, S: 142.73031616210938, S_ratio: 0.264211505651474
Iteration 3570, S: 334.2967529296875, S_ratio: 0.28854337334632874
Iteration 3580, S: 321.0682067871094, S_ratio: 0.3137505352497101
Iteration 3590, S: 93.64134216308594, S_ratio: 0.2597188949584961
Iteration 3600, S: 103.7189712524414, S_ratio: 0.262101411819458
Iteration 3610, S: 444.6053771972656, S_ratio: 0.3070411682128906
Iteration 3620, S: 114.91706848144531, S_ratio: 0.2223978042602539
Iteration 3630, S: 140.04954528808594, S_ratio: 0.2963588237762451
Iteration 3640, S: 218.55157470703125, S_ratio: 0.2758062481880188
Iteration 3650, S: 75.7878189086914, S_ratio: 0.20593224465847015
Iteration 3660, S: 174.78189086914062, S_ratio: 0.25512176752090454
Iteration 3670, S: 168.7506866455078, S_ratio: 0.2904491424560547
Iteration 3680, S: 236.57711791992188, S_ratio: 0.2842198610305786
Iteration 3690, S: 309.3315734863281, S_ratio: 0.28320884704589844
Iteration 3700, S: 388.9403076171875, S_ratio: 0.28547751903533936
Iteration 3710, S: 133.44395446777344, S_ratio: 0.2666982114315033
Iteration 3720, S: 168.37977600097656, S_ratio: 0.280956506729126
Iteration 3730, S: 80.29471588134766, S_ratio: 0.216310054063797
Iteration 3740, S: 233.142578125, S_ratio: 0.2674105167388916
Iteration 3750, S: 254.49285888671875, S_ratio: 0.24221542477607727
Iteration 3760, S: 212.3898162841797, S_ratio: 0.26620638370513916
Iteration 3770, S: 246.3582000732422, S_ratio: 0.26348692178726196
Iteration 3780, S: 212.27987670898438, S_ratio: 0.28944841027259827
Iteration 3790, S: 109.87975311279297, S_ratio: 0.26859796047210693
Iteration 3800, S: 195.28817749023438, S_ratio: 0.30054178833961487
Iteration 3810, S: 135.11328125, S_ratio: 0.27962619066238403
Iteration 3820, S: 122.48780822753906, S_ratio: 0.25625723600387573
Iteration 3830, S: 167.11468505859375, S_ratio: 0.2423572689294815
Iteration 3840, S: 303.5114440917969, S_ratio: 0.29644981026649475
Iteration 3850, S: 147.47531127929688, S_ratio: 0.26643213629722595
Iteration 3860, S: 135.97610473632812, S_ratio: 0.23455198109149933
Iteration 3870, S: 473.3072509765625, S_ratio: 0.2948254644870758
Iteration 3880, S: 306.1634826660156, S_ratio: 0.29197821021080017
Iteration 3890, S: 115.90713500976562, S_ratio: 0.2786378264427185
Iteration 3900, S: 199.96890258789062, S_ratio: 0.23890180885791779
Iteration 3910, S: 108.43795776367188, S_ratio: 0.2789178192615509
Iteration 3920, S: 267.2033996582031, S_ratio: 0.2762601971626282
Iteration 3930, S: 222.75059509277344, S_ratio: 0.26461711525917053
Iteration 3940, S: 255.78233337402344, S_ratio: 0.2818339765071869
Iteration 3950, S: 174.81109619140625, S_ratio: 0.2791268825531006
Iteration 3960, S: 146.30397033691406, S_ratio: 0.24297001957893372
Iteration 3970, S: 68.12332153320312, S_ratio: 0.2107315957546234
Iteration 3980, S: 317.33404541015625, S_ratio: 0.2961052656173706
Iteration 3990, S: 82.12403106689453, S_ratio: 0.21857072412967682
Iteration 4000, S: 93.62360382080078, S_ratio: 0.23945918679237366
Iteration 4010, S: 178.97900390625, S_ratio: 0.30542826652526855
Iteration 4020, S: 342.3211364746094, S_ratio: 0.2889701724052429
Iteration 4030, S: 472.320068359375, S_ratio: 0.3101910948753357
Iteration 4040, S: 179.9134063720703, S_ratio: 0.2610899806022644
Iteration 4050, S: 192.67828369140625, S_ratio: 0.2679806649684906
Iteration 4060, S: 296.29168701171875, S_ratio: 0.2826648950576782
Iteration 4070, S: 244.2295379638672, S_ratio: 0.2988656163215637
Iteration 4080, S: 68.39143371582031, S_ratio: 0.28279218077659607
Iteration 4090, S: 189.31480407714844, S_ratio: 0.2696339190006256
Iteration 4100, S: 217.98336791992188, S_ratio: 0.2702299654483795
Iteration 4110, S: 207.97439575195312, S_ratio: 0.2570129334926605
Iteration 4120, S: 161.65672302246094, S_ratio: 0.27082839608192444
Iteration 4130, S: 304.83233642578125, S_ratio: 0.30148789286613464
Iteration 4140, S: 219.58531188964844, S_ratio: 0.26906895637512207
Iteration 4150, S: 456.4949951171875, S_ratio: 0.30537137389183044
Iteration 4160, S: 123.54729461669922, S_ratio: 0.23377712070941925
Iteration 4170, S: 159.3486328125, S_ratio: 0.28866490721702576
Iteration 4180, S: 139.5259246826172, S_ratio: 0.231502503156662
Iteration 4190, S: 143.011962890625, S_ratio: 0.23749174177646637
Iteration 4200, S: 73.34823608398438, S_ratio: 0.24807879328727722
Iteration 4210, S: 148.3865203857422, S_ratio: 0.2577395737171173
Iteration 4220, S: 242.2579803466797, S_ratio: 0.25471141934394836
Iteration 4230, S: 151.43936157226562, S_ratio: 0.3030151128768921
Iteration 4240, S: 83.22710418701172, S_ratio: 0.23062047362327576
Iteration 4250, S: 258.02874755859375, S_ratio: 0.2841620147228241
Iteration 4260, S: 131.2764129638672, S_ratio: 0.2232876420021057
Iteration 4270, S: 206.4010467529297, S_ratio: 0.26695767045021057
Iteration 4280, S: 142.15443420410156, S_ratio: 0.21892638504505157
Iteration 4290, S: 314.1047668457031, S_ratio: 0.2928989827632904
Iteration 4300, S: 503.7312927246094, S_ratio: 0.2857072353363037
Iteration 4310, S: 297.2982482910156, S_ratio: 0.29340341687202454
Iteration 4320, S: 110.61223602294922, S_ratio: 0.24334952235221863
Iteration 4330, S: 214.29751586914062, S_ratio: 0.26862984895706177
Iteration 4340, S: 260.0928039550781, S_ratio: 0.29790496826171875
Iteration 4350, S: 445.1830749511719, S_ratio: 0.3019798696041107
Iteration 4360, S: 382.3821105957031, S_ratio: 0.31358376145362854
Iteration 4370, S: 127.0434799194336, S_ratio: 0.26464536786079407
Iteration 4380, S: 140.47178649902344, S_ratio: 0.25550785660743713
Iteration 4390, S: 209.35202026367188, S_ratio: 0.29778531193733215
Iteration 4400, S: 144.44532775878906, S_ratio: 0.2778775095939636
Iteration 4410, S: 179.54534912109375, S_ratio: 0.2866781949996948
Iteration 4420, S: 322.0704040527344, S_ratio: 0.2815686762332916
Iteration 4430, S: 330.2400817871094, S_ratio: 0.32645586133003235
Iteration 4440, S: 169.3596649169922, S_ratio: 0.29135122895240784
Iteration 4450, S: 156.68728637695312, S_ratio: 0.2928682565689087
Iteration 4460, S: 163.07447814941406, S_ratio: 0.2765628397464752
Iteration 4470, S: 105.04244995117188, S_ratio: 0.27933070063591003
Iteration 4480, S: 297.5003662109375, S_ratio: 0.2627127170562744
Iteration 4490, S: 238.8955841064453, S_ratio: 0.2678445875644684
Iteration 4500, S: 209.42587280273438, S_ratio: 0.29200851917266846
Iteration 4510, S: 198.94740295410156, S_ratio: 0.25710180401802063
Iteration 4520, S: 132.61195373535156, S_ratio: 0.23837155103683472
Iteration 4530, S: 192.09852600097656, S_ratio: 0.2827536165714264
Iteration 4540, S: 455.4557800292969, S_ratio: 0.2953835427761078
Iteration 4550, S: 187.6384735107422, S_ratio: 0.2759782671928406
Iteration 4560, S: 117.71638488769531, S_ratio: 0.26838764548301697
Iteration 4570, S: 254.84510803222656, S_ratio: 0.28927621245384216
Iteration 4580, S: 131.7674560546875, S_ratio: 0.2370346337556839
Iteration 4590, S: 211.4025115966797, S_ratio: 0.28719693422317505
Iteration 4600, S: 264.2784729003906, S_ratio: 0.2819068133831024
Iteration 4610, S: 247.0487060546875, S_ratio: 0.2596202790737152
Iteration 4620, S: 233.22946166992188, S_ratio: 0.27736395597457886
Iteration 4630, S: 319.6829528808594, S_ratio: 0.3163892924785614
Iteration 4640, S: 120.82340240478516, S_ratio: 0.22596727311611176
Iteration 4650, S: 86.14533233642578, S_ratio: 0.24570660293102264
Iteration 4660, S: 178.93527221679688, S_ratio: 0.314396470785141
Iteration 4670, S: 312.24725341796875, S_ratio: 0.26389750838279724
Iteration 4680, S: 313.32080078125, S_ratio: 0.2823714315891266
Iteration 4690, S: 131.02114868164062, S_ratio: 0.2566981315612793
Iteration 4700, S: 330.8771057128906, S_ratio: 0.29079100489616394
Iteration 4710, S: 357.3929748535156, S_ratio: 0.28276386857032776
Iteration 4720, S: 328.0390930175781, S_ratio: 0.31633955240249634
Iteration 4730, S: 138.38629150390625, S_ratio: 0.25881874561309814
Iteration 4740, S: 157.70199584960938, S_ratio: 0.27950194478034973
Iteration 4750, S: 322.8548583984375, S_ratio: 0.2780463993549347
Iteration 4760, S: 401.5998229980469, S_ratio: 0.3032854199409485
Iteration 4770, S: 141.39453125, S_ratio: 0.2972037196159363
Iteration 4780, S: 205.44895935058594, S_ratio: 0.2880116105079651
Iteration 4790, S: 206.679443359375, S_ratio: 0.3094692826271057
Iteration 4800, S: 244.9311065673828, S_ratio: 0.2991558313369751
Iteration 4810, S: 196.4048614501953, S_ratio: 0.27043548226356506
Iteration 4820, S: 299.0752258300781, S_ratio: 0.3034535348415375
Iteration 4830, S: 225.36866760253906, S_ratio: 0.26028329133987427
Iteration 4840, S: 79.18670654296875, S_ratio: 0.2238519936800003
Iteration 4850, S: 131.65939331054688, S_ratio: 0.26717522740364075
Iteration 4860, S: 52.24421691894531, S_ratio: 0.22180572152137756
Iteration 4870, S: 160.7150421142578, S_ratio: 0.30379852652549744
Iteration 4880, S: 36.503204345703125, S_ratio: 0.1953306943178177
Iteration 4890, S: 222.26480102539062, S_ratio: 0.264905720949173
Iteration 4900, S: 151.2760467529297, S_ratio: 0.2847847640514374
Iteration 4910, S: 315.629638671875, S_ratio: 0.29319238662719727
Iteration 4920, S: 494.7465515136719, S_ratio: 0.30327799916267395
Iteration 4930, S: 193.57814025878906, S_ratio: 0.29808497428894043
Iteration 4940, S: 289.0063171386719, S_ratio: 0.280682772397995
Iteration 4950, S: 344.50714111328125, S_ratio: 0.28481122851371765
Iteration 4960, S: 118.68335723876953, S_ratio: 0.22852903604507446
Iteration 4970, S: 207.1238555908203, S_ratio: 0.2851628363132477
Iteration 4980, S: 297.21466064453125, S_ratio: 0.28815436363220215
Iteration 4990, S: 140.2632293701172, S_ratio: 0.26134273409843445
Iteration 5000, S: 276.70269775390625, S_ratio: 0.3045535087585449
Iteration 5010, S: 244.5605010986328, S_ratio: 0.2759251296520233
Iteration 5020, S: 160.1741180419922, S_ratio: 0.26834210753440857
Iteration 5030, S: 83.71427917480469, S_ratio: 0.231099471449852
Iteration 5040, S: 107.51468658447266, S_ratio: 0.285734623670578
Iteration 5050, S: 402.3080139160156, S_ratio: 0.297207236289978
Iteration 5060, S: 163.503662109375, S_ratio: 0.24099794030189514
Iteration 5070, S: 104.36233520507812, S_ratio: 0.2328982800245285
Iteration 5080, S: 119.12103271484375, S_ratio: 0.25861433148384094
Iteration 5090, S: 266.23883056640625, S_ratio: 0.2928031086921692
Iteration 5100, S: 137.31887817382812, S_ratio: 0.26159510016441345
Iteration 5110, S: 159.9854278564453, S_ratio: 0.23149454593658447
Iteration 5120, S: 203.3074188232422, S_ratio: 0.2872457802295685
Iteration 5130, S: 200.93247985839844, S_ratio: 0.26608404517173767
Iteration 5140, S: 182.38018798828125, S_ratio: 0.2697506844997406
Iteration 5150, S: 141.62791442871094, S_ratio: 0.2592511773109436
Iteration 5160, S: 135.59909057617188, S_ratio: 0.2991904020309448
Iteration 5170, S: 150.4546356201172, S_ratio: 0.2644135355949402
Iteration 5180, S: 334.2146911621094, S_ratio: 0.30813920497894287
Iteration 5190, S: 81.88792419433594, S_ratio: 0.23879514634609222
Iteration 5200, S: 158.2055206298828, S_ratio: 0.26049497723579407
Iteration 5210, S: 103.53639221191406, S_ratio: 0.25079965591430664
Iteration 5220, S: 253.6259765625, S_ratio: 0.2994069755077362
Iteration 5230, S: 290.5912170410156, S_ratio: 0.27644088864326477
Iteration 5240, S: 278.28179931640625, S_ratio: 0.29910939931869507
Iteration 5250, S: 148.02072143554688, S_ratio: 0.2763057053089142
Iteration 5260, S: 138.2306365966797, S_ratio: 0.279399037361145
Iteration 5270, S: 455.22998046875, S_ratio: 0.30507034063339233
Iteration 5280, S: 237.19937133789062, S_ratio: 0.27310776710510254
Iteration 5290, S: 160.3761749267578, S_ratio: 0.2958871126174927
Iteration 5300, S: 81.12480163574219, S_ratio: 0.22994013130664825
Iteration 5310, S: 95.5859146118164, S_ratio: 0.24286280572414398
Iteration 5320, S: 324.0010681152344, S_ratio: 0.27554261684417725
Iteration 5330, S: 154.66416931152344, S_ratio: 0.2295031100511551
Iteration 5340, S: 202.91607666015625, S_ratio: 0.2910928726196289
Iteration 5350, S: 146.65858459472656, S_ratio: 0.268377423286438
Iteration 5360, S: 271.6849060058594, S_ratio: 0.28591564297676086
Iteration 5370, S: 235.27317810058594, S_ratio: 0.2889248728752136
Iteration 5380, S: 132.16653442382812, S_ratio: 0.27416127920150757
Iteration 5390, S: 375.9129638671875, S_ratio: 0.30085545778274536
Iteration 5400, S: 377.3690490722656, S_ratio: 0.298382043838501
Iteration 5410, S: 141.37451171875, S_ratio: 0.28397032618522644
Iteration 5420, S: 396.0210876464844, S_ratio: 0.29004406929016113
Iteration 5430, S: 150.61257934570312, S_ratio: 0.26742273569107056
Iteration 5440, S: 120.37773132324219, S_ratio: 0.27989086508750916
Iteration 5450, S: 135.68760681152344, S_ratio: 0.27004069089889526
Iteration 5460, S: 246.645751953125, S_ratio: 0.31449782848358154
Iteration 5470, S: 137.58282470703125, S_ratio: 0.2589900493621826
Iteration 5480, S: 361.9227294921875, S_ratio: 0.2948612868785858
Iteration 5490, S: 256.50408935546875, S_ratio: 0.30720943212509155
Iteration 5500, S: 188.25498962402344, S_ratio: 0.23443327844142914
Iteration 5510, S: 170.43988037109375, S_ratio: 0.27634909749031067
Iteration 5520, S: 437.01580810546875, S_ratio: 0.29926666617393494
Iteration 5530, S: 367.2284240722656, S_ratio: 0.3023938834667206
Iteration 5540, S: 146.07595825195312, S_ratio: 0.2792172133922577
Iteration 5550, S: 145.43817138671875, S_ratio: 0.27435240149497986
Iteration 5560, S: 122.3105239868164, S_ratio: 0.3268410563468933
Iteration 5570, S: 99.03202819824219, S_ratio: 0.22674541175365448
Iteration 5580, S: 258.6851806640625, S_ratio: 0.25637397170066833
Iteration 5590, S: 144.94290161132812, S_ratio: 0.291218101978302
Iteration 5600, S: 143.6771697998047, S_ratio: 0.2550879418849945
Iteration 5610, S: 164.17982482910156, S_ratio: 0.28156164288520813
Iteration 5620, S: 300.7547912597656, S_ratio: 0.31135231256484985
Iteration 5630, S: 276.1627197265625, S_ratio: 0.29422447085380554
Iteration 5640, S: 84.83187103271484, S_ratio: 0.22810524702072144
Iteration 5650, S: 158.8881378173828, S_ratio: 0.30873826146125793
Iteration 5660, S: 180.5780487060547, S_ratio: 0.2918790876865387
Iteration 5670, S: 147.38330078125, S_ratio: 0.27875247597694397
Iteration 5680, S: 285.6946105957031, S_ratio: 0.28415733575820923
Iteration 5690, S: 250.4989471435547, S_ratio: 0.27063313126564026
Iteration 5700, S: 295.8276672363281, S_ratio: 0.26724833250045776
Iteration 5710, S: 265.25408935546875, S_ratio: 0.27900615334510803
Iteration 5720, S: 138.2104034423828, S_ratio: 0.2546616792678833
Iteration 5730, S: 171.5876922607422, S_ratio: 0.2993772029876709
Iteration 5740, S: 397.83612060546875, S_ratio: 0.2844119966030121
Iteration 5750, S: 162.15432739257812, S_ratio: 0.2698155343532562
Iteration 5760, S: 138.5675506591797, S_ratio: 0.25618454813957214
Iteration 5770, S: 172.92398071289062, S_ratio: 0.3167421817779541
Iteration 5780, S: 316.16082763671875, S_ratio: 0.29980263113975525
Iteration 5790, S: 213.06463623046875, S_ratio: 0.2945927679538727
Iteration 5800, S: 222.05287170410156, S_ratio: 0.268876850605011
Iteration 5810, S: 269.0816345214844, S_ratio: 0.28375136852264404
Iteration 5820, S: 184.06640625, S_ratio: 0.28438273072242737
Iteration 5830, S: 144.08509826660156, S_ratio: 0.3272857666015625
Iteration 5840, S: 211.67147827148438, S_ratio: 0.29570910334587097
Iteration 5850, S: 209.1882781982422, S_ratio: 0.27260181307792664
Iteration 5860, S: 177.22755432128906, S_ratio: 0.28748124837875366
Iteration 5870, S: 231.21202087402344, S_ratio: 0.24684812128543854
Iteration 5880, S: 274.19287109375, S_ratio: 0.3003060817718506
Iteration 5890, S: 157.32073974609375, S_ratio: 0.2535495460033417
Iteration 5900, S: 149.50802612304688, S_ratio: 0.27338722348213196
Iteration 5910, S: 160.0836181640625, S_ratio: 0.25566646456718445
Iteration 5920, S: 164.9926300048828, S_ratio: 0.2501765787601471
Iteration 5930, S: 51.49470520019531, S_ratio: 0.17646197974681854
Iteration 5940, S: 125.24662017822266, S_ratio: 0.2381199598312378
Iteration 5950, S: 228.4056854248047, S_ratio: 0.2759253978729248
Iteration 5960, S: 83.05518341064453, S_ratio: 0.30884993076324463
Iteration 5970, S: 389.7696838378906, S_ratio: 0.3071112632751465
Iteration 5980, S: 234.03756713867188, S_ratio: 0.29594311118125916
Iteration 5990, S: 88.50981140136719, S_ratio: 0.21807415783405304
Iteration 6000, S: 201.07156372070312, S_ratio: 0.27634185552597046
Iteration 6010, S: 186.41204833984375, S_ratio: 0.28564995527267456
Iteration 6020, S: 178.0344696044922, S_ratio: 0.2933407723903656
Iteration 6030, S: 356.62335205078125, S_ratio: 0.3013796806335449
Iteration 6040, S: 136.53369140625, S_ratio: 0.2548619508743286
Iteration 6050, S: 283.4860534667969, S_ratio: 0.27413949370384216
Iteration 6060, S: 150.51890563964844, S_ratio: 0.2593362033367157
Iteration 6070, S: 212.3616485595703, S_ratio: 0.2723426818847656
Iteration 6080, S: 79.69584655761719, S_ratio: 0.24664007127285004
Iteration 6090, S: 308.4649658203125, S_ratio: 0.2705197036266327
Iteration 6100, S: 272.953125, S_ratio: 0.2985513210296631
Iteration 6110, S: 316.5071105957031, S_ratio: 0.299151211977005
Iteration 6120, S: 132.25640869140625, S_ratio: 0.24179361760616302
Iteration 6130, S: 164.12893676757812, S_ratio: 0.27904877066612244
Iteration 6140, S: 185.86349487304688, S_ratio: 0.27429327368736267
Iteration 6150, S: 177.06195068359375, S_ratio: 0.28037288784980774
Iteration 6160, S: 418.9001770019531, S_ratio: 0.30055415630340576
Iteration 6170, S: 384.00311279296875, S_ratio: 0.31788361072540283
Iteration 6180, S: 103.02714538574219, S_ratio: 0.2599026560783386
Iteration 6190, S: 227.57717895507812, S_ratio: 0.2734237611293793
Iteration 6200, S: 176.47781372070312, S_ratio: 0.2881046235561371
Iteration 6210, S: 214.63534545898438, S_ratio: 0.2994009554386139
Iteration 6220, S: 337.5748291015625, S_ratio: 0.27569183707237244
Iteration 6230, S: 266.7737731933594, S_ratio: 0.26349306106567383
Iteration 6240, S: 305.90264892578125, S_ratio: 0.2771299481391907
Iteration 6250, S: 109.9979476928711, S_ratio: 0.2664247453212738
Iteration 6260, S: 86.64743041992188, S_ratio: 0.24554193019866943
Iteration 6270, S: 87.83374786376953, S_ratio: 0.24956606328487396
Iteration 6280, S: 265.3407287597656, S_ratio: 0.3135700225830078
Iteration 6290, S: 123.83091735839844, S_ratio: 0.2306913286447525
Iteration 6300, S: 86.78003692626953, S_ratio: 0.23950926959514618
Iteration 6310, S: 250.32501220703125, S_ratio: 0.30419808626174927
Iteration 6320, S: 150.80328369140625, S_ratio: 0.2705419361591339
Iteration 6330, S: 143.50421142578125, S_ratio: 0.2601095139980316
Iteration 6340, S: 104.96125793457031, S_ratio: 0.26792675256729126
Iteration 6350, S: 127.21587371826172, S_ratio: 0.24482759833335876
Iteration 6360, S: 199.07760620117188, S_ratio: 0.29901549220085144
Iteration 6370, S: 182.9611358642578, S_ratio: 0.2499091625213623
Iteration 6380, S: 162.7609405517578, S_ratio: 0.2758541405200958
Iteration 6390, S: 217.4121856689453, S_ratio: 0.27309513092041016
Iteration 6400, S: 165.5205078125, S_ratio: 0.29085665941238403
Iteration 6410, S: 154.8278350830078, S_ratio: 0.23223000764846802
Iteration 6420, S: 192.98452758789062, S_ratio: 0.2739613950252533
Iteration 6430, S: 161.4942626953125, S_ratio: 0.2659470736980438
Iteration 6440, S: 130.0380401611328, S_ratio: 0.2688176929950714
Iteration 6450, S: 255.43882751464844, S_ratio: 0.29212167859077454
Iteration 6460, S: 113.31941223144531, S_ratio: 0.24084755778312683
Iteration 6470, S: 120.16655731201172, S_ratio: 0.2558366060256958
Iteration 6480, S: 226.08255004882812, S_ratio: 0.3089456856250763
Iteration 6490, S: 195.61520385742188, S_ratio: 0.29118847846984863
Iteration 6500, S: 222.2313232421875, S_ratio: 0.28158295154571533
Iteration 6510, S: 358.5965270996094, S_ratio: 0.30194151401519775
Iteration 6520, S: 80.51699829101562, S_ratio: 0.2616737186908722
Iteration 6530, S: 255.48483276367188, S_ratio: 0.28236520290374756
Iteration 6540, S: 119.88247680664062, S_ratio: 0.25986936688423157
Iteration 6550, S: 78.3243179321289, S_ratio: 0.2006446123123169
Iteration 6560, S: 125.239990234375, S_ratio: 0.24478408694267273
Iteration 6570, S: 193.94239807128906, S_ratio: 0.27232152223587036
Iteration 6580, S: 179.0497283935547, S_ratio: 0.2598245143890381
Iteration 6590, S: 279.7620849609375, S_ratio: 0.2937661409378052
Iteration 6600, S: 168.87335205078125, S_ratio: 0.2743754982948303
Iteration 6610, S: 124.24850463867188, S_ratio: 0.23696278035640717
Iteration 6620, S: 201.0198211669922, S_ratio: 0.2761765122413635
Iteration 6630, S: 175.27967834472656, S_ratio: 0.29996928572654724
Iteration 6640, S: 189.27903747558594, S_ratio: 0.28861135244369507
Iteration 6650, S: 102.26980590820312, S_ratio: 0.25265926122665405
Iteration 6660, S: 149.0802764892578, S_ratio: 0.2828429937362671
Iteration 6670, S: 129.2821502685547, S_ratio: 0.29675960540771484
Iteration 6680, S: 248.61949157714844, S_ratio: 0.2629202604293823
Iteration 6690, S: 130.85806274414062, S_ratio: 0.22058002650737762
Iteration 6700, S: 289.34576416015625, S_ratio: 0.2907717823982239
Iteration 6710, S: 244.2415008544922, S_ratio: 0.28434059023857117
Iteration 6720, S: 247.22799682617188, S_ratio: 0.28374919295310974
Iteration 6730, S: 200.65628051757812, S_ratio: 0.2674552798271179
Iteration 6740, S: 352.04119873046875, S_ratio: 0.3103189170360565
Iteration 6750, S: 136.55125427246094, S_ratio: 0.23965857923030853
Iteration 6760, S: 338.0009765625, S_ratio: 0.29046642780303955
Iteration 6770, S: 250.78627014160156, S_ratio: 0.27772483229637146
Iteration 6780, S: 152.0780029296875, S_ratio: 0.23573045432567596
Iteration 6790, S: 229.61463928222656, S_ratio: 0.2711268365383148
Iteration 6800, S: 162.84812927246094, S_ratio: 0.2949594557285309
Iteration 6810, S: 176.98423767089844, S_ratio: 0.3009178042411804
Iteration 6820, S: 194.84385681152344, S_ratio: 0.2559017241001129
Iteration 6830, S: 222.44435119628906, S_ratio: 0.2638082206249237
Iteration 6840, S: 300.9397888183594, S_ratio: 0.3080082833766937
Iteration 6850, S: 210.18968200683594, S_ratio: 0.28739896416664124
Iteration 6860, S: 233.5051727294922, S_ratio: 0.2910556197166443
Iteration 6870, S: 218.3767547607422, S_ratio: 0.26735538244247437
Iteration 6880, S: 377.3678283691406, S_ratio: 0.3001638352870941
Iteration 6890, S: 324.40447998046875, S_ratio: 0.2800102233886719
Iteration 6900, S: 419.5205383300781, S_ratio: 0.3092283308506012
Iteration 6910, S: 278.7309265136719, S_ratio: 0.27913492918014526
Iteration 6920, S: 180.35826110839844, S_ratio: 0.28660446405410767
Iteration 6930, S: 73.85369873046875, S_ratio: 0.23951183259487152
Iteration 6940, S: 64.94766235351562, S_ratio: 0.2302703857421875
Iteration 6950, S: 271.85205078125, S_ratio: 0.277744323015213
Iteration 6960, S: 308.7890930175781, S_ratio: 0.30054154992103577
Iteration 6970, S: 257.4281311035156, S_ratio: 0.27657532691955566
Iteration 6980, S: 69.850830078125, S_ratio: 0.23558515310287476
Iteration 6990, S: 348.9099426269531, S_ratio: 0.2981986999511719
Iteration 7000, S: 370.49468994140625, S_ratio: 0.27156007289886475
Iteration 7010, S: 283.14080810546875, S_ratio: 0.29528316855430603
Iteration 7020, S: 163.7748565673828, S_ratio: 0.27386680245399475
Iteration 7030, S: 157.92941284179688, S_ratio: 0.29242777824401855
Iteration 7040, S: 221.1536407470703, S_ratio: 0.2826281189918518
Iteration 7050, S: 231.6306915283203, S_ratio: 0.2698410451412201
Iteration 7060, S: 310.86053466796875, S_ratio: 0.3198815584182739
Iteration 7070, S: 261.1947021484375, S_ratio: 0.2879018783569336
Iteration 7080, S: 142.99301147460938, S_ratio: 0.24150702357292175
Iteration 7090, S: 206.55517578125, S_ratio: 0.2753676474094391
Iteration 7100, S: 121.59959411621094, S_ratio: 0.3023231327533722
Iteration 7110, S: 175.1464080810547, S_ratio: 0.2945784628391266
Iteration 7120, S: 189.76011657714844, S_ratio: 0.30696555972099304
Iteration 7130, S: 161.80970764160156, S_ratio: 0.22821234166622162
Iteration 7140, S: 223.48464965820312, S_ratio: 0.2966957986354828
Iteration 7150, S: 326.3109436035156, S_ratio: 0.2819250524044037
Iteration 7160, S: 315.0269470214844, S_ratio: 0.2850269079208374
Iteration 7170, S: 171.4758758544922, S_ratio: 0.28640303015708923
Iteration 7180, S: 125.1515884399414, S_ratio: 0.2649838924407959
Iteration 7190, S: 179.2370147705078, S_ratio: 0.27386707067489624
Iteration 7200, S: 160.71292114257812, S_ratio: 0.2727884352207184
Iteration 7210, S: 547.6184692382812, S_ratio: 0.31180018186569214
Iteration 7220, S: 125.0746841430664, S_ratio: 0.30283820629119873
Iteration 7230, S: 378.9237060546875, S_ratio: 0.29792845249176025
Iteration 7240, S: 111.84487915039062, S_ratio: 0.267715722322464
Iteration 7250, S: 184.71730041503906, S_ratio: 0.278980016708374
Iteration 7260, S: 296.4558410644531, S_ratio: 0.30418241024017334
Iteration 7270, S: 309.47943115234375, S_ratio: 0.3126932680606842
Iteration 7280, S: 324.5846862792969, S_ratio: 0.2891410291194916
Iteration 7290, S: 264.81231689453125, S_ratio: 0.26614102721214294
Iteration 7300, S: 312.9892883300781, S_ratio: 0.2953403890132904
Iteration 7310, S: 243.46861267089844, S_ratio: 0.3009234368801117
Iteration 7320, S: 423.6258239746094, S_ratio: 0.30112558603286743
Iteration 7330, S: 184.1608123779297, S_ratio: 0.26891055703163147
Iteration 7340, S: 70.66006469726562, S_ratio: 0.22800227999687195
Iteration 7350, S: 218.68902587890625, S_ratio: 0.3210889995098114
Iteration 7360, S: 96.01063537597656, S_ratio: 0.22525069117546082
Iteration 7370, S: 380.5583801269531, S_ratio: 0.2930554449558258
Iteration 7380, S: 187.97679138183594, S_ratio: 0.2882653474807739
Iteration 7390, S: 206.94931030273438, S_ratio: 0.2715336084365845
Iteration 7400, S: 168.3369903564453, S_ratio: 0.2747449278831482
Iteration 7410, S: 65.2244644165039, S_ratio: 0.21118144690990448
Iteration 7420, S: 174.7628631591797, S_ratio: 0.25216561555862427
Iteration 7430, S: 102.80845642089844, S_ratio: 0.24851220846176147
Iteration 7440, S: 136.35870361328125, S_ratio: 0.27755576372146606
Iteration 7450, S: 221.63308715820312, S_ratio: 0.2815181612968445
Iteration 7460, S: 292.972900390625, S_ratio: 0.30607354640960693
Iteration 7470, S: 138.7025604248047, S_ratio: 0.2966676652431488
Iteration 7480, S: 154.4447479248047, S_ratio: 0.2687207758426666
Iteration 7490, S: 119.76972198486328, S_ratio: 0.25845375657081604
Iteration 7500, S: 255.89515686035156, S_ratio: 0.3351416289806366
Iteration 7510, S: 70.84730529785156, S_ratio: 0.250921368598938
Iteration 7520, S: 215.32318115234375, S_ratio: 0.2708354890346527
Iteration 7530, S: 159.0211181640625, S_ratio: 0.2652907371520996
Iteration 7540, S: 138.15756225585938, S_ratio: 0.26538005471229553
Iteration 7550, S: 344.81317138671875, S_ratio: 0.3208000063896179
Iteration 7560, S: 302.1253967285156, S_ratio: 0.29906997084617615
Iteration 7570, S: 143.8623046875, S_ratio: 0.2625429332256317
Iteration 7580, S: 164.6280059814453, S_ratio: 0.30714091658592224
Iteration 7590, S: 177.2514190673828, S_ratio: 0.2787766456604004
Iteration 7600, S: 176.35386657714844, S_ratio: 0.2649046778678894
Iteration 7610, S: 136.86888122558594, S_ratio: 0.22906680405139923
Iteration 7620, S: 77.38644409179688, S_ratio: 0.24312977492809296
Iteration 7630, S: 242.13674926757812, S_ratio: 0.27638792991638184
Iteration 7640, S: 284.2829284667969, S_ratio: 0.30298346281051636
Iteration 7650, S: 255.9387969970703, S_ratio: 0.3008900284767151
Iteration 7660, S: 79.7706298828125, S_ratio: 0.2802504897117615
Iteration 7670, S: 112.8348388671875, S_ratio: 0.25982967019081116
Iteration 7680, S: 98.29280090332031, S_ratio: 0.26291733980178833
Iteration 7690, S: 298.3806457519531, S_ratio: 0.28169745206832886
Iteration 7700, S: 259.5813293457031, S_ratio: 0.30240514874458313
Iteration 7710, S: 79.89871215820312, S_ratio: 0.23337912559509277
Iteration 7720, S: 216.67405700683594, S_ratio: 0.2959893047809601
Iteration 7730, S: 111.18598175048828, S_ratio: 0.239627406001091
Iteration 7740, S: 134.90084838867188, S_ratio: 0.2643650770187378
Iteration 7750, S: 277.5530700683594, S_ratio: 0.29441866278648376
Iteration 7760, S: 326.5414733886719, S_ratio: 0.3002403676509857
Iteration 7770, S: 193.7079620361328, S_ratio: 0.2794090509414673
Iteration 7780, S: 106.50366973876953, S_ratio: 0.2544129192829132
Iteration 7790, S: 134.07574462890625, S_ratio: 0.24561411142349243
Iteration 7800, S: 82.70222473144531, S_ratio: 0.2590964436531067
Iteration 7810, S: 205.36380004882812, S_ratio: 0.2738172113895416
Iteration 7820, S: 285.41156005859375, S_ratio: 0.2904655337333679
Iteration 7830, S: 108.97911834716797, S_ratio: 0.2781294286251068
Iteration 7840, S: 188.81285095214844, S_ratio: 0.29677051305770874
Iteration 7850, S: 303.74700927734375, S_ratio: 0.30264148116111755
Iteration 7860, S: 346.767578125, S_ratio: 0.2869472801685333
Iteration 7870, S: 77.98474884033203, S_ratio: 0.22614970803260803
Iteration 7880, S: 205.8365936279297, S_ratio: 0.287110835313797
Iteration 7890, S: 86.35398864746094, S_ratio: 0.2975797653198242
Iteration 7900, S: 309.4016418457031, S_ratio: 0.2957656979560852
Iteration 7910, S: 228.2684783935547, S_ratio: 0.2524087727069855
Iteration 7920, S: 193.7396697998047, S_ratio: 0.2779330611228943
Iteration 7930, S: 220.98643493652344, S_ratio: 0.2609115540981293
Iteration 7940, S: 176.47581481933594, S_ratio: 0.3146427273750305
Iteration 7950, S: 198.03636169433594, S_ratio: 0.2876928150653839
Iteration 7960, S: 243.58070373535156, S_ratio: 0.2847548723220825
Iteration 7970, S: 163.3505096435547, S_ratio: 0.24654361605644226
Iteration 7980, S: 124.02836608886719, S_ratio: 0.2719428837299347
Iteration 7990, S: 147.83753967285156, S_ratio: 0.2915308475494385
Iteration 8000, S: 294.0545349121094, S_ratio: 0.2796595096588135
Iteration 8010, S: 232.5825653076172, S_ratio: 0.2984166741371155
Iteration 8020, S: 182.7957305908203, S_ratio: 0.28052791953086853
Iteration 8030, S: 293.6382141113281, S_ratio: 0.277741402387619
Iteration 8040, S: 145.3003387451172, S_ratio: 0.24227377772331238
Iteration 8050, S: 86.46115112304688, S_ratio: 0.2559223473072052
Iteration 8060, S: 253.897216796875, S_ratio: 0.27265310287475586
Iteration 8070, S: 115.46025848388672, S_ratio: 0.2852044105529785
Iteration 8080, S: 294.1961364746094, S_ratio: 0.2950134575366974
Iteration 8090, S: 53.54511642456055, S_ratio: 0.21088866889476776
Iteration 8100, S: 156.66883850097656, S_ratio: 0.2983824908733368
Iteration 8110, S: 248.5992889404297, S_ratio: 0.3025330901145935
Iteration 8120, S: 322.7321472167969, S_ratio: 0.2852425277233124
Iteration 8130, S: 170.2638397216797, S_ratio: 0.3194286525249481
Iteration 8140, S: 187.8236541748047, S_ratio: 0.2662350833415985
Iteration 8150, S: 208.29576110839844, S_ratio: 0.25894254446029663
Iteration 8160, S: 170.38775634765625, S_ratio: 0.2419239729642868
Iteration 8170, S: 107.10354614257812, S_ratio: 0.31816571950912476
Iteration 8180, S: 164.18527221679688, S_ratio: 0.2580361068248749
Iteration 8190, S: 132.79180908203125, S_ratio: 0.3062054216861725
Iteration 8200, S: 373.3525390625, S_ratio: 0.302971214056015
Iteration 8210, S: 53.70140838623047, S_ratio: 0.26326483488082886
Iteration 8220, S: 188.33950805664062, S_ratio: 0.3037203550338745
Iteration 8230, S: 143.2629852294922, S_ratio: 0.29570040106773376
Iteration 8240, S: 156.10635375976562, S_ratio: 0.27378734946250916
Iteration 8250, S: 219.927734375, S_ratio: 0.2672690153121948
Iteration 8260, S: 167.75482177734375, S_ratio: 0.24183005094528198
Iteration 8270, S: 165.8986358642578, S_ratio: 0.285651296377182
Iteration 8280, S: 272.6136779785156, S_ratio: 0.2735256850719452
Iteration 8290, S: 214.670166015625, S_ratio: 0.2720928192138672
Iteration 8300, S: 156.8722381591797, S_ratio: 0.2854953110218048
Iteration 8310, S: 153.59805297851562, S_ratio: 0.27171802520751953
Iteration 8320, S: 217.48997497558594, S_ratio: 0.29892799258232117
Iteration 8330, S: 199.87808227539062, S_ratio: 0.24292533099651337
Iteration 8340, S: 203.563720703125, S_ratio: 0.2959325313568115
Iteration 8350, S: 53.35056686401367, S_ratio: 0.24842235445976257
Iteration 8360, S: 125.83357238769531, S_ratio: 0.27641528844833374
Iteration 8370, S: 215.59906005859375, S_ratio: 0.3044491112232208
Iteration 8380, S: 96.30984497070312, S_ratio: 0.24037067592144012
Iteration 8390, S: 267.2349853515625, S_ratio: 0.3142250180244446
Iteration 8400, S: 475.4176940917969, S_ratio: 0.30876216292381287
Iteration 8410, S: 137.45416259765625, S_ratio: 0.2823750972747803
Iteration 8420, S: 171.6182403564453, S_ratio: 0.29676640033721924
Iteration 8430, S: 183.78497314453125, S_ratio: 0.29973700642585754
Iteration 8440, S: 41.67414474487305, S_ratio: 0.2232864797115326
Iteration 8450, S: 274.6376953125, S_ratio: 0.27197977900505066
Iteration 8460, S: 242.9280548095703, S_ratio: 0.2888554334640503
Iteration 8470, S: 223.12440490722656, S_ratio: 0.27756747603416443
Iteration 8480, S: 197.29534912109375, S_ratio: 0.24765677750110626
Iteration 8490, S: 324.7535095214844, S_ratio: 0.3182445466518402
Iteration 8500, S: 98.81156158447266, S_ratio: 0.2461065649986267
Iteration 8510, S: 183.7361602783203, S_ratio: 0.2680199444293976
Iteration 8520, S: 164.97520446777344, S_ratio: 0.24126356840133667
Iteration 8530, S: 91.53053283691406, S_ratio: 0.24201703071594238
Iteration 8540, S: 125.11226654052734, S_ratio: 0.2314130961894989
Iteration 8550, S: 144.75294494628906, S_ratio: 0.2492767721414566
Iteration 8560, S: 358.25311279296875, S_ratio: 0.31101977825164795
Iteration 8570, S: 281.4648132324219, S_ratio: 0.2784481346607208
Iteration 8580, S: 357.5703430175781, S_ratio: 0.2917681932449341
Iteration 8590, S: 219.88563537597656, S_ratio: 0.2932526767253876
Iteration 8600, S: 528.1640014648438, S_ratio: 0.2979297339916229
Iteration 8610, S: 383.923828125, S_ratio: 0.29978495836257935
Iteration 8620, S: 154.77786254882812, S_ratio: 0.2800147533416748
Iteration 8630, S: 394.87603759765625, S_ratio: 0.29180458188056946
Iteration 8640, S: 240.85946655273438, S_ratio: 0.3027747571468353
Iteration 8650, S: 185.69390869140625, S_ratio: 0.2735123336315155
Iteration 8660, S: 332.53961181640625, S_ratio: 0.297064870595932
Iteration 8670, S: 335.677734375, S_ratio: 0.25994691252708435
Iteration 8680, S: 234.21157836914062, S_ratio: 0.2940328121185303
Iteration 8690, S: 325.4166259765625, S_ratio: 0.3038991689682007
Iteration 8700, S: 111.15451049804688, S_ratio: 0.26081013679504395
Iteration 8710, S: 196.14511108398438, S_ratio: 0.257249116897583
Iteration 8720, S: 225.9010467529297, S_ratio: 0.26931020617485046
Iteration 8730, S: 159.82630920410156, S_ratio: 0.2573893368244171
Iteration 8740, S: 276.58502197265625, S_ratio: 0.28337380290031433
Iteration 8750, S: 334.6073303222656, S_ratio: 0.293111652135849
Iteration 8760, S: 141.26519775390625, S_ratio: 0.26410987973213196
Iteration 8770, S: 308.6759338378906, S_ratio: 0.2896656394004822
Iteration 8780, S: 158.58139038085938, S_ratio: 0.2449178546667099
Iteration 8790, S: 363.9440612792969, S_ratio: 0.2978023588657379
Iteration 8800, S: 202.42535400390625, S_ratio: 0.28623950481414795
Iteration 8810, S: 123.16853332519531, S_ratio: 0.2745479643344879
Iteration 8820, S: 68.50252532958984, S_ratio: 0.2632494270801544
Iteration 8830, S: 202.5602264404297, S_ratio: 0.2994712293148041
Iteration 8840, S: 307.6696472167969, S_ratio: 0.2917385399341583
Iteration 8850, S: 232.99624633789062, S_ratio: 0.2750372290611267
Iteration 8860, S: 402.9932861328125, S_ratio: 0.30280402302742004
Iteration 8870, S: 92.47640228271484, S_ratio: 0.2174445241689682
Iteration 8880, S: 235.1235809326172, S_ratio: 0.28313148021698
Iteration 8890, S: 210.01980590820312, S_ratio: 0.2824520766735077
Iteration 8900, S: 388.2083435058594, S_ratio: 0.2908204197883606
Iteration 8910, S: 177.12217712402344, S_ratio: 0.2900669276714325
Iteration 8920, S: 204.2270050048828, S_ratio: 0.27327796816825867
Iteration 8930, S: 203.2274169921875, S_ratio: 0.2845795452594757
Iteration 8940, S: 171.13882446289062, S_ratio: 0.28368863463401794
Iteration 8950, S: 163.67538452148438, S_ratio: 0.265811949968338
Iteration 8960, S: 302.61785888671875, S_ratio: 0.30040422081947327
Iteration 8970, S: 93.82502746582031, S_ratio: 0.23395703732967377
Iteration 8980, S: 114.48526763916016, S_ratio: 0.24769650399684906
Iteration 8990, S: 121.64788055419922, S_ratio: 0.2775614857673645
Iteration 9000, S: 153.6879425048828, S_ratio: 0.29897528886795044
Iteration 9010, S: 101.89624786376953, S_ratio: 0.2252684384584427
Iteration 9020, S: 125.54732513427734, S_ratio: 0.2885640859603882
Iteration 9030, S: 309.2467956542969, S_ratio: 0.2822481691837311
Iteration 9040, S: 171.61643981933594, S_ratio: 0.23886458575725555
Iteration 9050, S: 192.42601013183594, S_ratio: 0.2885069251060486
Iteration 9060, S: 104.10897827148438, S_ratio: 0.23292428255081177
Iteration 9070, S: 123.70455932617188, S_ratio: 0.26267048716545105
Iteration 9080, S: 67.34137725830078, S_ratio: 0.22831009328365326
Iteration 9090, S: 299.5500793457031, S_ratio: 0.27159738540649414
Iteration 9100, S: 154.72218322753906, S_ratio: 0.33026009798049927
Iteration 9110, S: 93.42691802978516, S_ratio: 0.21955779194831848
Iteration 9120, S: 222.0391387939453, S_ratio: 0.34259212017059326
Iteration 9130, S: 84.17459869384766, S_ratio: 0.23574836552143097
Iteration 9140, S: 122.5489730834961, S_ratio: 0.24034832417964935
Iteration 9150, S: 334.0650634765625, S_ratio: 0.28901734948158264
Iteration 9160, S: 310.24896240234375, S_ratio: 0.28991979360580444
Iteration 9170, S: 154.77394104003906, S_ratio: 0.26690852642059326
Iteration 9180, S: 192.27503967285156, S_ratio: 0.29046332836151123
Iteration 9190, S: 222.1024932861328, S_ratio: 0.2923954725265503
Iteration 9200, S: 213.22610473632812, S_ratio: 0.279010534286499
Iteration 9210, S: 171.77120971679688, S_ratio: 0.2801138460636139
Iteration 9220, S: 228.42320251464844, S_ratio: 0.29697275161743164
Iteration 9230, S: 295.2607727050781, S_ratio: 0.31332674622535706
Iteration 9240, S: 127.55718231201172, S_ratio: 0.2625400424003601
Iteration 9250, S: 171.04763793945312, S_ratio: 0.25055956840515137
Iteration 9260, S: 405.8145751953125, S_ratio: 0.3167954087257385
Iteration 9270, S: 168.00308227539062, S_ratio: 0.2808796763420105
Iteration 9280, S: 72.49589538574219, S_ratio: 0.3011012673377991
Iteration 9290, S: 182.86773681640625, S_ratio: 0.2584066092967987
Iteration 9300, S: 90.34191131591797, S_ratio: 0.2248995006084442
Iteration 9310, S: 611.529541015625, S_ratio: 0.3058546185493469
Iteration 9320, S: 501.8519287109375, S_ratio: 0.30720654129981995
Iteration 9330, S: 195.56214904785156, S_ratio: 0.30031341314315796
Iteration 9340, S: 300.6112060546875, S_ratio: 0.29731130599975586
Iteration 9350, S: 158.26136779785156, S_ratio: 0.23091676831245422
Iteration 9360, S: 161.87583923339844, S_ratio: 0.2678634524345398
Iteration 9370, S: 170.0429229736328, S_ratio: 0.2841387987136841
Iteration 9380, S: 132.6713409423828, S_ratio: 0.3126044273376465
Iteration 9390, S: 278.1153564453125, S_ratio: 0.2646791338920593
Iteration 9400, S: 347.06683349609375, S_ratio: 0.310045450925827
Iteration 9410, S: 148.15980529785156, S_ratio: 0.2535834312438965
Iteration 9420, S: 200.35366821289062, S_ratio: 0.2902562916278839
Iteration 9430, S: 317.6142578125, S_ratio: 0.3151763081550598
Iteration 9440, S: 101.22987365722656, S_ratio: 0.2673260271549225
Iteration 9450, S: 263.0079650878906, S_ratio: 0.2876882255077362
Iteration 9460, S: 101.5243148803711, S_ratio: 0.27108317613601685
Iteration 9470, S: 184.4051055908203, S_ratio: 0.2801750600337982
Iteration 9480, S: 275.5871887207031, S_ratio: 0.2905862629413605
Iteration 9490, S: 147.2453155517578, S_ratio: 0.27240464091300964
Iteration 9500, S: 155.01634216308594, S_ratio: 0.276588499546051
Iteration 9510, S: 77.28285217285156, S_ratio: 0.24078556895256042
Iteration 9520, S: 505.781005859375, S_ratio: 0.29553523659706116
Iteration 9530, S: 142.6218719482422, S_ratio: 0.23190142214298248
Iteration 9540, S: 241.29966735839844, S_ratio: 0.30098670721054077
Iteration 9550, S: 280.21954345703125, S_ratio: 0.2921014428138733
Iteration 9560, S: 99.1251220703125, S_ratio: 0.2635825574398041
Iteration 9570, S: 111.21332550048828, S_ratio: 0.24046508967876434
Iteration 9580, S: 238.92205810546875, S_ratio: 0.2955531179904938
Iteration 9590, S: 149.27847290039062, S_ratio: 0.2871185541152954
Iteration 9600, S: 199.6597442626953, S_ratio: 0.28951579332351685
Iteration 9610, S: 134.1788787841797, S_ratio: 0.2801881730556488
Iteration 9620, S: 63.8472900390625, S_ratio: 0.17846298217773438
Iteration 9630, S: 235.32334899902344, S_ratio: 0.2523419260978699
Iteration 9640, S: 392.2360534667969, S_ratio: 0.2957746386528015
Iteration 9650, S: 211.30929565429688, S_ratio: 0.2547415494918823
Iteration 9660, S: 141.54396057128906, S_ratio: 0.2555554211139679
Iteration 9670, S: 89.94609069824219, S_ratio: 0.24488550424575806
Iteration 9680, S: 494.7840881347656, S_ratio: 0.31920748949050903
Iteration 9690, S: 252.43666076660156, S_ratio: 0.27502480149269104
Iteration 9700, S: 97.1155776977539, S_ratio: 0.21505673229694366
Iteration 9710, S: 157.9687042236328, S_ratio: 0.3023340702056885
Iteration 9720, S: 184.03225708007812, S_ratio: 0.28948625922203064
Iteration 9730, S: 314.90887451171875, S_ratio: 0.31880950927734375
Iteration 9740, S: 232.09286499023438, S_ratio: 0.2936924993991852
Iteration 9750, S: 189.53453063964844, S_ratio: 0.30497637391090393
Iteration 9760, S: 175.1403045654297, S_ratio: 0.2742825746536255
Iteration 9770, S: 421.9956970214844, S_ratio: 0.2970653772354126
Iteration 9780, S: 142.97508239746094, S_ratio: 0.262063592672348
Iteration 9790, S: 182.3084716796875, S_ratio: 0.24884827435016632
Iteration 9800, S: 139.39553833007812, S_ratio: 0.27034687995910645
Iteration 9810, S: 204.76719665527344, S_ratio: 0.27814844250679016
Iteration 9820, S: 160.50537109375, S_ratio: 0.2839624285697937
Iteration 9830, S: 343.75384521484375, S_ratio: 0.3064936399459839
Iteration 9840, S: 280.4430236816406, S_ratio: 0.29528185725212097
Iteration 9850, S: 145.74301147460938, S_ratio: 0.2538241744041443
Iteration 9860, S: 248.46653747558594, S_ratio: 0.2766309082508087
Iteration 9870, S: 384.4234619140625, S_ratio: 0.3113301396369934
Iteration 9880, S: 259.2928161621094, S_ratio: 0.2790272831916809
Iteration 9890, S: 323.3287048339844, S_ratio: 0.31524592638015747
Iteration 9900, S: 135.21588134765625, S_ratio: 0.2364221066236496
Iteration 9910, S: 282.41107177734375, S_ratio: 0.30108869075775146
Iteration 9920, S: 360.8472900390625, S_ratio: 0.3021601736545563
Iteration 9930, S: 97.91630554199219, S_ratio: 0.2634211480617523
Iteration 9940, S: 405.9195861816406, S_ratio: 0.3135276138782501
Iteration 9950, S: 170.20811462402344, S_ratio: 0.2819518446922302
Iteration 9960, S: 217.74996948242188, S_ratio: 0.27340197563171387
Iteration 9970, S: 483.319091796875, S_ratio: 0.2972124218940735
Iteration 9980, S: 258.03240966796875, S_ratio: 0.2822370231151581
Iteration 9990, S: 82.9859848022461, S_ratio: 0.27172034978866577
