Loading rhel8/default-amp
  Loading requirement: dot rhel8/slurm singularity/current rhel8/global
    cuda/11.4 libpciaccess/0.16/gcc-9.4.0-6fonbj6
    libiconv/1.16/gcc-9.4.0-ahebbov libxml2/2.9.12/gcc-9.4.0-gnknt5e
    ncurses/6.2/gcc-9.4.0-aiirok7 hwloc/2.5.0/gcc-9.4.0-7sqomga
    libevent/2.1.12/gcc-9.4.0-hgny7cm numactl/2.0.14/gcc-9.4.0-52dwc6n
    cuda/11.4.0/gcc-9.4.0-3hnxhjt gdrcopy/2.2/gcc-9.4.0-e4igtfp
    knem/1.1.4/gcc-9.4.0-bpbxgva libnl/3.3.0/gcc-9.4.0-whwhrwb
    rdma-core/34.0/gcc-9.4.0-5eo5n2u ucx/1.11.1/gcc-9.4.0-lktqyl4
    openmpi/4.1.1/gcc-9.4.0-epagguv
2024-06-02 10:01:44.823241: W external/xla/xla/service/gpu/nvptx_compiler.cc:760] The NVIDIA driver's CUDA version is 12.2 which is older than the ptxas CUDA version (12.5.40). Because the driver is older than the ptxas version, XLA is disabling parallel compilation, which may slow down compilation. You should update your NVIDIA driver or use the NVIDIA-provided CUDA forward compatibility packages.
wandb: Currently logged in as: arielle-rosinski (arielle_rosinski). Use `wandb login --relogin` to force relogin
wandb: Tracking run with wandb version 0.17.0
wandb: Run data is saved locally in /rds/user/ar2217/hpc-work/SCA/SCA_project/cluster_launch/wandb/run-20240602_100148-jmxtljab
wandb: Run `wandb offline` to turn off syncing.
wandb: Syncing run d=3.3
wandb: ⭐️ View project at https://wandb.ai/arielle_rosinski/SCA-project-MC_Maze
wandb: 🚀 View run at https://wandb.ai/arielle_rosinski/SCA-project-MC_Maze/runs/jmxtljab
wandb: - 0.014 MB of 0.089 MB uploadedwandb: \ 0.089 MB of 0.089 MB uploadedwandb: | 0.089 MB of 0.089 MB uploadedwandb: / 0.089 MB of 0.089 MB uploadedwandb:                                                                                
wandb: 
wandb: Run history:
wandb: S_ratio ▁▃▇▆▆▇▇█▇▇▇█▇▇▇▇▇▇▇▇▇▇██▇▇█▇▇▇▇▇▇▇▇█▇▇▇▆
wandb:   loss_ ██▇▆▄▅▃▄▃▂▃▂▂▂▃▂▄▃▂▂▂▃▂▂▂▂▃▂▁▃▃▃▂▂▂▂▁▃▂▃
wandb: 
wandb: Run summary:
wandb: S_ratio 0.42964
wandb:   loss_ -47.6787
wandb: 
wandb: 🚀 View run d=3.3 at: https://wandb.ai/arielle_rosinski/SCA-project-MC_Maze/runs/jmxtljab
wandb: ⭐️ View project at: https://wandb.ai/arielle_rosinski/SCA-project-MC_Maze
wandb: Synced 6 W&B file(s), 0 media file(s), 0 artifact file(s) and 0 other file(s)
wandb: Find logs at: ./wandb/run-20240602_100148-jmxtljab/logs
Iteration 0, S: 0.6403775215148926, S_ratio: 0.17266391217708588
Iteration 10, S: 0.4695852994918823, S_ratio: 0.11337185651063919
Iteration 20, S: 0.6466502547264099, S_ratio: 0.18121638894081116
Iteration 30, S: 0.48468369245529175, S_ratio: 0.12606431543827057
Iteration 40, S: 0.7609319686889648, S_ratio: 0.19477003812789917
Iteration 50, S: 0.8322126865386963, S_ratio: 0.17292499542236328
Iteration 60, S: 0.9540595412254333, S_ratio: 0.16485337913036346
Iteration 70, S: 0.8867421746253967, S_ratio: 0.1890217661857605
Iteration 80, S: 1.0614525079727173, S_ratio: 0.22073471546173096
Iteration 90, S: 1.135740876197815, S_ratio: 0.19238989055156708
Iteration 100, S: 1.1681419610977173, S_ratio: 0.2255253940820694
Iteration 110, S: 1.1781911849975586, S_ratio: 0.209432452917099
Iteration 120, S: 1.1184601783752441, S_ratio: 0.18988604843616486
Iteration 130, S: 1.1649364233016968, S_ratio: 0.22270870208740234
Iteration 140, S: 1.0078595876693726, S_ratio: 0.1877158284187317
Iteration 150, S: 0.7550584077835083, S_ratio: 0.19299255311489105
Iteration 160, S: 1.5852192640304565, S_ratio: 0.27358025312423706
Iteration 170, S: 1.5871074199676514, S_ratio: 0.26503118872642517
Iteration 180, S: 1.702316403388977, S_ratio: 0.2941276431083679
Iteration 190, S: 1.3029601573944092, S_ratio: 0.23992832005023956
Iteration 200, S: 1.8194085359573364, S_ratio: 0.23201081156730652
Iteration 210, S: 2.339189291000366, S_ratio: 0.26010361313819885
Iteration 220, S: 2.3205292224884033, S_ratio: 0.32678067684173584
Iteration 230, S: 2.58148455619812, S_ratio: 0.35483938455581665
Iteration 240, S: 1.7030280828475952, S_ratio: 0.341406911611557
Iteration 250, S: 2.9464454650878906, S_ratio: 0.3151125907897949
Iteration 260, S: 4.178739547729492, S_ratio: 0.3222610056400299
Iteration 270, S: 3.03273868560791, S_ratio: 0.29450005292892456
Iteration 280, S: 2.564938545227051, S_ratio: 0.3473232388496399
Iteration 290, S: 3.760857343673706, S_ratio: 0.2914997339248657
Iteration 300, S: 4.568228721618652, S_ratio: 0.33111581206321716
Iteration 310, S: 3.284846067428589, S_ratio: 0.37529632449150085
Iteration 320, S: 4.791427135467529, S_ratio: 0.3828914761543274
Iteration 330, S: 3.946699619293213, S_ratio: 0.3666342496871948
Iteration 340, S: 4.42849588394165, S_ratio: 0.3436231017112732
Iteration 350, S: 4.5314507484436035, S_ratio: 0.41181567311286926
Iteration 360, S: 4.517744541168213, S_ratio: 0.3482191264629364
Iteration 370, S: 5.120093822479248, S_ratio: 0.4587315320968628
Iteration 380, S: 5.591597557067871, S_ratio: 0.37531185150146484
Iteration 390, S: 6.955593585968018, S_ratio: 0.3353227376937866
Iteration 400, S: 5.266612529754639, S_ratio: 0.3718341588973999
Iteration 410, S: 6.816368579864502, S_ratio: 0.41964033246040344
Iteration 420, S: 7.6966047286987305, S_ratio: 0.3435419499874115
Iteration 430, S: 7.076847553253174, S_ratio: 0.44135531783103943
Iteration 440, S: 7.677021026611328, S_ratio: 0.4462372362613678
Iteration 450, S: 10.054555892944336, S_ratio: 0.38903310894966125
Iteration 460, S: 9.115797996520996, S_ratio: 0.4068242907524109
Iteration 470, S: 7.620041847229004, S_ratio: 0.38420361280441284
Iteration 480, S: 9.87551498413086, S_ratio: 0.3874093294143677
Iteration 490, S: 8.362719535827637, S_ratio: 0.5691474080085754
Iteration 500, S: 8.954987525939941, S_ratio: 0.3746657073497772
Iteration 510, S: 8.913071632385254, S_ratio: 0.4298790395259857
Iteration 520, S: 10.811264038085938, S_ratio: 0.37361717224121094
Iteration 530, S: 8.73461627960205, S_ratio: 0.40044769644737244
Iteration 540, S: 9.672765731811523, S_ratio: 0.43344351649284363
Iteration 550, S: 11.494424819946289, S_ratio: 0.3667439818382263
Iteration 560, S: 13.179399490356445, S_ratio: 0.414348304271698
Iteration 570, S: 15.235467910766602, S_ratio: 0.4022308588027954
Iteration 580, S: 12.715643882751465, S_ratio: 0.3693184554576874
Iteration 590, S: 11.674944877624512, S_ratio: 0.3848869800567627
Iteration 600, S: 17.01987075805664, S_ratio: 0.41111281514167786
Iteration 610, S: 13.121520042419434, S_ratio: 0.4201700985431671
Iteration 620, S: 15.573346138000488, S_ratio: 0.40730252861976624
Iteration 630, S: 14.104056358337402, S_ratio: 0.38074222207069397
Iteration 640, S: 12.574258804321289, S_ratio: 0.4369313418865204
Iteration 650, S: 17.93175506591797, S_ratio: 0.39314624667167664
Iteration 660, S: 12.50727653503418, S_ratio: 0.3887442946434021
Iteration 670, S: 13.852106094360352, S_ratio: 0.41319429874420166
Iteration 680, S: 15.479637145996094, S_ratio: 0.3860451877117157
Iteration 690, S: 14.715688705444336, S_ratio: 0.4055778980255127
Iteration 700, S: 16.360761642456055, S_ratio: 0.3881462514400482
Iteration 710, S: 17.943119049072266, S_ratio: 0.3829868733882904
Iteration 720, S: 16.71691131591797, S_ratio: 0.41232573986053467
Iteration 730, S: 12.855456352233887, S_ratio: 0.37984591722488403
Iteration 740, S: 14.83935546875, S_ratio: 0.3944191038608551
Iteration 750, S: 15.033981323242188, S_ratio: 0.40150079131126404
Iteration 760, S: 14.751349449157715, S_ratio: 0.40980812907218933
Iteration 770, S: 22.952556610107422, S_ratio: 0.3679206073284149
Iteration 780, S: 22.34246826171875, S_ratio: 0.4007332921028137
Iteration 790, S: 20.6916561126709, S_ratio: 0.39054548740386963
Iteration 800, S: 18.2006778717041, S_ratio: 0.3826586604118347
Iteration 810, S: 15.966313362121582, S_ratio: 0.3698020279407501
Iteration 820, S: 20.604923248291016, S_ratio: 0.39586058259010315
Iteration 830, S: 23.6629581451416, S_ratio: 0.3857806921005249
Iteration 840, S: 24.98952865600586, S_ratio: 0.39273157715797424
Iteration 850, S: 18.357704162597656, S_ratio: 0.3879365622997284
Iteration 860, S: 20.82320213317871, S_ratio: 0.38501662015914917
Iteration 870, S: 20.79288101196289, S_ratio: 0.40819209814071655
Iteration 880, S: 26.71648597717285, S_ratio: 0.3810379207134247
Iteration 890, S: 26.22002410888672, S_ratio: 0.3884292542934418
Iteration 900, S: 31.005308151245117, S_ratio: 0.38584744930267334
Iteration 910, S: 17.986114501953125, S_ratio: 0.3655281066894531
Iteration 920, S: 18.208494186401367, S_ratio: 0.3986005485057831
Iteration 930, S: 23.52749252319336, S_ratio: 0.36870941519737244
Iteration 940, S: 23.156604766845703, S_ratio: 0.383501261472702
Iteration 950, S: 22.63051414489746, S_ratio: 0.39451879262924194
Iteration 960, S: 23.646841049194336, S_ratio: 0.40420398116111755
Iteration 970, S: 30.767698287963867, S_ratio: 0.3978458344936371
Iteration 980, S: 28.11142349243164, S_ratio: 0.3827763795852661
Iteration 990, S: 17.84671974182129, S_ratio: 0.36605656147003174
Iteration 1000, S: 24.671974182128906, S_ratio: 0.3841639757156372
Iteration 1010, S: 19.826322555541992, S_ratio: 0.38339000940322876
Iteration 1020, S: 27.513612747192383, S_ratio: 0.3735923171043396
Iteration 1030, S: 28.89546775817871, S_ratio: 0.38820263743400574
Iteration 1040, S: 27.82000160217285, S_ratio: 0.392789751291275
Iteration 1050, S: 26.271099090576172, S_ratio: 0.39651504158973694
Iteration 1060, S: 28.71729850769043, S_ratio: 0.39308860898017883
Iteration 1070, S: 29.411561965942383, S_ratio: 0.38394662737846375
Iteration 1080, S: 27.017955780029297, S_ratio: 0.3958112597465515
Iteration 1090, S: 24.120010375976562, S_ratio: 0.4036346673965454
Iteration 1100, S: 22.361068725585938, S_ratio: 0.40970245003700256
Iteration 1110, S: 24.457799911499023, S_ratio: 0.39654362201690674
Iteration 1120, S: 29.363786697387695, S_ratio: 0.3958097994327545
Iteration 1130, S: 24.03519630432129, S_ratio: 0.3911859095096588
Iteration 1140, S: 22.870586395263672, S_ratio: 0.38857483863830566
Iteration 1150, S: 29.80268669128418, S_ratio: 0.4047704041004181
Iteration 1160, S: 25.691617965698242, S_ratio: 0.3790120780467987
Iteration 1170, S: 25.343584060668945, S_ratio: 0.3808402419090271
Iteration 1180, S: 30.339136123657227, S_ratio: 0.41952988505363464
Iteration 1190, S: 32.19001007080078, S_ratio: 0.3867160975933075
Iteration 1200, S: 24.557992935180664, S_ratio: 0.39949098229408264
Iteration 1210, S: 27.84526824951172, S_ratio: 0.40853726863861084
Iteration 1220, S: 25.777488708496094, S_ratio: 0.4132613241672516
Iteration 1230, S: 38.7000732421875, S_ratio: 0.40812987089157104
Iteration 1240, S: 40.22438049316406, S_ratio: 0.4208087921142578
Iteration 1250, S: 28.589948654174805, S_ratio: 0.3928608000278473
Iteration 1260, S: 34.25807189941406, S_ratio: 0.42311540246009827
Iteration 1270, S: 30.00600242614746, S_ratio: 0.41838836669921875
Iteration 1280, S: 38.96113586425781, S_ratio: 0.4150674343109131
Iteration 1290, S: 32.48496627807617, S_ratio: 0.412916362285614
Iteration 1300, S: 27.589736938476562, S_ratio: 0.43526339530944824
Iteration 1310, S: 44.56096267700195, S_ratio: 0.4176068902015686
Iteration 1320, S: 38.60054016113281, S_ratio: 0.4173625409603119
Iteration 1330, S: 29.736093521118164, S_ratio: 0.4057071805000305
Iteration 1340, S: 35.042724609375, S_ratio: 0.4130991995334625
Iteration 1350, S: 27.43491554260254, S_ratio: 0.424588680267334
Iteration 1360, S: 32.037269592285156, S_ratio: 0.410388708114624
Iteration 1370, S: 24.576446533203125, S_ratio: 0.4205179512500763
Iteration 1380, S: 34.56950378417969, S_ratio: 0.4149574637413025
Iteration 1390, S: 31.594770431518555, S_ratio: 0.41072776913642883
Iteration 1400, S: 41.59861755371094, S_ratio: 0.43106529116630554
Iteration 1410, S: 31.20624542236328, S_ratio: 0.4047260284423828
Iteration 1420, S: 35.28603744506836, S_ratio: 0.426375150680542
Iteration 1430, S: 36.54571533203125, S_ratio: 0.42480695247650146
Iteration 1440, S: 32.363407135009766, S_ratio: 0.4194314181804657
Iteration 1450, S: 30.595352172851562, S_ratio: 0.44277223944664
Iteration 1460, S: 31.286558151245117, S_ratio: 0.43926113843917847
Iteration 1470, S: 34.1508674621582, S_ratio: 0.42278748750686646
Iteration 1480, S: 34.292335510253906, S_ratio: 0.4224727749824524
Iteration 1490, S: 32.988677978515625, S_ratio: 0.43684300780296326
Iteration 1500, S: 34.96659469604492, S_ratio: 0.4227185845375061
Iteration 1510, S: 34.28208541870117, S_ratio: 0.42197883129119873
Iteration 1520, S: 26.35939598083496, S_ratio: 0.39953601360321045
Iteration 1530, S: 35.151206970214844, S_ratio: 0.4404410421848297
Iteration 1540, S: 37.25827407836914, S_ratio: 0.4353052079677582
Iteration 1550, S: 31.4549560546875, S_ratio: 0.425179660320282
Iteration 1560, S: 38.743125915527344, S_ratio: 0.4288293123245239
Iteration 1570, S: 35.898223876953125, S_ratio: 0.41775014996528625
Iteration 1580, S: 38.30496597290039, S_ratio: 0.43341225385665894
Iteration 1590, S: 50.663387298583984, S_ratio: 0.4195823073387146
Iteration 1600, S: 34.24168014526367, S_ratio: 0.4288477897644043
Iteration 1610, S: 45.55898666381836, S_ratio: 0.45107176899909973
Iteration 1620, S: 36.3696174621582, S_ratio: 0.4362100660800934
Iteration 1630, S: 39.59986114501953, S_ratio: 0.43435555696487427
Iteration 1640, S: 39.426265716552734, S_ratio: 0.4248913824558258
Iteration 1650, S: 38.80813217163086, S_ratio: 0.44988521933555603
Iteration 1660, S: 37.72940444946289, S_ratio: 0.45195335149765015
Iteration 1670, S: 36.176239013671875, S_ratio: 0.44460543990135193
Iteration 1680, S: 38.63475036621094, S_ratio: 0.4373706877231598
Iteration 1690, S: 43.08537292480469, S_ratio: 0.43124061822891235
Iteration 1700, S: 27.968820571899414, S_ratio: 0.41525986790657043
Iteration 1710, S: 31.023693084716797, S_ratio: 0.4059617519378662
Iteration 1720, S: 37.606361389160156, S_ratio: 0.43020570278167725
Iteration 1730, S: 45.28593063354492, S_ratio: 0.440735399723053
Iteration 1740, S: 42.507511138916016, S_ratio: 0.4293171465396881
Iteration 1750, S: 44.43687438964844, S_ratio: 0.4450085759162903
Iteration 1760, S: 36.09174728393555, S_ratio: 0.4292851984500885
Iteration 1770, S: 49.8917121887207, S_ratio: 0.43218204379081726
Iteration 1780, S: 36.46380615234375, S_ratio: 0.42949241399765015
Iteration 1790, S: 34.168399810791016, S_ratio: 0.42781493067741394
Iteration 1800, S: 36.45179748535156, S_ratio: 0.417141318321228
Iteration 1810, S: 28.95900535583496, S_ratio: 0.42104119062423706
Iteration 1820, S: 47.83697509765625, S_ratio: 0.4283529818058014
Iteration 1830, S: 58.46452331542969, S_ratio: 0.445986807346344
Iteration 1840, S: 40.7973747253418, S_ratio: 0.42840009927749634
Iteration 1850, S: 42.172061920166016, S_ratio: 0.4374357759952545
Iteration 1860, S: 25.68775177001953, S_ratio: 0.40973055362701416
Iteration 1870, S: 40.822410583496094, S_ratio: 0.44071561098098755
Iteration 1880, S: 45.25221633911133, S_ratio: 0.4259030222892761
Iteration 1890, S: 46.458003997802734, S_ratio: 0.43069660663604736
Iteration 1900, S: 41.51667785644531, S_ratio: 0.4478730857372284
Iteration 1910, S: 47.14881134033203, S_ratio: 0.42679131031036377
Iteration 1920, S: 27.99857521057129, S_ratio: 0.42897409200668335
Iteration 1930, S: 43.476192474365234, S_ratio: 0.42552879452705383
Iteration 1940, S: 40.12310028076172, S_ratio: 0.42634034156799316
Iteration 1950, S: 34.64833068847656, S_ratio: 0.4068799614906311
Iteration 1960, S: 41.14484786987305, S_ratio: 0.4364303648471832
Iteration 1970, S: 46.858524322509766, S_ratio: 0.4351184368133545
Iteration 1980, S: 45.912166595458984, S_ratio: 0.42347219586372375
Iteration 1990, S: 47.56093978881836, S_ratio: 0.4459756314754486
Iteration 2000, S: 41.26274490356445, S_ratio: 0.4270319938659668
Iteration 2010, S: 49.86125946044922, S_ratio: 0.4315231144428253
Iteration 2020, S: 36.98552322387695, S_ratio: 0.4184785485267639
Iteration 2030, S: 30.844270706176758, S_ratio: 0.42512574791908264
Iteration 2040, S: 43.53112030029297, S_ratio: 0.43025797605514526
Iteration 2050, S: 46.257816314697266, S_ratio: 0.4232538938522339
Iteration 2060, S: 32.60184860229492, S_ratio: 0.4205246567726135
Iteration 2070, S: 35.13962936401367, S_ratio: 0.41417354345321655
Iteration 2080, S: 37.01697540283203, S_ratio: 0.42227375507354736
Iteration 2090, S: 47.604164123535156, S_ratio: 0.43039095401763916
Iteration 2100, S: 55.737548828125, S_ratio: 0.4317682385444641
Iteration 2110, S: 41.490631103515625, S_ratio: 0.423256516456604
Iteration 2120, S: 47.848819732666016, S_ratio: 0.42679309844970703
Iteration 2130, S: 44.49519729614258, S_ratio: 0.428504079580307
Iteration 2140, S: 37.12105178833008, S_ratio: 0.42233529686927795
Iteration 2150, S: 39.72066116333008, S_ratio: 0.4198695123195648
Iteration 2160, S: 41.96149444580078, S_ratio: 0.4294622242450714
Iteration 2170, S: 38.45591735839844, S_ratio: 0.4229309856891632
Iteration 2180, S: 42.82556915283203, S_ratio: 0.42607352137565613
Iteration 2190, S: 45.92171096801758, S_ratio: 0.4289602041244507
Iteration 2200, S: 35.416656494140625, S_ratio: 0.42209458351135254
Iteration 2210, S: 41.61406326293945, S_ratio: 0.4322667419910431
Iteration 2220, S: 46.39484405517578, S_ratio: 0.42338308691978455
Iteration 2230, S: 39.127197265625, S_ratio: 0.43073663115501404
Iteration 2240, S: 53.947731018066406, S_ratio: 0.4457577168941498
Iteration 2250, S: 35.69498062133789, S_ratio: 0.4216582477092743
Iteration 2260, S: 44.369529724121094, S_ratio: 0.42924773693084717
Iteration 2270, S: 48.12195587158203, S_ratio: 0.43363720178604126
Iteration 2280, S: 48.289337158203125, S_ratio: 0.4298684597015381
Iteration 2290, S: 57.73055648803711, S_ratio: 0.43512338399887085
Iteration 2300, S: 40.98763656616211, S_ratio: 0.42555108666419983
Iteration 2310, S: 33.059993743896484, S_ratio: 0.40958648920059204
Iteration 2320, S: 32.331092834472656, S_ratio: 0.4093368947505951
Iteration 2330, S: 53.7432975769043, S_ratio: 0.43691378831863403
Iteration 2340, S: 46.445960998535156, S_ratio: 0.4350208342075348
Iteration 2350, S: 36.55922317504883, S_ratio: 0.419773131608963
Iteration 2360, S: 38.51811218261719, S_ratio: 0.41410720348358154
Iteration 2370, S: 38.92282485961914, S_ratio: 0.4291031062602997
Iteration 2380, S: 43.25648880004883, S_ratio: 0.42507481575012207
Iteration 2390, S: 37.35564422607422, S_ratio: 0.4180559813976288
Iteration 2400, S: 37.5740852355957, S_ratio: 0.4241503179073334
Iteration 2410, S: 38.335269927978516, S_ratio: 0.4158894717693329
Iteration 2420, S: 34.70625686645508, S_ratio: 0.41231435537338257
Iteration 2430, S: 34.56620407104492, S_ratio: 0.4091944396495819
Iteration 2440, S: 53.0479621887207, S_ratio: 0.4274495542049408
Iteration 2450, S: 37.651363372802734, S_ratio: 0.4222794473171234
Iteration 2460, S: 43.9168586730957, S_ratio: 0.42150476574897766
Iteration 2470, S: 48.41267395019531, S_ratio: 0.43570539355278015
Iteration 2480, S: 52.658447265625, S_ratio: 0.431363582611084
Iteration 2490, S: 50.49864959716797, S_ratio: 0.4265023469924927
Iteration 2500, S: 57.459136962890625, S_ratio: 0.4380670487880707
Iteration 2510, S: 39.677581787109375, S_ratio: 0.4273647665977478
Iteration 2520, S: 40.90692901611328, S_ratio: 0.41716551780700684
Iteration 2530, S: 43.737762451171875, S_ratio: 0.42416226863861084
Iteration 2540, S: 47.62929153442383, S_ratio: 0.4232470691204071
Iteration 2550, S: 48.402034759521484, S_ratio: 0.41762176156044006
Iteration 2560, S: 38.315528869628906, S_ratio: 0.41439974308013916
Iteration 2570, S: 48.093605041503906, S_ratio: 0.42837947607040405
Iteration 2580, S: 37.13869857788086, S_ratio: 0.4157591760158539
Iteration 2590, S: 51.97780227661133, S_ratio: 0.43092653155326843
Iteration 2600, S: 44.89039611816406, S_ratio: 0.4146110713481903
Iteration 2610, S: 38.144588470458984, S_ratio: 0.4289703369140625
Iteration 2620, S: 38.74576950073242, S_ratio: 0.4249210059642792
Iteration 2630, S: 44.188594818115234, S_ratio: 0.4221803545951843
Iteration 2640, S: 37.6895751953125, S_ratio: 0.42499297857284546
Iteration 2650, S: 42.59950637817383, S_ratio: 0.4161728322505951
Iteration 2660, S: 35.51993179321289, S_ratio: 0.4137711226940155
Iteration 2670, S: 39.153350830078125, S_ratio: 0.4106370210647583
Iteration 2680, S: 36.50710678100586, S_ratio: 0.42189016938209534
Iteration 2690, S: 28.99369239807129, S_ratio: 0.41263526678085327
Iteration 2700, S: 33.76006317138672, S_ratio: 0.4070241153240204
Iteration 2710, S: 39.05579376220703, S_ratio: 0.4098939597606659
Iteration 2720, S: 35.13898468017578, S_ratio: 0.42767468094825745
Iteration 2730, S: 35.284751892089844, S_ratio: 0.41293033957481384
Iteration 2740, S: 36.03941345214844, S_ratio: 0.41433343291282654
Iteration 2750, S: 43.125022888183594, S_ratio: 0.41674619913101196
Iteration 2760, S: 34.80769348144531, S_ratio: 0.41533705592155457
Iteration 2770, S: 36.43581771850586, S_ratio: 0.4207899868488312
Iteration 2780, S: 54.882843017578125, S_ratio: 0.4312448799610138
Iteration 2790, S: 40.75066375732422, S_ratio: 0.40784284472465515
Iteration 2800, S: 40.91567611694336, S_ratio: 0.420254647731781
Iteration 2810, S: 35.60371017456055, S_ratio: 0.40993890166282654
Iteration 2820, S: 37.546844482421875, S_ratio: 0.4040992558002472
Iteration 2830, S: 33.52674102783203, S_ratio: 0.4176501929759979
Iteration 2840, S: 42.88180160522461, S_ratio: 0.42416441440582275
Iteration 2850, S: 33.21256637573242, S_ratio: 0.4259803593158722
Iteration 2860, S: 32.02047348022461, S_ratio: 0.40913161635398865
Iteration 2870, S: 28.73740005493164, S_ratio: 0.3953404426574707
Iteration 2880, S: 41.90021896362305, S_ratio: 0.41397032141685486
Iteration 2890, S: 40.95199966430664, S_ratio: 0.41017231345176697
Iteration 2900, S: 33.73818588256836, S_ratio: 0.4087070822715759
Iteration 2910, S: 56.122562408447266, S_ratio: 0.4251604974269867
Iteration 2920, S: 35.610843658447266, S_ratio: 0.4203007221221924
Iteration 2930, S: 37.474647521972656, S_ratio: 0.41594651341438293
Iteration 2940, S: 46.438411712646484, S_ratio: 0.42003366351127625
Iteration 2950, S: 45.360923767089844, S_ratio: 0.41388648748397827
Iteration 2960, S: 46.5834846496582, S_ratio: 0.42211633920669556
Iteration 2970, S: 53.52423095703125, S_ratio: 0.43161675333976746
Iteration 2980, S: 43.104454040527344, S_ratio: 0.4330140948295593
Iteration 2990, S: 44.52876663208008, S_ratio: 0.410982608795166
Iteration 3000, S: 38.8552131652832, S_ratio: 0.412466436624527
Iteration 3010, S: 43.325992584228516, S_ratio: 0.42571625113487244
Iteration 3020, S: 47.08342361450195, S_ratio: 0.42793068289756775
Iteration 3030, S: 44.43998718261719, S_ratio: 0.43590110540390015
Iteration 3040, S: 43.03313064575195, S_ratio: 0.4200339913368225
Iteration 3050, S: 43.93475341796875, S_ratio: 0.42753517627716064
Iteration 3060, S: 41.02987289428711, S_ratio: 0.41410571336746216
Iteration 3070, S: 32.36293029785156, S_ratio: 0.40057173371315
Iteration 3080, S: 34.999473571777344, S_ratio: 0.41171690821647644
Iteration 3090, S: 42.639400482177734, S_ratio: 0.42946282029151917
Iteration 3100, S: 54.38514709472656, S_ratio: 0.4293784499168396
Iteration 3110, S: 35.651390075683594, S_ratio: 0.419884592294693
Iteration 3120, S: 38.60346221923828, S_ratio: 0.41909295320510864
Iteration 3130, S: 38.21230697631836, S_ratio: 0.41343608498573303
Iteration 3140, S: 44.04426574707031, S_ratio: 0.42623665928840637
Iteration 3150, S: 38.83120346069336, S_ratio: 0.41198551654815674
Iteration 3160, S: 36.79779815673828, S_ratio: 0.4272177815437317
Iteration 3170, S: 38.408138275146484, S_ratio: 0.42000287771224976
Iteration 3180, S: 33.6338005065918, S_ratio: 0.41093793511390686
Iteration 3190, S: 57.95918655395508, S_ratio: 0.4331778883934021
Iteration 3200, S: 48.4378662109375, S_ratio: 0.42170509696006775
Iteration 3210, S: 33.803531646728516, S_ratio: 0.40730759501457214
Iteration 3220, S: 35.7127571105957, S_ratio: 0.4193163216114044
Iteration 3230, S: 38.45768737792969, S_ratio: 0.4155256152153015
Iteration 3240, S: 44.66446304321289, S_ratio: 0.43270164728164673
Iteration 3250, S: 44.153770446777344, S_ratio: 0.42624905705451965
Iteration 3260, S: 36.39405059814453, S_ratio: 0.41894444823265076
Iteration 3270, S: 35.504329681396484, S_ratio: 0.41328179836273193
Iteration 3280, S: 39.78178024291992, S_ratio: 0.4151068329811096
Iteration 3290, S: 34.961910247802734, S_ratio: 0.41939061880111694
Iteration 3300, S: 42.9929313659668, S_ratio: 0.4115096628665924
Iteration 3310, S: 40.31264877319336, S_ratio: 0.4130156934261322
Iteration 3320, S: 46.460540771484375, S_ratio: 0.4175758957862854
Iteration 3330, S: 43.831966400146484, S_ratio: 0.4290091097354889
Iteration 3340, S: 47.34880065917969, S_ratio: 0.41675934195518494
Iteration 3350, S: 37.59010696411133, S_ratio: 0.4099515378475189
Iteration 3360, S: 46.31624221801758, S_ratio: 0.4258814752101898
Iteration 3370, S: 41.7979736328125, S_ratio: 0.419473260641098
Iteration 3380, S: 38.9178352355957, S_ratio: 0.425123929977417
Iteration 3390, S: 41.8743782043457, S_ratio: 0.41080620884895325
Iteration 3400, S: 40.04287338256836, S_ratio: 0.41655299067497253
Iteration 3410, S: 45.481483459472656, S_ratio: 0.42863550782203674
Iteration 3420, S: 39.827579498291016, S_ratio: 0.4143911302089691
Iteration 3430, S: 41.283451080322266, S_ratio: 0.4122571647167206
Iteration 3440, S: 31.911651611328125, S_ratio: 0.4024587869644165
Iteration 3450, S: 39.771949768066406, S_ratio: 0.4149881601333618
Iteration 3460, S: 52.30345916748047, S_ratio: 0.42482659220695496
Iteration 3470, S: 37.78690719604492, S_ratio: 0.42106324434280396
Iteration 3480, S: 46.837425231933594, S_ratio: 0.4172537922859192
Iteration 3490, S: 41.008628845214844, S_ratio: 0.43140846490859985
Iteration 3500, S: 34.366641998291016, S_ratio: 0.4143226742744446
Iteration 3510, S: 37.614356994628906, S_ratio: 0.41158047318458557
Iteration 3520, S: 48.4962158203125, S_ratio: 0.4231114387512207
Iteration 3530, S: 50.604530334472656, S_ratio: 0.4257219135761261
Iteration 3540, S: 35.227684020996094, S_ratio: 0.40631023049354553
Iteration 3550, S: 36.00254440307617, S_ratio: 0.41527730226516724
Iteration 3560, S: 41.49624252319336, S_ratio: 0.4128289520740509
Iteration 3570, S: 53.62793731689453, S_ratio: 0.42878252267837524
Iteration 3580, S: 38.985294342041016, S_ratio: 0.418803334236145
Iteration 3590, S: 34.86528015136719, S_ratio: 0.4160256087779999
Iteration 3600, S: 46.54654312133789, S_ratio: 0.41710445284843445
Iteration 3610, S: 36.115562438964844, S_ratio: 0.41937050223350525
Iteration 3620, S: 42.30266189575195, S_ratio: 0.4191382825374603
Iteration 3630, S: 33.009361267089844, S_ratio: 0.4095183312892914
Iteration 3640, S: 35.972679138183594, S_ratio: 0.41476744413375854
Iteration 3650, S: 41.256717681884766, S_ratio: 0.39343583583831787
Iteration 3660, S: 52.21588134765625, S_ratio: 0.42964446544647217
Iteration 3670, S: 39.9758186340332, S_ratio: 0.43071624636650085
Iteration 3680, S: 41.08412170410156, S_ratio: 0.42258453369140625
Iteration 3690, S: 43.39710998535156, S_ratio: 0.4303770959377289
Iteration 3700, S: 35.18854904174805, S_ratio: 0.4149308204650879
Iteration 3710, S: 26.83629608154297, S_ratio: 0.40838611125946045
Iteration 3720, S: 46.87942886352539, S_ratio: 0.4183990955352783
Iteration 3730, S: 39.80287170410156, S_ratio: 0.4179023802280426
Iteration 3740, S: 49.74468994140625, S_ratio: 0.4207112789154053
Iteration 3750, S: 46.78658676147461, S_ratio: 0.44370922446250916
Iteration 3760, S: 39.061073303222656, S_ratio: 0.40573668479919434
Iteration 3770, S: 40.10528564453125, S_ratio: 0.41058018803596497
Iteration 3780, S: 53.1485481262207, S_ratio: 0.4278327524662018
Iteration 3790, S: 37.31072998046875, S_ratio: 0.42307186126708984
Iteration 3800, S: 51.976322174072266, S_ratio: 0.4246923625469208
Iteration 3810, S: 43.99223709106445, S_ratio: 0.41541972756385803
Iteration 3820, S: 52.23479080200195, S_ratio: 0.4272148609161377
Iteration 3830, S: 45.472198486328125, S_ratio: 0.4214974045753479
Iteration 3840, S: 43.2510986328125, S_ratio: 0.40581539273262024
Iteration 3850, S: 35.566253662109375, S_ratio: 0.4184105098247528
Iteration 3860, S: 42.654720306396484, S_ratio: 0.41879621148109436
Iteration 3870, S: 42.66747283935547, S_ratio: 0.4135945737361908
Iteration 3880, S: 47.39463806152344, S_ratio: 0.44048872590065
Iteration 3890, S: 42.082618713378906, S_ratio: 0.41658300161361694
Iteration 3900, S: 31.569799423217773, S_ratio: 0.4002721905708313
Iteration 3910, S: 36.2003173828125, S_ratio: 0.4038100242614746
Iteration 3920, S: 41.90345001220703, S_ratio: 0.42233332991600037
Iteration 3930, S: 44.381065368652344, S_ratio: 0.41836684942245483
Iteration 3940, S: 38.0467643737793, S_ratio: 0.42107951641082764
Iteration 3950, S: 45.85624694824219, S_ratio: 0.4221530556678772
Iteration 3960, S: 47.9975471496582, S_ratio: 0.41654646396636963
Iteration 3970, S: 38.6875114440918, S_ratio: 0.40371739864349365
Iteration 3980, S: 38.48686599731445, S_ratio: 0.40948933362960815
Iteration 3990, S: 39.2639045715332, S_ratio: 0.4140976071357727
Iteration 4000, S: 39.51459884643555, S_ratio: 0.4092298746109009
Iteration 4010, S: 36.60680389404297, S_ratio: 0.41417211294174194
Iteration 4020, S: 45.564430236816406, S_ratio: 0.42283692955970764
Iteration 4030, S: 39.15227508544922, S_ratio: 0.42161235213279724
Iteration 4040, S: 44.1313362121582, S_ratio: 0.4253407120704651
Iteration 4050, S: 38.24993133544922, S_ratio: 0.41434478759765625
Iteration 4060, S: 43.496761322021484, S_ratio: 0.4137963652610779
Iteration 4070, S: 43.264705657958984, S_ratio: 0.42549586296081543
Iteration 4080, S: 54.36236572265625, S_ratio: 0.4316428005695343
Iteration 4090, S: 44.55287551879883, S_ratio: 0.4257458448410034
Iteration 4100, S: 43.949729919433594, S_ratio: 0.4123956561088562
Iteration 4110, S: 38.63650131225586, S_ratio: 0.41999465227127075
Iteration 4120, S: 46.913795471191406, S_ratio: 0.407917857170105
Iteration 4130, S: 35.51683807373047, S_ratio: 0.39323824644088745
Iteration 4140, S: 35.3194694519043, S_ratio: 0.4083212912082672
Iteration 4150, S: 40.7893180847168, S_ratio: 0.42264971137046814
Iteration 4160, S: 38.15219497680664, S_ratio: 0.4162396192550659
Iteration 4170, S: 40.96472930908203, S_ratio: 0.4260501563549042
Iteration 4180, S: 39.0701904296875, S_ratio: 0.4137612581253052
Iteration 4190, S: 47.35087585449219, S_ratio: 0.4224309027194977
Iteration 4200, S: 34.959468841552734, S_ratio: 0.42206212878227234
Iteration 4210, S: 37.29495620727539, S_ratio: 0.41349077224731445
Iteration 4220, S: 48.7684326171875, S_ratio: 0.42221546173095703
Iteration 4230, S: 43.89653778076172, S_ratio: 0.4233000576496124
Iteration 4240, S: 41.8807487487793, S_ratio: 0.41736677289009094
Iteration 4250, S: 44.90100860595703, S_ratio: 0.4240844249725342
Iteration 4260, S: 44.2750129699707, S_ratio: 0.42880967259407043
Iteration 4270, S: 37.25341033935547, S_ratio: 0.41396066546440125
Iteration 4280, S: 41.13744354248047, S_ratio: 0.4219362139701843
Iteration 4290, S: 39.45323181152344, S_ratio: 0.4305030405521393
Iteration 4300, S: 31.333118438720703, S_ratio: 0.4081800878047943
Iteration 4310, S: 60.19698715209961, S_ratio: 0.4329471290111542
Iteration 4320, S: 31.51171112060547, S_ratio: 0.4214056730270386
Iteration 4330, S: 49.77851486206055, S_ratio: 0.4296565055847168
Iteration 4340, S: 41.22684860229492, S_ratio: 0.42819395661354065
Iteration 4350, S: 44.510597229003906, S_ratio: 0.41761112213134766
Iteration 4360, S: 39.80119323730469, S_ratio: 0.40933847427368164
Iteration 4370, S: 50.21866989135742, S_ratio: 0.4310479760169983
Iteration 4380, S: 46.516998291015625, S_ratio: 0.41528692841529846
Iteration 4390, S: 46.05378341674805, S_ratio: 0.4281940460205078
Iteration 4400, S: 34.34554672241211, S_ratio: 0.4049321115016937
Iteration 4410, S: 53.13759994506836, S_ratio: 0.4232828915119171
Iteration 4420, S: 39.53852462768555, S_ratio: 0.4207429587841034
Iteration 4430, S: 37.72072219848633, S_ratio: 0.42149677872657776
Iteration 4440, S: 40.44664764404297, S_ratio: 0.3976389765739441
Iteration 4450, S: 54.69830322265625, S_ratio: 0.4232281744480133
Iteration 4460, S: 41.50030517578125, S_ratio: 0.4175896644592285
Iteration 4470, S: 47.79970932006836, S_ratio: 0.4231126606464386
Iteration 4480, S: 36.52165985107422, S_ratio: 0.41112494468688965
Iteration 4490, S: 36.00126266479492, S_ratio: 0.42062118649482727
Iteration 4500, S: 36.587738037109375, S_ratio: 0.40760496258735657
Iteration 4510, S: 33.08258819580078, S_ratio: 0.4049176871776581
Iteration 4520, S: 37.23668670654297, S_ratio: 0.418828547000885
Iteration 4530, S: 49.6629753112793, S_ratio: 0.4258255362510681
Iteration 4540, S: 38.4798469543457, S_ratio: 0.41309884190559387
Iteration 4550, S: 41.74414825439453, S_ratio: 0.41803646087646484
Iteration 4560, S: 40.263206481933594, S_ratio: 0.42186620831489563
Iteration 4570, S: 34.88804244995117, S_ratio: 0.4062715470790863
Iteration 4580, S: 41.3126335144043, S_ratio: 0.42433393001556396
Iteration 4590, S: 39.03905487060547, S_ratio: 0.4225846230983734
Iteration 4600, S: 43.864105224609375, S_ratio: 0.4208172857761383
Iteration 4610, S: 38.60091018676758, S_ratio: 0.4110959470272064
Iteration 4620, S: 36.787078857421875, S_ratio: 0.40523865818977356
Iteration 4630, S: 42.03680419921875, S_ratio: 0.4189976751804352
Iteration 4640, S: 41.132625579833984, S_ratio: 0.41920098662376404
Iteration 4650, S: 42.764991760253906, S_ratio: 0.4184219241142273
Iteration 4660, S: 36.193477630615234, S_ratio: 0.41438764333724976
Iteration 4670, S: 44.52626419067383, S_ratio: 0.4261173605918884
Iteration 4680, S: 56.142311096191406, S_ratio: 0.4291590452194214
Iteration 4690, S: 46.083229064941406, S_ratio: 0.422683447599411
Iteration 4700, S: 41.38737869262695, S_ratio: 0.41403886675834656
Iteration 4710, S: 55.86033630371094, S_ratio: 0.44166260957717896
Iteration 4720, S: 40.39202880859375, S_ratio: 0.4160100221633911
Iteration 4730, S: 56.7515754699707, S_ratio: 0.424094021320343
Iteration 4740, S: 58.04294967651367, S_ratio: 0.42549189925193787
Iteration 4750, S: 38.750614166259766, S_ratio: 0.41940534114837646
Iteration 4760, S: 43.84221267700195, S_ratio: 0.4171828329563141
Iteration 4770, S: 35.3895378112793, S_ratio: 0.4103315472602844
Iteration 4780, S: 34.44285202026367, S_ratio: 0.41892117261886597
Iteration 4790, S: 41.90754318237305, S_ratio: 0.43140119314193726
Iteration 4800, S: 43.97236251831055, S_ratio: 0.4230557084083557
Iteration 4810, S: 50.23454284667969, S_ratio: 0.42115551233291626
Iteration 4820, S: 33.85817337036133, S_ratio: 0.3976942300796509
Iteration 4830, S: 46.99098587036133, S_ratio: 0.4221966862678528
Iteration 4840, S: 41.42119216918945, S_ratio: 0.42996981739997864
Iteration 4850, S: 39.012142181396484, S_ratio: 0.42786434292793274
Iteration 4860, S: 48.818416595458984, S_ratio: 0.4168856739997864
Iteration 4870, S: 35.40785598754883, S_ratio: 0.39506039023399353
Iteration 4880, S: 42.62312698364258, S_ratio: 0.4200761318206787
Iteration 4890, S: 53.74334716796875, S_ratio: 0.42618849873542786
Iteration 4900, S: 33.33460998535156, S_ratio: 0.42701733112335205
Iteration 4910, S: 50.9481201171875, S_ratio: 0.42092353105545044
Iteration 4920, S: 51.458736419677734, S_ratio: 0.42411819100379944
Iteration 4930, S: 55.73344802856445, S_ratio: 0.4389747381210327
Iteration 4940, S: 34.52985382080078, S_ratio: 0.4108024835586548
Iteration 4950, S: 37.229736328125, S_ratio: 0.3986121118068695
Iteration 4960, S: 53.41496276855469, S_ratio: 0.4302224814891815
Iteration 4970, S: 40.91681671142578, S_ratio: 0.4197899401187897
Iteration 4980, S: 38.02547073364258, S_ratio: 0.4177144765853882
Iteration 4990, S: 36.148216247558594, S_ratio: 0.4144573509693146
Iteration 5000, S: 35.900672912597656, S_ratio: 0.4193701446056366
Iteration 5010, S: 33.071937561035156, S_ratio: 0.4140186011791229
Iteration 5020, S: 38.5890007019043, S_ratio: 0.40201351046562195
Iteration 5030, S: 41.959686279296875, S_ratio: 0.4185018539428711
Iteration 5040, S: 39.396209716796875, S_ratio: 0.4165043532848358
Iteration 5050, S: 41.473079681396484, S_ratio: 0.42169860005378723
Iteration 5060, S: 41.62968063354492, S_ratio: 0.4116050601005554
Iteration 5070, S: 44.850440979003906, S_ratio: 0.4054443836212158
Iteration 5080, S: 40.23194122314453, S_ratio: 0.42262959480285645
Iteration 5090, S: 47.29827117919922, S_ratio: 0.4187440872192383
Iteration 5100, S: 37.58193588256836, S_ratio: 0.42680346965789795
Iteration 5110, S: 45.17570114135742, S_ratio: 0.4241369664669037
Iteration 5120, S: 34.499366760253906, S_ratio: 0.4108206629753113
Iteration 5130, S: 43.06827163696289, S_ratio: 0.4154762327671051
Iteration 5140, S: 38.64669418334961, S_ratio: 0.41609492897987366
Iteration 5150, S: 39.477413177490234, S_ratio: 0.418458491563797
Iteration 5160, S: 38.1652946472168, S_ratio: 0.41588079929351807
Iteration 5170, S: 41.5606689453125, S_ratio: 0.4202321171760559
Iteration 5180, S: 46.35559844970703, S_ratio: 0.41823723912239075
Iteration 5190, S: 47.181461334228516, S_ratio: 0.417934387922287
Iteration 5200, S: 38.77846908569336, S_ratio: 0.4092639088630676
Iteration 5210, S: 45.38884353637695, S_ratio: 0.4276069700717926
Iteration 5220, S: 46.64324951171875, S_ratio: 0.41611188650131226
Iteration 5230, S: 39.76557159423828, S_ratio: 0.4152214527130127
Iteration 5240, S: 56.136348724365234, S_ratio: 0.42997315526008606
Iteration 5250, S: 48.26948165893555, S_ratio: 0.42779555916786194
Iteration 5260, S: 43.40924835205078, S_ratio: 0.4208443760871887
Iteration 5270, S: 38.222686767578125, S_ratio: 0.41106897592544556
Iteration 5280, S: 33.58098220825195, S_ratio: 0.4118625521659851
Iteration 5290, S: 45.6771240234375, S_ratio: 0.4105287492275238
Iteration 5300, S: 39.269775390625, S_ratio: 0.4212949872016907
Iteration 5310, S: 48.405216217041016, S_ratio: 0.4308890402317047
Iteration 5320, S: 43.53594207763672, S_ratio: 0.41668784618377686
Iteration 5330, S: 48.22394561767578, S_ratio: 0.41703203320503235
Iteration 5340, S: 34.445091247558594, S_ratio: 0.405424565076828
Iteration 5350, S: 42.872474670410156, S_ratio: 0.4295887351036072
Iteration 5360, S: 41.563262939453125, S_ratio: 0.4170321524143219
Iteration 5370, S: 51.142887115478516, S_ratio: 0.4258301854133606
Iteration 5380, S: 48.964378356933594, S_ratio: 0.42118290066719055
Iteration 5390, S: 42.24026107788086, S_ratio: 0.41745537519454956
Iteration 5400, S: 38.42412567138672, S_ratio: 0.41128602623939514
Iteration 5410, S: 35.56795120239258, S_ratio: 0.41702401638031006
Iteration 5420, S: 42.32532501220703, S_ratio: 0.4152641296386719
Iteration 5430, S: 44.65187454223633, S_ratio: 0.4231743812561035
Iteration 5440, S: 38.6265754699707, S_ratio: 0.42106062173843384
Iteration 5450, S: 43.17321014404297, S_ratio: 0.41889432072639465
Iteration 5460, S: 32.54095458984375, S_ratio: 0.4266692101955414
Iteration 5470, S: 52.27796173095703, S_ratio: 0.42252877354621887
Iteration 5480, S: 39.42831039428711, S_ratio: 0.41373246908187866
Iteration 5490, S: 42.128387451171875, S_ratio: 0.4234828054904938
Iteration 5500, S: 34.37848663330078, S_ratio: 0.4111217260360718
Iteration 5510, S: 50.12245559692383, S_ratio: 0.41649603843688965
Iteration 5520, S: 44.87387466430664, S_ratio: 0.43456771969795227
Iteration 5530, S: 37.00819396972656, S_ratio: 0.4063410758972168
Iteration 5540, S: 34.3758544921875, S_ratio: 0.4160287380218506
Iteration 5550, S: 58.15648651123047, S_ratio: 0.4301515519618988
Iteration 5560, S: 45.23890686035156, S_ratio: 0.41700270771980286
Iteration 5570, S: 38.17416000366211, S_ratio: 0.4194334149360657
Iteration 5580, S: 42.05220413208008, S_ratio: 0.4110623300075531
Iteration 5590, S: 36.091678619384766, S_ratio: 0.41202932596206665
Iteration 5600, S: 48.959293365478516, S_ratio: 0.4246966540813446
Iteration 5610, S: 53.92863464355469, S_ratio: 0.42064744234085083
Iteration 5620, S: 38.892215728759766, S_ratio: 0.4180856943130493
Iteration 5630, S: 40.24336242675781, S_ratio: 0.41019508242607117
Iteration 5640, S: 29.152193069458008, S_ratio: 0.4041518568992615
Iteration 5650, S: 33.752750396728516, S_ratio: 0.41152921319007874
Iteration 5660, S: 51.5158805847168, S_ratio: 0.42036139965057373
Iteration 5670, S: 44.93898010253906, S_ratio: 0.41494885087013245
Iteration 5680, S: 29.472230911254883, S_ratio: 0.42190876603126526
Iteration 5690, S: 45.01203155517578, S_ratio: 0.42072176933288574
Iteration 5700, S: 37.357906341552734, S_ratio: 0.3997078239917755
Iteration 5710, S: 38.511573791503906, S_ratio: 0.4162333905696869
Iteration 5720, S: 48.15660858154297, S_ratio: 0.4267478287220001
Iteration 5730, S: 36.64432907104492, S_ratio: 0.4146774113178253
Iteration 5740, S: 45.65390396118164, S_ratio: 0.4325389862060547
Iteration 5750, S: 40.40353775024414, S_ratio: 0.41746532917022705
Iteration 5760, S: 38.25019073486328, S_ratio: 0.41740140318870544
Iteration 5770, S: 45.817420959472656, S_ratio: 0.42638906836509705
Iteration 5780, S: 48.84504699707031, S_ratio: 0.425266295671463
Iteration 5790, S: 41.22852325439453, S_ratio: 0.41416820883750916
Iteration 5800, S: 50.201568603515625, S_ratio: 0.42486822605133057
Iteration 5810, S: 42.06040954589844, S_ratio: 0.4158015847206116
Iteration 5820, S: 39.05785369873047, S_ratio: 0.4354110658168793
Iteration 5830, S: 39.0435676574707, S_ratio: 0.40592968463897705
Iteration 5840, S: 59.499122619628906, S_ratio: 0.44075992703437805
Iteration 5850, S: 40.566436767578125, S_ratio: 0.4157602787017822
Iteration 5860, S: 42.23846435546875, S_ratio: 0.4310225248336792
Iteration 5870, S: 31.87664222717285, S_ratio: 0.41488829255104065
Iteration 5880, S: 37.050662994384766, S_ratio: 0.41053372621536255
Iteration 5890, S: 52.8639030456543, S_ratio: 0.4323626160621643
Iteration 5900, S: 47.97362518310547, S_ratio: 0.4184494912624359
Iteration 5910, S: 41.352718353271484, S_ratio: 0.40997666120529175
Iteration 5920, S: 43.8003044128418, S_ratio: 0.4305511713027954
Iteration 5930, S: 40.93527603149414, S_ratio: 0.42974498867988586
Iteration 5940, S: 39.93223571777344, S_ratio: 0.4251004159450531
Iteration 5950, S: 43.969608306884766, S_ratio: 0.42139869928359985
Iteration 5960, S: 33.713199615478516, S_ratio: 0.41023606061935425
Iteration 5970, S: 38.03802490234375, S_ratio: 0.4235210716724396
Iteration 5980, S: 35.84981155395508, S_ratio: 0.41452932357788086
Iteration 5990, S: 42.26531219482422, S_ratio: 0.4196854531764984
Iteration 6000, S: 39.47965621948242, S_ratio: 0.4186818599700928
Iteration 6010, S: 36.63737106323242, S_ratio: 0.4135298728942871
Iteration 6020, S: 52.65869140625, S_ratio: 0.4272500276565552
Iteration 6030, S: 42.797691345214844, S_ratio: 0.40899449586868286
Iteration 6040, S: 37.46427536010742, S_ratio: 0.41259247064590454
Iteration 6050, S: 46.090415954589844, S_ratio: 0.42496874928474426
Iteration 6060, S: 44.380462646484375, S_ratio: 0.43266561627388
Iteration 6070, S: 41.30086135864258, S_ratio: 0.42000141739845276
Iteration 6080, S: 37.25837707519531, S_ratio: 0.4065561592578888
Iteration 6090, S: 40.154598236083984, S_ratio: 0.411043256521225
Iteration 6100, S: 37.48652267456055, S_ratio: 0.4066362977027893
Iteration 6110, S: 44.162479400634766, S_ratio: 0.4220038950443268
Iteration 6120, S: 32.6219482421875, S_ratio: 0.4153140187263489
Iteration 6130, S: 40.604122161865234, S_ratio: 0.4250054359436035
Iteration 6140, S: 38.020469665527344, S_ratio: 0.4114183485507965
Iteration 6150, S: 41.84383010864258, S_ratio: 0.4185000956058502
Iteration 6160, S: 51.04581832885742, S_ratio: 0.43602100014686584
Iteration 6170, S: 42.53334045410156, S_ratio: 0.42144590616226196
Iteration 6180, S: 34.7300910949707, S_ratio: 0.4056444466114044
Iteration 6190, S: 35.763187408447266, S_ratio: 0.42576050758361816
Iteration 6200, S: 40.92098617553711, S_ratio: 0.4138432443141937
Iteration 6210, S: 47.565616607666016, S_ratio: 0.4134257435798645
Iteration 6220, S: 45.01054382324219, S_ratio: 0.42117395997047424
Iteration 6230, S: 42.77667236328125, S_ratio: 0.4311274290084839
Iteration 6240, S: 36.17335510253906, S_ratio: 0.41773954033851624
Iteration 6250, S: 39.73855972290039, S_ratio: 0.40609389543533325
Iteration 6260, S: 33.45209884643555, S_ratio: 0.40871182084083557
Iteration 6270, S: 46.863121032714844, S_ratio: 0.4200700521469116
Iteration 6280, S: 51.58549880981445, S_ratio: 0.4280315041542053
Iteration 6290, S: 52.354522705078125, S_ratio: 0.42341864109039307
Iteration 6300, S: 47.22980880737305, S_ratio: 0.4174889922142029
Iteration 6310, S: 37.93878936767578, S_ratio: 0.41743072867393494
Iteration 6320, S: 38.01243591308594, S_ratio: 0.4105219542980194
Iteration 6330, S: 47.73164367675781, S_ratio: 0.43222707509994507
Iteration 6340, S: 36.09257888793945, S_ratio: 0.4248661696910858
Iteration 6350, S: 37.292781829833984, S_ratio: 0.43499690294265747
Iteration 6360, S: 48.467647552490234, S_ratio: 0.4190990924835205
Iteration 6370, S: 38.282737731933594, S_ratio: 0.4211779534816742
Iteration 6380, S: 34.24026870727539, S_ratio: 0.4188977777957916
Iteration 6390, S: 46.980987548828125, S_ratio: 0.4235559105873108
Iteration 6400, S: 32.91545486450195, S_ratio: 0.40485185384750366
Iteration 6410, S: 38.736106872558594, S_ratio: 0.42334920167922974
Iteration 6420, S: 30.79853057861328, S_ratio: 0.4127093553543091
Iteration 6430, S: 46.2665901184082, S_ratio: 0.42441514134407043
Iteration 6440, S: 46.16435623168945, S_ratio: 0.41847583651542664
Iteration 6450, S: 32.88156509399414, S_ratio: 0.4109237790107727
Iteration 6460, S: 42.83814239501953, S_ratio: 0.4062744677066803
Iteration 6470, S: 44.38029861450195, S_ratio: 0.424843430519104
Iteration 6480, S: 41.64411163330078, S_ratio: 0.4380057752132416
Iteration 6490, S: 36.63737106323242, S_ratio: 0.410281240940094
Iteration 6500, S: 55.6026496887207, S_ratio: 0.4322277307510376
Iteration 6510, S: 33.00501251220703, S_ratio: 0.4178674817085266
Iteration 6520, S: 39.62558364868164, S_ratio: 0.41920650005340576
Iteration 6530, S: 36.12274932861328, S_ratio: 0.409725159406662
Iteration 6540, S: 42.660316467285156, S_ratio: 0.4201105535030365
Iteration 6550, S: 39.80107879638672, S_ratio: 0.42728734016418457
Iteration 6560, S: 45.68069076538086, S_ratio: 0.41568177938461304
Iteration 6570, S: 47.67877197265625, S_ratio: 0.43023481965065
Iteration 6580, S: 32.75053787231445, S_ratio: 0.4151518940925598
Iteration 6590, S: 36.49552536010742, S_ratio: 0.4176098704338074
Iteration 6600, S: 45.34236145019531, S_ratio: 0.420613169670105
Iteration 6610, S: 36.392215728759766, S_ratio: 0.4164499342441559
Iteration 6620, S: 52.88166046142578, S_ratio: 0.426484614610672
Iteration 6630, S: 38.344810485839844, S_ratio: 0.3996575176715851
Iteration 6640, S: 46.53215026855469, S_ratio: 0.4324091374874115
Iteration 6650, S: 47.723304748535156, S_ratio: 0.42536529898643494
Iteration 6660, S: 30.083784103393555, S_ratio: 0.4131843149662018
Iteration 6670, S: 40.95142364501953, S_ratio: 0.41544950008392334
Iteration 6680, S: 33.16133117675781, S_ratio: 0.42095139622688293
Iteration 6690, S: 42.06167984008789, S_ratio: 0.4113643765449524
Iteration 6700, S: 33.11552810668945, S_ratio: 0.40528324246406555
Iteration 6710, S: 41.045467376708984, S_ratio: 0.4157922565937042
Iteration 6720, S: 47.387691497802734, S_ratio: 0.43414801359176636
Iteration 6730, S: 46.15825271606445, S_ratio: 0.4302903115749359
Iteration 6740, S: 37.3497314453125, S_ratio: 0.411732941865921
Iteration 6750, S: 44.2120475769043, S_ratio: 0.4292353689670563
Iteration 6760, S: 54.57096862792969, S_ratio: 0.43120864033699036
Iteration 6770, S: 39.861209869384766, S_ratio: 0.4204935133457184
Iteration 6780, S: 40.843597412109375, S_ratio: 0.41146838665008545
Iteration 6790, S: 34.46485137939453, S_ratio: 0.4228629767894745
Iteration 6800, S: 35.03035354614258, S_ratio: 0.40864601731300354
Iteration 6810, S: 44.57329177856445, S_ratio: 0.41442427039146423
Iteration 6820, S: 39.88764953613281, S_ratio: 0.41785258054733276
Iteration 6830, S: 38.470741271972656, S_ratio: 0.4223180115222931
Iteration 6840, S: 35.531768798828125, S_ratio: 0.41494622826576233
Iteration 6850, S: 38.6579475402832, S_ratio: 0.4242390990257263
Iteration 6860, S: 44.07467269897461, S_ratio: 0.42151007056236267
Iteration 6870, S: 32.35173034667969, S_ratio: 0.4031025469303131
Iteration 6880, S: 46.67410659790039, S_ratio: 0.4116652011871338
Iteration 6890, S: 34.040035247802734, S_ratio: 0.4085474908351898
Iteration 6900, S: 38.679988861083984, S_ratio: 0.4044691324234009
Iteration 6910, S: 39.02442932128906, S_ratio: 0.4116073548793793
Iteration 6920, S: 46.37590026855469, S_ratio: 0.4213820993900299
Iteration 6930, S: 56.05508041381836, S_ratio: 0.44017112255096436
Iteration 6940, S: 47.829105377197266, S_ratio: 0.410809189081192
Iteration 6950, S: 34.015403747558594, S_ratio: 0.416814923286438
Iteration 6960, S: 34.352210998535156, S_ratio: 0.4094160199165344
Iteration 6970, S: 37.929866790771484, S_ratio: 0.42941802740097046
Iteration 6980, S: 38.24351119995117, S_ratio: 0.4301711320877075
Iteration 6990, S: 43.71784210205078, S_ratio: 0.4262496829032898
Iteration 7000, S: 34.874916076660156, S_ratio: 0.42265060544013977
Iteration 7010, S: 35.105796813964844, S_ratio: 0.42346224188804626
Iteration 7020, S: 45.83675003051758, S_ratio: 0.4351619780063629
Iteration 7030, S: 43.57544708251953, S_ratio: 0.4260599911212921
Iteration 7040, S: 38.981204986572266, S_ratio: 0.4226859211921692
Iteration 7050, S: 47.08572769165039, S_ratio: 0.4198438823223114
Iteration 7060, S: 45.41878890991211, S_ratio: 0.42979899048805237
Iteration 7070, S: 48.54979705810547, S_ratio: 0.42533910274505615
Iteration 7080, S: 43.6898307800293, S_ratio: 0.42157047986984253
Iteration 7090, S: 38.88168716430664, S_ratio: 0.40713369846343994
Iteration 7100, S: 35.46951675415039, S_ratio: 0.40117502212524414
Iteration 7110, S: 32.73286056518555, S_ratio: 0.4128836393356323
Iteration 7120, S: 42.25698471069336, S_ratio: 0.4125332832336426
Iteration 7130, S: 31.71977424621582, S_ratio: 0.40162962675094604
Iteration 7140, S: 40.00045394897461, S_ratio: 0.42106547951698303
Iteration 7150, S: 56.61199188232422, S_ratio: 0.4272138476371765
Iteration 7160, S: 39.30960464477539, S_ratio: 0.4264081120491028
Iteration 7170, S: 44.00267791748047, S_ratio: 0.42709115147590637
Iteration 7180, S: 48.76884460449219, S_ratio: 0.43151745200157166
Iteration 7190, S: 48.65813446044922, S_ratio: 0.43550994992256165
Iteration 7200, S: 43.08834457397461, S_ratio: 0.4153710901737213
Iteration 7210, S: 35.59218215942383, S_ratio: 0.4102966785430908
Iteration 7220, S: 48.6565055847168, S_ratio: 0.42243820428848267
Iteration 7230, S: 47.9288444519043, S_ratio: 0.4245253801345825
Iteration 7240, S: 38.84803771972656, S_ratio: 0.41606253385543823
Iteration 7250, S: 45.49959182739258, S_ratio: 0.42335885763168335
Iteration 7260, S: 41.741275787353516, S_ratio: 0.42008888721466064
Iteration 7270, S: 40.19860076904297, S_ratio: 0.41446447372436523
Iteration 7280, S: 39.90902328491211, S_ratio: 0.42695513367652893
Iteration 7290, S: 39.9095344543457, S_ratio: 0.422513872385025
Iteration 7300, S: 48.634986877441406, S_ratio: 0.42562034726142883
Iteration 7310, S: 38.11556625366211, S_ratio: 0.4247351586818695
Iteration 7320, S: 44.47481155395508, S_ratio: 0.4341334402561188
Iteration 7330, S: 34.937747955322266, S_ratio: 0.4278019070625305
Iteration 7340, S: 40.45374298095703, S_ratio: 0.42220795154571533
Iteration 7350, S: 44.116600036621094, S_ratio: 0.4182164669036865
Iteration 7360, S: 41.02876663208008, S_ratio: 0.43469613790512085
Iteration 7370, S: 51.236881256103516, S_ratio: 0.4334380328655243
Iteration 7380, S: 40.26386642456055, S_ratio: 0.41853708028793335
Iteration 7390, S: 42.621604919433594, S_ratio: 0.4071717858314514
Iteration 7400, S: 44.46112823486328, S_ratio: 0.4277133643627167
Iteration 7410, S: 38.00257873535156, S_ratio: 0.4166121184825897
Iteration 7420, S: 40.373226165771484, S_ratio: 0.4228641986846924
Iteration 7430, S: 37.03870391845703, S_ratio: 0.4195112884044647
Iteration 7440, S: 34.01538848876953, S_ratio: 0.41066548228263855
Iteration 7450, S: 43.520450592041016, S_ratio: 0.4278776943683624
Iteration 7460, S: 41.91909408569336, S_ratio: 0.4223882555961609
Iteration 7470, S: 29.0501708984375, S_ratio: 0.4033086895942688
Iteration 7480, S: 46.64257049560547, S_ratio: 0.420012503862381
Iteration 7490, S: 36.91578674316406, S_ratio: 0.4244970977306366
Iteration 7500, S: 40.16815948486328, S_ratio: 0.41871699690818787
Iteration 7510, S: 42.9417610168457, S_ratio: 0.41825181245803833
Iteration 7520, S: 36.95326614379883, S_ratio: 0.42573970556259155
Iteration 7530, S: 38.45135498046875, S_ratio: 0.41301923990249634
Iteration 7540, S: 43.81193161010742, S_ratio: 0.4248042702674866
Iteration 7550, S: 48.74034118652344, S_ratio: 0.4323931336402893
Iteration 7560, S: 37.222442626953125, S_ratio: 0.4170875549316406
Iteration 7570, S: 44.97038650512695, S_ratio: 0.4230620563030243
Iteration 7580, S: 36.62727737426758, S_ratio: 0.4111597239971161
Iteration 7590, S: 31.745576858520508, S_ratio: 0.4032233953475952
Iteration 7600, S: 52.804100036621094, S_ratio: 0.423684686422348
Iteration 7610, S: 49.77754592895508, S_ratio: 0.43085870146751404
Iteration 7620, S: 43.44468688964844, S_ratio: 0.4201236665248871
Iteration 7630, S: 36.37924575805664, S_ratio: 0.41351863741874695
Iteration 7640, S: 41.36186981201172, S_ratio: 0.40881624817848206
Iteration 7650, S: 36.68525695800781, S_ratio: 0.40554046630859375
Iteration 7660, S: 49.115623474121094, S_ratio: 0.41432878375053406
Iteration 7670, S: 28.79659080505371, S_ratio: 0.40526220202445984
Iteration 7680, S: 40.59395980834961, S_ratio: 0.42239782214164734
Iteration 7690, S: 34.95127868652344, S_ratio: 0.41145482659339905
Iteration 7700, S: 33.232398986816406, S_ratio: 0.4004063308238983
Iteration 7710, S: 36.472381591796875, S_ratio: 0.42595982551574707
Iteration 7720, S: 42.56926345825195, S_ratio: 0.4143466353416443
Iteration 7730, S: 36.19392776489258, S_ratio: 0.418840616941452
Iteration 7740, S: 30.25048065185547, S_ratio: 0.41284456849098206
Iteration 7750, S: 30.540834426879883, S_ratio: 0.39828547835350037
Iteration 7760, S: 45.714393615722656, S_ratio: 0.4226391315460205
Iteration 7770, S: 40.172706604003906, S_ratio: 0.41709837317466736
Iteration 7780, S: 54.50041580200195, S_ratio: 0.42743751406669617
Iteration 7790, S: 29.76409912109375, S_ratio: 0.4059669077396393
Iteration 7800, S: 34.4866828918457, S_ratio: 0.4110589027404785
Iteration 7810, S: 51.1882438659668, S_ratio: 0.43882623314857483
Iteration 7820, S: 43.27388000488281, S_ratio: 0.4224781394004822
Iteration 7830, S: 44.87301254272461, S_ratio: 0.4194898009300232
Iteration 7840, S: 50.07936096191406, S_ratio: 0.42865753173828125
Iteration 7850, S: 38.97324752807617, S_ratio: 0.4193343222141266
Iteration 7860, S: 30.24953269958496, S_ratio: 0.40610775351524353
Iteration 7870, S: 42.22300338745117, S_ratio: 0.40178266167640686
Iteration 7880, S: 33.9809455871582, S_ratio: 0.41238266229629517
Iteration 7890, S: 39.53736877441406, S_ratio: 0.41469672322273254
Iteration 7900, S: 50.066192626953125, S_ratio: 0.4265851378440857
Iteration 7910, S: 32.24716567993164, S_ratio: 0.4010099768638611
Iteration 7920, S: 34.823787689208984, S_ratio: 0.414232462644577
Iteration 7930, S: 55.37506103515625, S_ratio: 0.42921140789985657
Iteration 7940, S: 22.76250648498535, S_ratio: 0.3883025646209717
Iteration 7950, S: 47.52767562866211, S_ratio: 0.4191882312297821
Iteration 7960, S: 38.599117279052734, S_ratio: 0.42118996381759644
Iteration 7970, S: 41.94095993041992, S_ratio: 0.4196510910987854
Iteration 7980, S: 41.14396667480469, S_ratio: 0.4240294396877289
Iteration 7990, S: 32.26016616821289, S_ratio: 0.4045886695384979
Iteration 8000, S: 52.07367706298828, S_ratio: 0.43112805485725403
Iteration 8010, S: 42.6959114074707, S_ratio: 0.42008543014526367
Iteration 8020, S: 46.757503509521484, S_ratio: 0.4146918058395386
Iteration 8030, S: 43.222225189208984, S_ratio: 0.42200544476509094
Iteration 8040, S: 36.084957122802734, S_ratio: 0.407198041677475
Iteration 8050, S: 33.2797737121582, S_ratio: 0.42115697264671326
Iteration 8060, S: 40.26738357543945, S_ratio: 0.4132271111011505
Iteration 8070, S: 45.24784469604492, S_ratio: 0.4248499572277069
Iteration 8080, S: 48.574867248535156, S_ratio: 0.4287087619304657
Iteration 8090, S: 48.62609100341797, S_ratio: 0.43361443281173706
Iteration 8100, S: 44.87903594970703, S_ratio: 0.41343429684638977
Iteration 8110, S: 39.22800064086914, S_ratio: 0.4058428704738617
Iteration 8120, S: 43.96817398071289, S_ratio: 0.4121205806732178
Iteration 8130, S: 45.29670333862305, S_ratio: 0.4194828271865845
Iteration 8140, S: 43.938446044921875, S_ratio: 0.42888811230659485
Iteration 8150, S: 38.00938034057617, S_ratio: 0.4289678931236267
Iteration 8160, S: 36.544979095458984, S_ratio: 0.42599886655807495
Iteration 8170, S: 45.89323043823242, S_ratio: 0.41652387380599976
Iteration 8180, S: 37.43486022949219, S_ratio: 0.4225716292858124
Iteration 8190, S: 42.712947845458984, S_ratio: 0.4217251241207123
Iteration 8200, S: 39.21623611450195, S_ratio: 0.4249478876590729
Iteration 8210, S: 39.992156982421875, S_ratio: 0.41620126366615295
Iteration 8220, S: 44.56047439575195, S_ratio: 0.4204614758491516
Iteration 8230, S: 49.978729248046875, S_ratio: 0.42797085642814636
Iteration 8240, S: 35.38494110107422, S_ratio: 0.41240787506103516
Iteration 8250, S: 32.994014739990234, S_ratio: 0.41151031851768494
Iteration 8260, S: 50.99489974975586, S_ratio: 0.4277549684047699
Iteration 8270, S: 40.54158020019531, S_ratio: 0.410430371761322
Iteration 8280, S: 45.63807678222656, S_ratio: 0.4260421693325043
Iteration 8290, S: 47.127403259277344, S_ratio: 0.42643436789512634
Iteration 8300, S: 41.104698181152344, S_ratio: 0.42125147581100464
Iteration 8310, S: 43.23191833496094, S_ratio: 0.4454338252544403
Iteration 8320, S: 45.84548568725586, S_ratio: 0.4199128746986389
Iteration 8330, S: 39.520545959472656, S_ratio: 0.42048636078834534
Iteration 8340, S: 50.497222900390625, S_ratio: 0.4281581938266754
Iteration 8350, S: 55.10491180419922, S_ratio: 0.4394225776195526
Iteration 8360, S: 44.14026641845703, S_ratio: 0.4162074625492096
Iteration 8370, S: 43.28730010986328, S_ratio: 0.43705713748931885
Iteration 8380, S: 38.4997444152832, S_ratio: 0.4187767207622528
Iteration 8390, S: 41.18113327026367, S_ratio: 0.42753931879997253
Iteration 8400, S: 57.662174224853516, S_ratio: 0.43345311284065247
Iteration 8410, S: 40.030086517333984, S_ratio: 0.42258667945861816
Iteration 8420, S: 58.15933609008789, S_ratio: 0.43601134419441223
Iteration 8430, S: 34.67975997924805, S_ratio: 0.4118867814540863
Iteration 8440, S: 40.252723693847656, S_ratio: 0.4252625107765198
Iteration 8450, S: 40.565059661865234, S_ratio: 0.42696642875671387
Iteration 8460, S: 38.55971908569336, S_ratio: 0.4197947084903717
Iteration 8470, S: 28.112686157226562, S_ratio: 0.3980567455291748
Iteration 8480, S: 43.291873931884766, S_ratio: 0.4221155345439911
Iteration 8490, S: 39.88504409790039, S_ratio: 0.42254841327667236
Iteration 8500, S: 42.249019622802734, S_ratio: 0.4314451813697815
Iteration 8510, S: 39.845420837402344, S_ratio: 0.42100995779037476
Iteration 8520, S: 42.59910583496094, S_ratio: 0.4124981462955475
Iteration 8530, S: 41.301273345947266, S_ratio: 0.4063030481338501
Iteration 8540, S: 36.66862869262695, S_ratio: 0.4163222014904022
Iteration 8550, S: 34.868499755859375, S_ratio: 0.4272592067718506
Iteration 8560, S: 44.75022506713867, S_ratio: 0.4201785624027252
Iteration 8570, S: 33.07968521118164, S_ratio: 0.43170619010925293
Iteration 8580, S: 39.07795715332031, S_ratio: 0.4039594233036041
Iteration 8590, S: 38.872344970703125, S_ratio: 0.40772682428359985
Iteration 8600, S: 38.64018630981445, S_ratio: 0.435651957988739
Iteration 8610, S: 40.4125862121582, S_ratio: 0.42435622215270996
Iteration 8620, S: 39.778873443603516, S_ratio: 0.41681715846061707
Iteration 8630, S: 44.5211296081543, S_ratio: 0.42641428112983704
Iteration 8640, S: 38.77741622924805, S_ratio: 0.4164135456085205
Iteration 8650, S: 41.924034118652344, S_ratio: 0.42056381702423096
Iteration 8660, S: 48.517398834228516, S_ratio: 0.420787513256073
Iteration 8670, S: 37.362579345703125, S_ratio: 0.4102391004562378
Iteration 8680, S: 46.936500549316406, S_ratio: 0.419741153717041
Iteration 8690, S: 42.45338439941406, S_ratio: 0.4210432469844818
Iteration 8700, S: 43.05437469482422, S_ratio: 0.43526652455329895
Iteration 8710, S: 48.050724029541016, S_ratio: 0.4188307523727417
Iteration 8720, S: 34.282413482666016, S_ratio: 0.41369032859802246
Iteration 8730, S: 33.39567947387695, S_ratio: 0.413149893283844
Iteration 8740, S: 36.19341278076172, S_ratio: 0.407716304063797
Iteration 8750, S: 37.31448745727539, S_ratio: 0.4163043200969696
Iteration 8760, S: 43.75912857055664, S_ratio: 0.4388047754764557
Iteration 8770, S: 41.14703369140625, S_ratio: 0.42742252349853516
Iteration 8780, S: 39.52180862426758, S_ratio: 0.41069164872169495
Iteration 8790, S: 51.135215759277344, S_ratio: 0.4242701828479767
Iteration 8800, S: 48.13908767700195, S_ratio: 0.4128549098968506
Iteration 8810, S: 48.15773391723633, S_ratio: 0.4290017783641815
Iteration 8820, S: 36.71438217163086, S_ratio: 0.41710102558135986
Iteration 8830, S: 32.382877349853516, S_ratio: 0.41264814138412476
Iteration 8840, S: 32.491153717041016, S_ratio: 0.4178256094455719
Iteration 8850, S: 36.85986328125, S_ratio: 0.4086388349533081
Iteration 8860, S: 50.43630599975586, S_ratio: 0.42959100008010864
Iteration 8870, S: 48.15792465209961, S_ratio: 0.42121508717536926
Iteration 8880, S: 42.939022064208984, S_ratio: 0.41643306612968445
Iteration 8890, S: 39.68378829956055, S_ratio: 0.4209337532520294
Iteration 8900, S: 42.909732818603516, S_ratio: 0.41791531443595886
Iteration 8910, S: 43.458499908447266, S_ratio: 0.41485071182250977
Iteration 8920, S: 52.062416076660156, S_ratio: 0.42796218395233154
Iteration 8930, S: 44.43849563598633, S_ratio: 0.41421258449554443
Iteration 8940, S: 38.297080993652344, S_ratio: 0.41657114028930664
Iteration 8950, S: 49.48841094970703, S_ratio: 0.42700645327568054
Iteration 8960, S: 41.63010025024414, S_ratio: 0.4084947407245636
Iteration 8970, S: 43.2162971496582, S_ratio: 0.41276898980140686
Iteration 8980, S: 47.17304229736328, S_ratio: 0.4238293468952179
Iteration 8990, S: 33.73842239379883, S_ratio: 0.41801443696022034
Iteration 9000, S: 36.868534088134766, S_ratio: 0.4085372984409332
Iteration 9010, S: 35.783477783203125, S_ratio: 0.4130179286003113
Iteration 9020, S: 41.0126838684082, S_ratio: 0.41341105103492737
Iteration 9030, S: 32.57095718383789, S_ratio: 0.41135767102241516
Iteration 9040, S: 42.50786209106445, S_ratio: 0.41855672001838684
Iteration 9050, S: 41.63849639892578, S_ratio: 0.41563495993614197
Iteration 9060, S: 42.098636627197266, S_ratio: 0.4253424108028412
Iteration 9070, S: 31.75887680053711, S_ratio: 0.3977120518684387
Iteration 9080, S: 38.12405014038086, S_ratio: 0.4156917631626129
Iteration 9090, S: 36.637298583984375, S_ratio: 0.40473008155822754
Iteration 9100, S: 52.675193786621094, S_ratio: 0.4259304702281952
Iteration 9110, S: 31.25850486755371, S_ratio: 0.4115959703922272
Iteration 9120, S: 31.9583683013916, S_ratio: 0.4203304052352905
Iteration 9130, S: 34.86867904663086, S_ratio: 0.4172288775444031
Iteration 9140, S: 42.24267578125, S_ratio: 0.41761404275894165
Iteration 9150, S: 46.051979064941406, S_ratio: 0.4110304117202759
Iteration 9160, S: 51.56120681762695, S_ratio: 0.43791139125823975
Iteration 9170, S: 46.23757553100586, S_ratio: 0.4355550706386566
Iteration 9180, S: 39.11824417114258, S_ratio: 0.4139120578765869
Iteration 9190, S: 50.8172607421875, S_ratio: 0.4296875298023224
Iteration 9200, S: 45.888343811035156, S_ratio: 0.42496731877326965
Iteration 9210, S: 35.74138641357422, S_ratio: 0.41681429743766785
Iteration 9220, S: 41.68165588378906, S_ratio: 0.4117574691772461
Iteration 9230, S: 38.660743713378906, S_ratio: 0.4193674921989441
Iteration 9240, S: 32.502044677734375, S_ratio: 0.4219221770763397
Iteration 9250, S: 42.97862243652344, S_ratio: 0.41938769817352295
Iteration 9260, S: 36.144798278808594, S_ratio: 0.4167667031288147
Iteration 9270, S: 43.630699157714844, S_ratio: 0.4159768521785736
Iteration 9280, S: 56.89787292480469, S_ratio: 0.42528170347213745
Iteration 9290, S: 32.28583526611328, S_ratio: 0.3969957232475281
Iteration 9300, S: 34.388710021972656, S_ratio: 0.41805288195610046
Iteration 9310, S: 41.3815803527832, S_ratio: 0.4264751076698303
Iteration 9320, S: 40.808834075927734, S_ratio: 0.42294150590896606
Iteration 9330, S: 36.949493408203125, S_ratio: 0.420891672372818
Iteration 9340, S: 36.77159118652344, S_ratio: 0.42227840423583984
Iteration 9350, S: 41.13813018798828, S_ratio: 0.42222654819488525
Iteration 9360, S: 34.58083724975586, S_ratio: 0.40624821186065674
Iteration 9370, S: 44.06257247924805, S_ratio: 0.43045464158058167
Iteration 9380, S: 38.17205047607422, S_ratio: 0.41758671402931213
Iteration 9390, S: 40.16092300415039, S_ratio: 0.41477152705192566
Iteration 9400, S: 44.922725677490234, S_ratio: 0.4278606176376343
Iteration 9410, S: 36.44072341918945, S_ratio: 0.42740216851234436
Iteration 9420, S: 48.5797004699707, S_ratio: 0.4218747615814209
Iteration 9430, S: 44.14380645751953, S_ratio: 0.4199404716491699
Iteration 9440, S: 45.34809875488281, S_ratio: 0.4215850234031677
Iteration 9450, S: 36.601341247558594, S_ratio: 0.44057464599609375
Iteration 9460, S: 39.73569869995117, S_ratio: 0.4287833273410797
Iteration 9470, S: 41.88062286376953, S_ratio: 0.4280480146408081
Iteration 9480, S: 43.854270935058594, S_ratio: 0.42611587047576904
Iteration 9490, S: 38.887786865234375, S_ratio: 0.4079141318798065
Iteration 9500, S: 37.871639251708984, S_ratio: 0.40885689854621887
Iteration 9510, S: 37.23469161987305, S_ratio: 0.4164730906486511
Iteration 9520, S: 42.47115707397461, S_ratio: 0.4170093238353729
Iteration 9530, S: 45.164554595947266, S_ratio: 0.42216044664382935
Iteration 9540, S: 33.94206619262695, S_ratio: 0.3960849642753601
Iteration 9550, S: 46.892730712890625, S_ratio: 0.43405595421791077
Iteration 9560, S: 47.225791931152344, S_ratio: 0.422096312046051
Iteration 9570, S: 33.59685516357422, S_ratio: 0.4314272403717041
Iteration 9580, S: 41.220680236816406, S_ratio: 0.4194257855415344
Iteration 9590, S: 51.5947265625, S_ratio: 0.42787760496139526
Iteration 9600, S: 43.504581451416016, S_ratio: 0.42744025588035583
Iteration 9610, S: 41.10434341430664, S_ratio: 0.40289822220802307
Iteration 9620, S: 34.84235382080078, S_ratio: 0.4023439288139343
Iteration 9630, S: 38.06801986694336, S_ratio: 0.42054617404937744
Iteration 9640, S: 38.413177490234375, S_ratio: 0.43887174129486084
Iteration 9650, S: 32.61459732055664, S_ratio: 0.40089327096939087
Iteration 9660, S: 38.437808990478516, S_ratio: 0.4301520884037018
Iteration 9670, S: 31.00061798095703, S_ratio: 0.42144376039505005
Iteration 9680, S: 34.368961334228516, S_ratio: 0.42041704058647156
Iteration 9690, S: 40.2357177734375, S_ratio: 0.41611403226852417
Iteration 9700, S: 37.46323776245117, S_ratio: 0.41881898045539856
Iteration 9710, S: 47.71124267578125, S_ratio: 0.4302523732185364
Iteration 9720, S: 42.392234802246094, S_ratio: 0.42405757308006287
Iteration 9730, S: 40.0734977722168, S_ratio: 0.4218313992023468
Iteration 9740, S: 49.181419372558594, S_ratio: 0.41544702649116516
Iteration 9750, S: 46.22435760498047, S_ratio: 0.42423710227012634
Iteration 9760, S: 38.878116607666016, S_ratio: 0.4159104526042938
Iteration 9770, S: 42.681114196777344, S_ratio: 0.4222376346588135
Iteration 9780, S: 33.206787109375, S_ratio: 0.40921133756637573
Iteration 9790, S: 54.1151123046875, S_ratio: 0.42817339301109314
Iteration 9800, S: 41.76514434814453, S_ratio: 0.4107761085033417
Iteration 9810, S: 35.61579895019531, S_ratio: 0.4185449481010437
Iteration 9820, S: 39.349613189697266, S_ratio: 0.4055272042751312
Iteration 9830, S: 35.46181869506836, S_ratio: 0.4109841287136078
Iteration 9840, S: 47.919246673583984, S_ratio: 0.4088066518306732
Iteration 9850, S: 37.68603515625, S_ratio: 0.41912493109703064
Iteration 9860, S: 33.10103988647461, S_ratio: 0.3932760953903198
Iteration 9870, S: 53.01778030395508, S_ratio: 0.4328939914703369
Iteration 9880, S: 38.728416442871094, S_ratio: 0.42711907625198364
Iteration 9890, S: 41.579994201660156, S_ratio: 0.42211708426475525
Iteration 9900, S: 49.72066879272461, S_ratio: 0.437505304813385
Iteration 9910, S: 41.878353118896484, S_ratio: 0.41893821954727173
Iteration 9920, S: 36.50932312011719, S_ratio: 0.41398417949676514
Iteration 9930, S: 38.284423828125, S_ratio: 0.4174373149871826
Iteration 9940, S: 40.102481842041016, S_ratio: 0.4223286509513855
Iteration 9950, S: 32.29469299316406, S_ratio: 0.3999519646167755
Iteration 9960, S: 43.7440071105957, S_ratio: 0.41954049468040466
Iteration 9970, S: 35.48844909667969, S_ratio: 0.40864402055740356
Iteration 9980, S: 39.298004150390625, S_ratio: 0.4144502878189087
Iteration 9990, S: 41.83668518066406, S_ratio: 0.414581298828125
