Loading rhel8/default-amp
  Loading requirement: dot rhel8/slurm singularity/current rhel8/global
    cuda/11.4 libpciaccess/0.16/gcc-9.4.0-6fonbj6
    libiconv/1.16/gcc-9.4.0-ahebbov libxml2/2.9.12/gcc-9.4.0-gnknt5e
    ncurses/6.2/gcc-9.4.0-aiirok7 hwloc/2.5.0/gcc-9.4.0-7sqomga
    libevent/2.1.12/gcc-9.4.0-hgny7cm numactl/2.0.14/gcc-9.4.0-52dwc6n
    cuda/11.4.0/gcc-9.4.0-3hnxhjt gdrcopy/2.2/gcc-9.4.0-e4igtfp
    knem/1.1.4/gcc-9.4.0-bpbxgva libnl/3.3.0/gcc-9.4.0-whwhrwb
    rdma-core/34.0/gcc-9.4.0-5eo5n2u ucx/1.11.1/gcc-9.4.0-lktqyl4
    openmpi/4.1.1/gcc-9.4.0-epagguv
2024-06-02 08:32:45.903057: W external/xla/xla/service/gpu/nvptx_compiler.cc:760] The NVIDIA driver's CUDA version is 12.2 which is older than the ptxas CUDA version (12.5.40). Because the driver is older than the ptxas version, XLA is disabling parallel compilation, which may slow down compilation. You should update your NVIDIA driver or use the NVIDIA-provided CUDA forward compatibility packages.
wandb: Currently logged in as: arielle-rosinski (arielle_rosinski). Use `wandb login --relogin` to force relogin
wandb: Tracking run with wandb version 0.17.0
wandb: Run data is saved locally in /rds/user/ar2217/hpc-work/SCA/SCA_project/cluster_launch/wandb/run-20240602_083249-gq5n5kdo
wandb: Run `wandb offline` to turn off syncing.
wandb: Syncing run d=3.2
wandb: ⭐️ View project at https://wandb.ai/arielle_rosinski/SCA-project-MC_Maze
wandb: 🚀 View run at https://wandb.ai/arielle_rosinski/SCA-project-MC_Maze/runs/gq5n5kdo
wandb: - 0.014 MB of 0.080 MB uploadedwandb: \ 0.014 MB of 0.080 MB uploadedwandb: | 0.080 MB of 0.080 MB uploadedwandb:                                                                                
wandb: 
wandb: Run history:
wandb: S_ratio ▁▄▆▇▅▅▇▆▆▆▇█▇▇▇▇▆▆▆▆▇▆▇▆▆▇▆▅▆▅▇▅▇▆▆▇▆▇▆▇
wandb:   loss_ ███▇▇▆▆▆▆▅▅▆▃▅▆▁▂▅▄▄▂▆▄▅▄▄▄▇▅▆▅▆▂▇▅▆▄▄▅▄
wandb: 
wandb: Run summary:
wandb: S_ratio 0.49192
wandb:   loss_ -242.78404
wandb: 
wandb: 🚀 View run d=3.2 at: https://wandb.ai/arielle_rosinski/SCA-project-MC_Maze/runs/gq5n5kdo
wandb: ⭐️ View project at: https://wandb.ai/arielle_rosinski/SCA-project-MC_Maze
wandb: Synced 5 W&B file(s), 0 media file(s), 0 artifact file(s) and 0 other file(s)
wandb: Find logs at: ./wandb/run-20240602_083249-gq5n5kdo/logs
Iteration 0, S: 5.511536598205566, S_ratio: 0.10867481678724289
Iteration 10, S: 7.027310848236084, S_ratio: 0.23889312148094177
Iteration 20, S: 4.323902606964111, S_ratio: 0.15331296622753143
Iteration 30, S: 3.9853029251098633, S_ratio: 0.10510364174842834
Iteration 40, S: 1.8777334690093994, S_ratio: 0.08503981679677963
Iteration 50, S: 2.3543434143066406, S_ratio: 0.05564521998167038
Iteration 60, S: 3.2448222637176514, S_ratio: 0.1644216775894165
Iteration 70, S: 8.099639892578125, S_ratio: 0.19593040645122528
Iteration 80, S: 5.057068824768066, S_ratio: 0.12338873744010925
Iteration 90, S: 8.143756866455078, S_ratio: 0.15330073237419128
Iteration 100, S: 1.7234385013580322, S_ratio: 0.06544385105371475
Iteration 110, S: 26.39299201965332, S_ratio: 0.2412126511335373
Iteration 120, S: 16.110965728759766, S_ratio: 0.2332039177417755
Iteration 130, S: 22.02610969543457, S_ratio: 0.1642756462097168
Iteration 140, S: 9.13209342956543, S_ratio: 0.16756373643875122
Iteration 150, S: 11.981823921203613, S_ratio: 0.3114960193634033
Iteration 160, S: 13.73421573638916, S_ratio: 0.1987033635377884
Iteration 170, S: 23.488483428955078, S_ratio: 0.2847330868244171
Iteration 180, S: 17.346527099609375, S_ratio: 0.5201568603515625
Iteration 190, S: 12.248383522033691, S_ratio: 0.20004969835281372
Iteration 200, S: 12.550442695617676, S_ratio: 0.179612398147583
Iteration 210, S: 26.22235107421875, S_ratio: 0.2782716751098633
Iteration 220, S: 18.653362274169922, S_ratio: 0.360788494348526
Iteration 230, S: 21.1875, S_ratio: 0.2980283200740814
Iteration 240, S: 9.200335502624512, S_ratio: 0.16700029373168945
Iteration 250, S: 12.823874473571777, S_ratio: 0.3301877975463867
Iteration 260, S: 24.394330978393555, S_ratio: 0.3726575970649719
Iteration 270, S: 16.63046646118164, S_ratio: 0.2703719437122345
Iteration 280, S: 27.2041015625, S_ratio: 0.4427728056907654
Iteration 290, S: 30.226520538330078, S_ratio: 0.2652556896209717
Iteration 300, S: 25.9354190826416, S_ratio: 0.28086283802986145
Iteration 310, S: 22.08162498474121, S_ratio: 0.4527396559715271
Iteration 320, S: 10.841085433959961, S_ratio: 0.16815508902072906
Iteration 330, S: 19.16005516052246, S_ratio: 0.39209553599357605
Iteration 340, S: 70.04641723632812, S_ratio: 0.3284708857536316
Iteration 350, S: 8.945636749267578, S_ratio: 0.23280780017375946
Iteration 360, S: 24.34328269958496, S_ratio: 0.3144824504852295
Iteration 370, S: 36.4492073059082, S_ratio: 0.3530435562133789
Iteration 380, S: 14.426148414611816, S_ratio: 0.32893115282058716
Iteration 390, S: 19.95603370666504, S_ratio: 0.3447909653186798
Iteration 400, S: 19.78243064880371, S_ratio: 0.40825122594833374
Iteration 410, S: 55.146240234375, S_ratio: 0.3561333119869232
Iteration 420, S: 54.505619049072266, S_ratio: 0.40023073554039
Iteration 430, S: 26.81312370300293, S_ratio: 0.3318151831626892
Iteration 440, S: 61.531063079833984, S_ratio: 0.4568118155002594
Iteration 450, S: 12.133793830871582, S_ratio: 0.2605327069759369
Iteration 460, S: 22.22809600830078, S_ratio: 0.27612072229385376
Iteration 470, S: 48.39916229248047, S_ratio: 0.745067834854126
Iteration 480, S: 62.62378692626953, S_ratio: 0.29198789596557617
Iteration 490, S: 93.31903839111328, S_ratio: 0.3678506314754486
Iteration 500, S: 38.11758041381836, S_ratio: 0.5201618075370789
Iteration 510, S: 33.75174331665039, S_ratio: 0.40402400493621826
Iteration 520, S: 31.937206268310547, S_ratio: 0.27791064977645874
Iteration 530, S: 24.44302749633789, S_ratio: 0.4127824902534485
Iteration 540, S: 117.51148223876953, S_ratio: 0.3210916221141815
Iteration 550, S: 51.33720016479492, S_ratio: 0.3405204117298126
Iteration 560, S: 94.37706756591797, S_ratio: 0.4767262041568756
Iteration 570, S: 40.4868278503418, S_ratio: 0.30847492814064026
Iteration 580, S: 40.801631927490234, S_ratio: 0.43531128764152527
Iteration 590, S: 51.79730987548828, S_ratio: 1.3780378103256226
Iteration 600, S: 44.66725540161133, S_ratio: 0.35701680183410645
Iteration 610, S: 94.3638687133789, S_ratio: 0.3591286540031433
Iteration 620, S: 94.60547637939453, S_ratio: 0.5002883672714233
Iteration 630, S: 65.67365264892578, S_ratio: 0.7016927599906921
Iteration 640, S: 64.06556701660156, S_ratio: 0.6209803223609924
Iteration 650, S: 103.19796752929688, S_ratio: 0.5317046046257019
Iteration 660, S: 38.82733154296875, S_ratio: 0.36653441190719604
Iteration 670, S: 58.29336166381836, S_ratio: 0.7404030561447144
Iteration 680, S: 59.79242706298828, S_ratio: 0.5250295400619507
Iteration 690, S: 103.96855163574219, S_ratio: 0.6018210649490356
Iteration 700, S: 75.66441345214844, S_ratio: 0.3932133913040161
Iteration 710, S: 200.81446838378906, S_ratio: 0.38780906796455383
Iteration 720, S: 109.16094207763672, S_ratio: 0.9783361554145813
Iteration 730, S: 132.56349182128906, S_ratio: 0.4262203872203827
Iteration 740, S: 188.61009216308594, S_ratio: 0.5231834650039673
Iteration 750, S: 62.85354232788086, S_ratio: 0.4131641387939453
Iteration 760, S: 45.7508544921875, S_ratio: 0.4574447572231293
Iteration 770, S: 123.03853607177734, S_ratio: 0.38157033920288086
Iteration 780, S: 61.90172576904297, S_ratio: 0.3384321331977844
Iteration 790, S: 130.3898162841797, S_ratio: 0.7696428298950195
Iteration 800, S: 54.58273696899414, S_ratio: 0.3006511628627777
Iteration 810, S: 145.2891845703125, S_ratio: 0.5911766290664673
Iteration 820, S: 149.38058471679688, S_ratio: 0.32359597086906433
Iteration 830, S: 145.297607421875, S_ratio: 0.7852440476417542
Iteration 840, S: 108.85862731933594, S_ratio: 0.4393485486507416
Iteration 850, S: 36.668758392333984, S_ratio: 0.2707556188106537
Iteration 860, S: 132.4642791748047, S_ratio: 0.7462179660797119
Iteration 870, S: 280.7508850097656, S_ratio: 0.42373716831207275
Iteration 880, S: 112.30240631103516, S_ratio: 0.3807991147041321
Iteration 890, S: 256.6723327636719, S_ratio: 0.35468941926956177
Iteration 900, S: 127.28600311279297, S_ratio: 0.34948843717575073
Iteration 910, S: 176.16114807128906, S_ratio: 0.5625558495521545
Iteration 920, S: 198.81336975097656, S_ratio: 0.4728478789329529
Iteration 930, S: 118.88774108886719, S_ratio: 0.38493868708610535
Iteration 940, S: 65.8646240234375, S_ratio: 0.36794745922088623
Iteration 950, S: 121.55923461914062, S_ratio: 0.3994910717010498
Iteration 960, S: 149.4716796875, S_ratio: 0.5459803342819214
Iteration 970, S: 77.4593505859375, S_ratio: 0.43788665533065796
Iteration 980, S: 70.11857604980469, S_ratio: 0.3666139245033264
Iteration 990, S: 69.63880157470703, S_ratio: 0.3325745463371277
Iteration 1000, S: 272.7900085449219, S_ratio: 0.4356183111667633
Iteration 1010, S: 105.0140609741211, S_ratio: 0.37001216411590576
Iteration 1020, S: 231.97021484375, S_ratio: 0.45003771781921387
Iteration 1030, S: 55.01241683959961, S_ratio: 0.3351672291755676
Iteration 1040, S: 57.15341567993164, S_ratio: 0.2997519373893738
Iteration 1050, S: 127.88557434082031, S_ratio: 0.42047011852264404
Iteration 1060, S: 387.9000244140625, S_ratio: 0.4014779329299927
Iteration 1070, S: 100.29441833496094, S_ratio: 0.3652176856994629
Iteration 1080, S: 307.09735107421875, S_ratio: 0.3742721378803253
Iteration 1090, S: 169.35366821289062, S_ratio: 0.37330710887908936
Iteration 1100, S: 108.74798583984375, S_ratio: 0.3889581859111786
Iteration 1110, S: 156.75216674804688, S_ratio: 0.447937548160553
Iteration 1120, S: 299.16387939453125, S_ratio: 0.3990177810192108
Iteration 1130, S: 179.24066162109375, S_ratio: 0.39806050062179565
Iteration 1140, S: 251.2347869873047, S_ratio: 0.38354945182800293
Iteration 1150, S: 116.62700653076172, S_ratio: 0.627159595489502
Iteration 1160, S: 204.3885498046875, S_ratio: 0.34534475207328796
Iteration 1170, S: 56.07380676269531, S_ratio: 0.29280972480773926
Iteration 1180, S: 224.505615234375, S_ratio: 0.360022634267807
Iteration 1190, S: 153.0065460205078, S_ratio: 0.5672013163566589
Iteration 1200, S: 169.25132751464844, S_ratio: 0.37033674120903015
Iteration 1210, S: 218.49996948242188, S_ratio: 0.4851590692996979
Iteration 1220, S: 188.8278045654297, S_ratio: 0.7122687101364136
Iteration 1230, S: 253.3379669189453, S_ratio: 0.40610939264297485
Iteration 1240, S: 259.5072326660156, S_ratio: 0.4840499758720398
Iteration 1250, S: 313.31146240234375, S_ratio: 0.428292840719223
Iteration 1260, S: 230.7765350341797, S_ratio: 0.36737072467803955
Iteration 1270, S: 198.10215759277344, S_ratio: 0.421284943819046
Iteration 1280, S: 186.3982696533203, S_ratio: 0.365779310464859
Iteration 1290, S: 136.58485412597656, S_ratio: 0.4899943768978119
Iteration 1300, S: 217.95681762695312, S_ratio: 0.5276192426681519
Iteration 1310, S: 175.6742401123047, S_ratio: 0.4495517909526825
Iteration 1320, S: 285.9022521972656, S_ratio: 0.3825296461582184
Iteration 1330, S: 263.22894287109375, S_ratio: 0.37430036067962646
Iteration 1340, S: 323.2665100097656, S_ratio: 0.39068466424942017
Iteration 1350, S: 220.49417114257812, S_ratio: 0.35417357087135315
Iteration 1360, S: 132.24560546875, S_ratio: 0.4274863004684448
Iteration 1370, S: 184.78082275390625, S_ratio: 0.5091224908828735
Iteration 1380, S: 207.0128631591797, S_ratio: 0.4192807972431183
Iteration 1390, S: 113.48220825195312, S_ratio: 0.37808820605278015
Iteration 1400, S: 120.4724349975586, S_ratio: 0.492800235748291
Iteration 1410, S: 105.5792236328125, S_ratio: 0.3789856731891632
Iteration 1420, S: 379.8331298828125, S_ratio: 0.3761240541934967
Iteration 1430, S: 130.51199340820312, S_ratio: 0.3750039041042328
Iteration 1440, S: 341.8625183105469, S_ratio: 0.5707421898841858
Iteration 1450, S: 253.21755981445312, S_ratio: 0.45499187707901
Iteration 1460, S: 276.2616271972656, S_ratio: 0.34612077474594116
Iteration 1470, S: 269.1602783203125, S_ratio: 0.39776208996772766
Iteration 1480, S: 149.18077087402344, S_ratio: 0.3827299475669861
Iteration 1490, S: 189.55567932128906, S_ratio: 0.3564968705177307
Iteration 1500, S: 283.41143798828125, S_ratio: 0.44777587056159973
Iteration 1510, S: 223.7976531982422, S_ratio: 0.5923437476158142
Iteration 1520, S: 240.24024963378906, S_ratio: 0.3685295879840851
Iteration 1530, S: 234.54701232910156, S_ratio: 0.4163890480995178
Iteration 1540, S: 105.07697296142578, S_ratio: 0.4045735001564026
Iteration 1550, S: 358.97967529296875, S_ratio: 0.4447155296802521
Iteration 1560, S: 174.43515014648438, S_ratio: 0.45925891399383545
Iteration 1570, S: 145.4376220703125, S_ratio: 0.47621509432792664
Iteration 1580, S: 196.53726196289062, S_ratio: 0.47869211435317993
Iteration 1590, S: 387.4925842285156, S_ratio: 0.4453752338886261
Iteration 1600, S: 291.1873474121094, S_ratio: 0.4104997515678406
Iteration 1610, S: 204.123291015625, S_ratio: 0.3473401963710785
Iteration 1620, S: 249.49644470214844, S_ratio: 0.3757331669330597
Iteration 1630, S: 264.3396911621094, S_ratio: 0.466685950756073
Iteration 1640, S: 132.4385528564453, S_ratio: 0.40201687812805176
Iteration 1650, S: 262.99261474609375, S_ratio: 0.38394418358802795
Iteration 1660, S: 176.3965606689453, S_ratio: 0.3786175549030304
Iteration 1670, S: 360.6824035644531, S_ratio: 0.5485410690307617
Iteration 1680, S: 277.698974609375, S_ratio: 0.5021390914916992
Iteration 1690, S: 255.0047149658203, S_ratio: 0.43621090054512024
Iteration 1700, S: 502.07720947265625, S_ratio: 0.4317852854728699
Iteration 1710, S: 56.17858123779297, S_ratio: 0.31974199414253235
Iteration 1720, S: 344.57476806640625, S_ratio: 0.4608871042728424
Iteration 1730, S: 417.3179626464844, S_ratio: 0.4126138985157013
Iteration 1740, S: 206.8894500732422, S_ratio: 0.40714916586875916
Iteration 1750, S: 322.111083984375, S_ratio: 0.47818008065223694
Iteration 1760, S: 458.08319091796875, S_ratio: 0.4153864085674286
Iteration 1770, S: 462.1088562011719, S_ratio: 0.39996373653411865
Iteration 1780, S: 135.52932739257812, S_ratio: 0.3667258024215698
Iteration 1790, S: 154.85289001464844, S_ratio: 0.4242917597293854
Iteration 1800, S: 336.0588073730469, S_ratio: 0.44919976592063904
Iteration 1810, S: 288.5232849121094, S_ratio: 0.38930630683898926
Iteration 1820, S: 218.72686767578125, S_ratio: 0.4017592966556549
Iteration 1830, S: 259.44207763671875, S_ratio: 0.37598156929016113
Iteration 1840, S: 446.43304443359375, S_ratio: 0.41949740052223206
Iteration 1850, S: 273.0899658203125, S_ratio: 0.4875330328941345
Iteration 1860, S: 323.0634765625, S_ratio: 0.41380465030670166
Iteration 1870, S: 214.64833068847656, S_ratio: 0.413444459438324
Iteration 1880, S: 397.1634826660156, S_ratio: 0.38253408670425415
Iteration 1890, S: 217.50230407714844, S_ratio: 0.41498127579689026
Iteration 1900, S: 189.65081787109375, S_ratio: 0.38016393780708313
Iteration 1910, S: 319.9367980957031, S_ratio: 0.3822355568408966
Iteration 1920, S: 127.29884338378906, S_ratio: 0.3695385158061981
Iteration 1930, S: 474.71185302734375, S_ratio: 0.46466323733329773
Iteration 1940, S: 556.5970458984375, S_ratio: 0.3979514539241791
Iteration 1950, S: 221.25115966796875, S_ratio: 0.3667135238647461
Iteration 1960, S: 207.6688690185547, S_ratio: 0.4342852830886841
Iteration 1970, S: 233.91087341308594, S_ratio: 0.4134379029273987
Iteration 1980, S: 313.33026123046875, S_ratio: 0.39887967705726624
Iteration 1990, S: 433.67779541015625, S_ratio: 0.3847033381462097
Iteration 2000, S: 387.1690979003906, S_ratio: 0.44161126017570496
Iteration 2010, S: 420.61529541015625, S_ratio: 0.433708518743515
Iteration 2020, S: 728.1727905273438, S_ratio: 0.41083136200904846
Iteration 2030, S: 133.30889892578125, S_ratio: 0.43394315242767334
Iteration 2040, S: 424.9189453125, S_ratio: 0.44369393587112427
Iteration 2050, S: 239.06678771972656, S_ratio: 0.47901225090026855
Iteration 2060, S: 268.9815673828125, S_ratio: 0.335252046585083
Iteration 2070, S: 385.0899658203125, S_ratio: 0.38121289014816284
Iteration 2080, S: 375.2465515136719, S_ratio: 0.392917662858963
Iteration 2090, S: 497.65521240234375, S_ratio: 0.41846972703933716
Iteration 2100, S: 528.0596313476562, S_ratio: 0.4327855110168457
Iteration 2110, S: 233.87564086914062, S_ratio: 0.4533720910549164
Iteration 2120, S: 348.18505859375, S_ratio: 0.4548404812812805
Iteration 2130, S: 323.0089416503906, S_ratio: 0.5103422999382019
Iteration 2140, S: 564.3624267578125, S_ratio: 0.45482760667800903
Iteration 2150, S: 521.7291870117188, S_ratio: 0.42985981702804565
Iteration 2160, S: 190.75392150878906, S_ratio: 0.3274562358856201
Iteration 2170, S: 112.76349639892578, S_ratio: 0.3720988929271698
Iteration 2180, S: 521.8360595703125, S_ratio: 0.4201526343822479
Iteration 2190, S: 381.5008239746094, S_ratio: 0.4351848065853119
Iteration 2200, S: 549.6029663085938, S_ratio: 0.42951321601867676
Iteration 2210, S: 366.5888671875, S_ratio: 0.43578246235847473
Iteration 2220, S: 202.56298828125, S_ratio: 0.4304042458534241
Iteration 2230, S: 338.8215637207031, S_ratio: 0.43528327345848083
Iteration 2240, S: 183.87850952148438, S_ratio: 0.38737744092941284
Iteration 2250, S: 298.0019226074219, S_ratio: 0.43882450461387634
Iteration 2260, S: 226.50143432617188, S_ratio: 0.4217042624950409
Iteration 2270, S: 229.98678588867188, S_ratio: 0.42380109429359436
Iteration 2280, S: 285.4685974121094, S_ratio: 0.5027467608451843
Iteration 2290, S: 534.6099853515625, S_ratio: 0.5043095350265503
Iteration 2300, S: 221.4788360595703, S_ratio: 0.38846224546432495
Iteration 2310, S: 501.0320129394531, S_ratio: 0.4816177785396576
Iteration 2320, S: 163.35169982910156, S_ratio: 0.43451836705207825
Iteration 2330, S: 307.0374755859375, S_ratio: 0.47369804978370667
Iteration 2340, S: 167.87704467773438, S_ratio: 0.32361653447151184
Iteration 2350, S: 207.25445556640625, S_ratio: 0.39616185426712036
Iteration 2360, S: 469.028076171875, S_ratio: 0.4227563738822937
Iteration 2370, S: 442.70654296875, S_ratio: 0.41249004006385803
Iteration 2380, S: 473.37738037109375, S_ratio: 0.4345773160457611
Iteration 2390, S: 253.1595458984375, S_ratio: 0.3923727571964264
Iteration 2400, S: 657.256103515625, S_ratio: 0.4329208433628082
Iteration 2410, S: 285.51092529296875, S_ratio: 0.3836999535560608
Iteration 2420, S: 136.09266662597656, S_ratio: 0.38652440905570984
Iteration 2430, S: 189.73538208007812, S_ratio: 0.4275161027908325
Iteration 2440, S: 334.9368591308594, S_ratio: 0.45913535356521606
Iteration 2450, S: 184.9940643310547, S_ratio: 0.38492244482040405
Iteration 2460, S: 295.80780029296875, S_ratio: 0.35669201612472534
Iteration 2470, S: 359.0085754394531, S_ratio: 0.4328502118587494
Iteration 2480, S: 457.1830749511719, S_ratio: 0.4330522119998932
Iteration 2490, S: 343.4277648925781, S_ratio: 0.415417343378067
Iteration 2500, S: 207.0157928466797, S_ratio: 0.47591692209243774
Iteration 2510, S: 480.3633728027344, S_ratio: 0.41848990321159363
Iteration 2520, S: 322.2797546386719, S_ratio: 0.5180533528327942
Iteration 2530, S: 314.9759521484375, S_ratio: 0.4175108075141907
Iteration 2540, S: 223.92787170410156, S_ratio: 0.3490278124809265
Iteration 2550, S: 501.6868591308594, S_ratio: 0.4375578463077545
Iteration 2560, S: 184.43954467773438, S_ratio: 0.35351839661598206
Iteration 2570, S: 1021.47265625, S_ratio: 0.43625205755233765
Iteration 2580, S: 480.0696105957031, S_ratio: 0.4863412082195282
Iteration 2590, S: 219.73077392578125, S_ratio: 0.39482712745666504
Iteration 2600, S: 300.6505432128906, S_ratio: 0.38464590907096863
Iteration 2610, S: 214.30191040039062, S_ratio: 0.4114218056201935
Iteration 2620, S: 355.6941223144531, S_ratio: 0.40443480014801025
Iteration 2630, S: 279.01055908203125, S_ratio: 0.39113661646842957
Iteration 2640, S: 373.02630615234375, S_ratio: 0.4227299690246582
Iteration 2650, S: 178.25613403320312, S_ratio: 0.373857319355011
Iteration 2660, S: 129.79966735839844, S_ratio: 0.39094308018684387
Iteration 2670, S: 523.4384155273438, S_ratio: 0.42009416222572327
Iteration 2680, S: 131.74392700195312, S_ratio: 0.49232199788093567
Iteration 2690, S: 569.9891357421875, S_ratio: 0.3900977671146393
Iteration 2700, S: 426.4161376953125, S_ratio: 0.46240097284317017
Iteration 2710, S: 313.32135009765625, S_ratio: 0.43008700013160706
Iteration 2720, S: 331.689208984375, S_ratio: 0.4185495972633362
Iteration 2730, S: 430.93603515625, S_ratio: 0.4200400412082672
Iteration 2740, S: 419.28057861328125, S_ratio: 0.4101075530052185
Iteration 2750, S: 280.32879638671875, S_ratio: 0.4056883156299591
Iteration 2760, S: 537.0109252929688, S_ratio: 0.4598609209060669
Iteration 2770, S: 194.31787109375, S_ratio: 0.37047579884529114
Iteration 2780, S: 490.0677490234375, S_ratio: 0.4270668029785156
Iteration 2790, S: 445.7218017578125, S_ratio: 0.40705233812332153
Iteration 2800, S: 402.6709289550781, S_ratio: 0.39830467104911804
Iteration 2810, S: 234.3668670654297, S_ratio: 0.3798356354236603
Iteration 2820, S: 288.9670715332031, S_ratio: 0.4357057511806488
Iteration 2830, S: 300.7265930175781, S_ratio: 0.3909043073654175
Iteration 2840, S: 308.60260009765625, S_ratio: 0.38590553402900696
Iteration 2850, S: 302.55560302734375, S_ratio: 0.44393908977508545
Iteration 2860, S: 179.19093322753906, S_ratio: 0.4207072854042053
Iteration 2870, S: 383.3256530761719, S_ratio: 0.4242587685585022
Iteration 2880, S: 501.0452880859375, S_ratio: 0.4474792182445526
Iteration 2890, S: 276.2818603515625, S_ratio: 0.45744267106056213
Iteration 2900, S: 276.31890869140625, S_ratio: 0.41963139176368713
Iteration 2910, S: 211.4676055908203, S_ratio: 0.33410269021987915
Iteration 2920, S: 365.79449462890625, S_ratio: 0.3983214795589447
Iteration 2930, S: 334.89764404296875, S_ratio: 0.48589643836021423
Iteration 2940, S: 542.7390747070312, S_ratio: 0.4300468862056732
Iteration 2950, S: 452.0754699707031, S_ratio: 0.4809207320213318
Iteration 2960, S: 265.5125732421875, S_ratio: 0.3982239067554474
Iteration 2970, S: 426.4327697753906, S_ratio: 0.39691299200057983
Iteration 2980, S: 202.16749572753906, S_ratio: 0.40480268001556396
Iteration 2990, S: 307.8625793457031, S_ratio: 0.39482125639915466
Iteration 3000, S: 336.7726745605469, S_ratio: 0.3980787396430969
Iteration 3010, S: 201.36041259765625, S_ratio: 0.43514734506607056
Iteration 3020, S: 169.0673370361328, S_ratio: 0.38050881028175354
Iteration 3030, S: 373.82183837890625, S_ratio: 0.4459536075592041
Iteration 3040, S: 465.2862243652344, S_ratio: 0.45873570442199707
Iteration 3050, S: 447.6932373046875, S_ratio: 0.38463592529296875
Iteration 3060, S: 647.3936767578125, S_ratio: 0.4595285952091217
Iteration 3070, S: 215.47830200195312, S_ratio: 0.39233991503715515
Iteration 3080, S: 420.9374084472656, S_ratio: 0.4316025376319885
Iteration 3090, S: 379.1516418457031, S_ratio: 0.4345240592956543
Iteration 3100, S: 213.91905212402344, S_ratio: 0.41717347502708435
Iteration 3110, S: 185.82968139648438, S_ratio: 0.36352789402008057
Iteration 3120, S: 98.55877685546875, S_ratio: 0.34096044301986694
Iteration 3130, S: 825.1708984375, S_ratio: 0.4616922438144684
Iteration 3140, S: 214.75985717773438, S_ratio: 0.3435303866863251
Iteration 3150, S: 581.595947265625, S_ratio: 0.4326629042625427
Iteration 3160, S: 418.6527099609375, S_ratio: 0.43337398767471313
Iteration 3170, S: 181.27870178222656, S_ratio: 0.4012632966041565
Iteration 3180, S: 215.7092742919922, S_ratio: 0.3838314116001129
Iteration 3190, S: 210.84042358398438, S_ratio: 0.3789394795894623
Iteration 3200, S: 383.29608154296875, S_ratio: 0.397357314825058
Iteration 3210, S: 224.78662109375, S_ratio: 0.35603415966033936
Iteration 3220, S: 424.0354919433594, S_ratio: 0.42050907015800476
Iteration 3230, S: 308.39471435546875, S_ratio: 0.4282916188240051
Iteration 3240, S: 190.71180725097656, S_ratio: 0.3570440709590912
Iteration 3250, S: 321.60418701171875, S_ratio: 0.4673091173171997
Iteration 3260, S: 335.65728759765625, S_ratio: 0.4255985617637634
Iteration 3270, S: 465.69378662109375, S_ratio: 0.4823775887489319
Iteration 3280, S: 235.094482421875, S_ratio: 0.44666481018066406
Iteration 3290, S: 610.373291015625, S_ratio: 0.45171675086021423
Iteration 3300, S: 342.1882019042969, S_ratio: 0.4305960536003113
Iteration 3310, S: 860.1883544921875, S_ratio: 0.4309543967247009
Iteration 3320, S: 685.607421875, S_ratio: 0.44470739364624023
Iteration 3330, S: 655.0134887695312, S_ratio: 0.4128932058811188
Iteration 3340, S: 755.2416381835938, S_ratio: 0.4299372732639313
Iteration 3350, S: 472.95819091796875, S_ratio: 0.45170459151268005
Iteration 3360, S: 528.4685668945312, S_ratio: 0.42876023054122925
Iteration 3370, S: 261.7635803222656, S_ratio: 0.3646495044231415
Iteration 3380, S: 566.9408569335938, S_ratio: 0.42631587386131287
Iteration 3390, S: 538.2637939453125, S_ratio: 0.4220215380191803
Iteration 3400, S: 196.39796447753906, S_ratio: 0.4140991270542145
Iteration 3410, S: 313.8994140625, S_ratio: 0.4384530484676361
Iteration 3420, S: 335.9278564453125, S_ratio: 0.40801769495010376
Iteration 3430, S: 192.4043731689453, S_ratio: 0.3354499042034149
Iteration 3440, S: 535.0020751953125, S_ratio: 0.4044235646724701
Iteration 3450, S: 338.92291259765625, S_ratio: 0.4174557626247406
Iteration 3460, S: 513.573486328125, S_ratio: 0.436664879322052
Iteration 3470, S: 303.72900390625, S_ratio: 0.3852175772190094
Iteration 3480, S: 217.29591369628906, S_ratio: 0.3931563198566437
Iteration 3490, S: 281.4039001464844, S_ratio: 0.4491267502307892
Iteration 3500, S: 742.3103637695312, S_ratio: 0.4222773611545563
Iteration 3510, S: 263.9339904785156, S_ratio: 0.43859654664993286
Iteration 3520, S: 315.947265625, S_ratio: 0.4057469964027405
Iteration 3530, S: 366.8834533691406, S_ratio: 0.39749571681022644
Iteration 3540, S: 463.7136535644531, S_ratio: 0.4194988012313843
Iteration 3550, S: 370.9606018066406, S_ratio: 0.39054426550865173
Iteration 3560, S: 285.03533935546875, S_ratio: 0.4111737906932831
Iteration 3570, S: 742.652587890625, S_ratio: 0.4284510612487793
Iteration 3580, S: 553.51806640625, S_ratio: 0.4310622811317444
Iteration 3590, S: 218.9167938232422, S_ratio: 0.412366658449173
Iteration 3600, S: 248.45794677734375, S_ratio: 0.4357665479183197
Iteration 3610, S: 875.3890380859375, S_ratio: 0.4500780701637268
Iteration 3620, S: 234.72840881347656, S_ratio: 0.39490196108818054
Iteration 3630, S: 329.79534912109375, S_ratio: 0.4642382860183716
Iteration 3640, S: 412.2073974609375, S_ratio: 0.41121453046798706
Iteration 3650, S: 181.032470703125, S_ratio: 0.40450847148895264
Iteration 3660, S: 248.6930389404297, S_ratio: 0.4084465205669403
Iteration 3670, S: 299.4695739746094, S_ratio: 0.40555113554000854
Iteration 3680, S: 355.3191223144531, S_ratio: 0.39616844058036804
Iteration 3690, S: 594.0286865234375, S_ratio: 0.4196200370788574
Iteration 3700, S: 704.2648315429688, S_ratio: 0.439421147108078
Iteration 3710, S: 266.491943359375, S_ratio: 0.390678346157074
Iteration 3720, S: 351.4789123535156, S_ratio: 0.44417527318000793
Iteration 3730, S: 237.87396240234375, S_ratio: 0.4488200545310974
Iteration 3740, S: 451.26971435546875, S_ratio: 0.40582218766212463
Iteration 3750, S: 342.78070068359375, S_ratio: 0.3599558472633362
Iteration 3760, S: 369.3990173339844, S_ratio: 0.39987197518348694
Iteration 3770, S: 340.9502258300781, S_ratio: 0.3899074196815491
Iteration 3780, S: 422.2460021972656, S_ratio: 0.43671444058418274
Iteration 3790, S: 333.94293212890625, S_ratio: 0.4436326026916504
Iteration 3800, S: 419.229248046875, S_ratio: 0.44483810663223267
Iteration 3810, S: 348.02484130859375, S_ratio: 0.4227226972579956
Iteration 3820, S: 218.75048828125, S_ratio: 0.39843228459358215
Iteration 3830, S: 399.77569580078125, S_ratio: 0.44663316011428833
Iteration 3840, S: 806.49951171875, S_ratio: 0.472921222448349
Iteration 3850, S: 266.3303527832031, S_ratio: 0.4013603925704956
Iteration 3860, S: 326.7276916503906, S_ratio: 0.4186286926269531
Iteration 3870, S: 957.5166015625, S_ratio: 0.4386567771434784
Iteration 3880, S: 657.9019165039062, S_ratio: 0.4326448440551758
Iteration 3890, S: 381.5120544433594, S_ratio: 0.45492812991142273
Iteration 3900, S: 430.4767761230469, S_ratio: 0.4077746570110321
Iteration 3910, S: 424.66839599609375, S_ratio: 0.48936188220977783
Iteration 3920, S: 545.190185546875, S_ratio: 0.4327206313610077
Iteration 3930, S: 471.759521484375, S_ratio: 0.40021270513534546
Iteration 3940, S: 528.1088256835938, S_ratio: 0.41975751519203186
Iteration 3950, S: 423.5816345214844, S_ratio: 0.428474485874176
Iteration 3960, S: 221.36483764648438, S_ratio: 0.39138489961624146
Iteration 3970, S: 240.7522735595703, S_ratio: 0.4168787896633148
Iteration 3980, S: 641.314697265625, S_ratio: 0.4341887831687927
Iteration 3990, S: 228.82174682617188, S_ratio: 0.4214053452014923
Iteration 4000, S: 127.0863265991211, S_ratio: 0.35528045892715454
Iteration 4010, S: 409.1603698730469, S_ratio: 0.4499811828136444
Iteration 4020, S: 748.1351318359375, S_ratio: 0.43723586201667786
Iteration 4030, S: 1083.6746826171875, S_ratio: 0.4576704800128937
Iteration 4040, S: 526.4110107421875, S_ratio: 0.4468417167663574
Iteration 4050, S: 471.0067138671875, S_ratio: 0.42976969480514526
Iteration 4060, S: 479.15673828125, S_ratio: 0.4034026265144348
Iteration 4070, S: 377.8443603515625, S_ratio: 0.4363911747932434
Iteration 4080, S: 215.97804260253906, S_ratio: 0.49132269620895386
Iteration 4090, S: 288.4378967285156, S_ratio: 0.3815353810787201
Iteration 4100, S: 342.4773254394531, S_ratio: 0.39158895611763
Iteration 4110, S: 319.4759216308594, S_ratio: 0.38762617111206055
Iteration 4120, S: 318.9552917480469, S_ratio: 0.40668946504592896
Iteration 4130, S: 576.6917114257812, S_ratio: 0.43089452385902405
Iteration 4140, S: 329.743896484375, S_ratio: 0.38704729080200195
Iteration 4150, S: 871.2171630859375, S_ratio: 0.44348248839378357
Iteration 4160, S: 288.7790222167969, S_ratio: 0.4023061990737915
Iteration 4170, S: 433.0251770019531, S_ratio: 0.4600708782672882
Iteration 4180, S: 320.5094909667969, S_ratio: 0.3951941132545471
Iteration 4190, S: 269.35986328125, S_ratio: 0.3890685439109802
Iteration 4200, S: 194.2787322998047, S_ratio: 0.4194057583808899
Iteration 4210, S: 220.5283203125, S_ratio: 0.3703489601612091
Iteration 4220, S: 469.28326416015625, S_ratio: 0.4047473967075348
Iteration 4230, S: 369.20733642578125, S_ratio: 0.44314682483673096
Iteration 4240, S: 180.0621795654297, S_ratio: 0.38810136914253235
Iteration 4250, S: 403.2704162597656, S_ratio: 0.4084237813949585
Iteration 4260, S: 260.7831115722656, S_ratio: 0.38628122210502625
Iteration 4270, S: 320.44580078125, S_ratio: 0.39363354444503784
Iteration 4280, S: 199.3815155029297, S_ratio: 0.37239184975624084
Iteration 4290, S: 653.0746459960938, S_ratio: 0.43220585584640503
Iteration 4300, S: 812.8435668945312, S_ratio: 0.4172067642211914
Iteration 4310, S: 636.9752197265625, S_ratio: 0.44185781478881836
Iteration 4320, S: 227.95895385742188, S_ratio: 0.3889865577220917
Iteration 4330, S: 490.5712890625, S_ratio: 0.43960320949554443
Iteration 4340, S: 433.0849914550781, S_ratio: 0.42419669032096863
Iteration 4350, S: 899.9577026367188, S_ratio: 0.43415072560310364
Iteration 4360, S: 731.1821899414062, S_ratio: 0.4512573778629303
Iteration 4370, S: 230.45584106445312, S_ratio: 0.38416925072669983
Iteration 4380, S: 244.9087371826172, S_ratio: 0.38580986857414246
Iteration 4390, S: 350.2289123535156, S_ratio: 0.4338597059249878
Iteration 4400, S: 265.66485595703125, S_ratio: 0.4079206883907318
Iteration 4410, S: 383.4862060546875, S_ratio: 0.4308184087276459
Iteration 4420, S: 558.4942016601562, S_ratio: 0.3953912556171417
Iteration 4430, S: 686.6724853515625, S_ratio: 0.47415855526924133
Iteration 4440, S: 462.43377685546875, S_ratio: 0.4696749150753021
Iteration 4450, S: 346.2896423339844, S_ratio: 0.42569035291671753
Iteration 4460, S: 299.6645202636719, S_ratio: 0.4170108735561371
Iteration 4470, S: 217.39376831054688, S_ratio: 0.4142051935195923
Iteration 4480, S: 642.3712158203125, S_ratio: 0.41071781516075134
Iteration 4490, S: 367.8797607421875, S_ratio: 0.3920416235923767
Iteration 4500, S: 455.89459228515625, S_ratio: 0.4398132860660553
Iteration 4510, S: 380.82757568359375, S_ratio: 0.3990195095539093
Iteration 4520, S: 312.8194580078125, S_ratio: 0.42859363555908203
Iteration 4530, S: 377.0760498046875, S_ratio: 0.44078800082206726
Iteration 4540, S: 857.8154296875, S_ratio: 0.4352145195007324
Iteration 4550, S: 437.8599548339844, S_ratio: 0.4320226013660431
Iteration 4560, S: 218.01792907714844, S_ratio: 0.3972221314907074
Iteration 4570, S: 486.34881591796875, S_ratio: 0.41378483176231384
Iteration 4580, S: 196.16387939453125, S_ratio: 0.3378247618675232
Iteration 4590, S: 370.685302734375, S_ratio: 0.41234755516052246
Iteration 4600, S: 519.3493041992188, S_ratio: 0.4282741844654083
Iteration 4610, S: 398.82952880859375, S_ratio: 0.36428019404411316
Iteration 4620, S: 429.9562683105469, S_ratio: 0.40284863114356995
Iteration 4630, S: 686.5148315429688, S_ratio: 0.4649735391139984
Iteration 4640, S: 257.5233154296875, S_ratio: 0.4064556062221527
Iteration 4650, S: 188.48440551757812, S_ratio: 0.391279935836792
Iteration 4660, S: 407.6344299316406, S_ratio: 0.45772987604141235
Iteration 4670, S: 579.6156005859375, S_ratio: 0.39593151211738586
Iteration 4680, S: 552.2230834960938, S_ratio: 0.40980711579322815
Iteration 4690, S: 315.5323486328125, S_ratio: 0.42954155802726746
Iteration 4700, S: 675.5614013671875, S_ratio: 0.43029674887657166
Iteration 4710, S: 596.5880126953125, S_ratio: 0.41587966680526733
Iteration 4720, S: 656.7283935546875, S_ratio: 0.4527233839035034
Iteration 4730, S: 215.1405029296875, S_ratio: 0.37135961651802063
Iteration 4740, S: 263.38818359375, S_ratio: 0.40001291036605835
Iteration 4750, S: 673.2632446289062, S_ratio: 0.4317576587200165
Iteration 4760, S: 686.8324584960938, S_ratio: 0.422374427318573
Iteration 4770, S: 338.3283996582031, S_ratio: 0.4674680531024933
Iteration 4780, S: 434.93701171875, S_ratio: 0.4404491186141968
Iteration 4790, S: 396.81658935546875, S_ratio: 0.4358317255973816
Iteration 4800, S: 513.3630981445312, S_ratio: 0.4479449689388275
Iteration 4810, S: 357.98785400390625, S_ratio: 0.40929728746414185
Iteration 4820, S: 588.5763549804688, S_ratio: 0.4422903060913086
Iteration 4830, S: 419.8546142578125, S_ratio: 0.38365045189857483
Iteration 4840, S: 134.23487854003906, S_ratio: 0.3377470076084137
Iteration 4850, S: 327.80419921875, S_ratio: 0.44312816858291626
Iteration 4860, S: 170.22683715820312, S_ratio: 0.44507843255996704
Iteration 4870, S: 392.75982666015625, S_ratio: 0.4482707977294922
Iteration 4880, S: 96.17890167236328, S_ratio: 0.37867051362991333
Iteration 4890, S: 443.7370300292969, S_ratio: 0.4150562882423401
Iteration 4900, S: 293.3305969238281, S_ratio: 0.4220154881477356
Iteration 4910, S: 618.224853515625, S_ratio: 0.42767199873924255
Iteration 4920, S: 953.01953125, S_ratio: 0.44075217843055725
Iteration 4930, S: 419.27691650390625, S_ratio: 0.4431211054325104
Iteration 4940, S: 547.7384033203125, S_ratio: 0.41757506132125854
Iteration 4950, S: 701.4051513671875, S_ratio: 0.43070435523986816
Iteration 4960, S: 231.95175170898438, S_ratio: 0.36655640602111816
Iteration 4970, S: 420.53375244140625, S_ratio: 0.43953683972358704
Iteration 4980, S: 577.195068359375, S_ratio: 0.4364592134952545
Iteration 4990, S: 264.2181091308594, S_ratio: 0.3931971788406372
Iteration 5000, S: 588.6403198242188, S_ratio: 0.4539012610912323
Iteration 5010, S: 467.046875, S_ratio: 0.41012662649154663
Iteration 5020, S: 338.81597900390625, S_ratio: 0.440226286649704
Iteration 5030, S: 167.79388427734375, S_ratio: 0.3906939923763275
Iteration 5040, S: 237.0315704345703, S_ratio: 0.4323764741420746
Iteration 5050, S: 734.44873046875, S_ratio: 0.423357754945755
Iteration 5060, S: 283.3116455078125, S_ratio: 0.36615318059921265
Iteration 5070, S: 237.56365966796875, S_ratio: 0.39882364869117737
Iteration 5080, S: 325.1445617675781, S_ratio: 0.4546857476234436
Iteration 5090, S: 569.1168212890625, S_ratio: 0.4358357787132263
Iteration 5100, S: 318.36859130859375, S_ratio: 0.4512099027633667
Iteration 5110, S: 230.13571166992188, S_ratio: 0.3313977122306824
Iteration 5120, S: 401.7135925292969, S_ratio: 0.4241146743297577
Iteration 5130, S: 362.23968505859375, S_ratio: 0.3907937705516815
Iteration 5140, S: 387.359130859375, S_ratio: 0.420091837644577
Iteration 5150, S: 265.89111328125, S_ratio: 0.4003448188304901
Iteration 5160, S: 309.96307373046875, S_ratio: 0.4643308222293854
Iteration 5170, S: 283.4871826171875, S_ratio: 0.394775390625
Iteration 5180, S: 649.7816162109375, S_ratio: 0.4359550178050995
Iteration 5190, S: 150.0225372314453, S_ratio: 0.35433727502822876
Iteration 5200, S: 317.06121826171875, S_ratio: 0.40458452701568604
Iteration 5210, S: 230.50169372558594, S_ratio: 0.40140506625175476
Iteration 5220, S: 500.3780822753906, S_ratio: 0.4405728578567505
Iteration 5230, S: 571.2703247070312, S_ratio: 0.4285544455051422
Iteration 5240, S: 553.5936889648438, S_ratio: 0.4362870752811432
Iteration 5250, S: 286.1999816894531, S_ratio: 0.4197164475917816
Iteration 5260, S: 283.6560363769531, S_ratio: 0.41963908076286316
Iteration 5270, S: 949.2697143554688, S_ratio: 0.449649840593338
Iteration 5280, S: 418.3864440917969, S_ratio: 0.4017796516418457
Iteration 5290, S: 291.7845764160156, S_ratio: 0.4220796227455139
Iteration 5300, S: 164.44393920898438, S_ratio: 0.3609309494495392
Iteration 5310, S: 188.03140258789062, S_ratio: 0.3985278308391571
Iteration 5320, S: 641.7952270507812, S_ratio: 0.42194032669067383
Iteration 5330, S: 268.1687927246094, S_ratio: 0.3349094092845917
Iteration 5340, S: 380.0135192871094, S_ratio: 0.42094942927360535
Iteration 5350, S: 310.5079345703125, S_ratio: 0.432840496301651
Iteration 5360, S: 568.3873291015625, S_ratio: 0.43800416588783264
Iteration 5370, S: 462.7523193359375, S_ratio: 0.4168775975704193
Iteration 5380, S: 323.8765869140625, S_ratio: 0.4296503961086273
Iteration 5390, S: 771.0179443359375, S_ratio: 0.45419245958328247
Iteration 5400, S: 698.9295654296875, S_ratio: 0.433910071849823
Iteration 5410, S: 256.579833984375, S_ratio: 0.4109981060028076
Iteration 5420, S: 759.2296142578125, S_ratio: 0.43186628818511963
Iteration 5430, S: 339.50726318359375, S_ratio: 0.45306071639060974
Iteration 5440, S: 305.2974853515625, S_ratio: 0.46548256278038025
Iteration 5450, S: 290.273193359375, S_ratio: 0.4240707755088806
Iteration 5460, S: 446.0086669921875, S_ratio: 0.44286972284317017
Iteration 5470, S: 282.6075744628906, S_ratio: 0.40883564949035645
Iteration 5480, S: 736.8346557617188, S_ratio: 0.4472590982913971
Iteration 5490, S: 499.7447814941406, S_ratio: 0.446116179227829
Iteration 5500, S: 306.7937316894531, S_ratio: 0.35085904598236084
Iteration 5510, S: 388.1707458496094, S_ratio: 0.4141544997692108
Iteration 5520, S: 819.0963134765625, S_ratio: 0.43085458874702454
Iteration 5530, S: 738.7437133789062, S_ratio: 0.4526309669017792
Iteration 5540, S: 350.7190856933594, S_ratio: 0.43915125727653503
Iteration 5550, S: 350.92608642578125, S_ratio: 0.44651737809181213
Iteration 5560, S: 252.13934326171875, S_ratio: 0.4579541087150574
Iteration 5570, S: 233.3222198486328, S_ratio: 0.40980440378189087
Iteration 5580, S: 534.3818359375, S_ratio: 0.4035038352012634
Iteration 5590, S: 351.6916198730469, S_ratio: 0.4531823992729187
Iteration 5600, S: 253.7067108154297, S_ratio: 0.387417197227478
Iteration 5610, S: 289.4236145019531, S_ratio: 0.40405213832855225
Iteration 5620, S: 591.3956298828125, S_ratio: 0.44749683141708374
Iteration 5630, S: 538.5446166992188, S_ratio: 0.42911073565483093
Iteration 5640, S: 173.0572967529297, S_ratio: 0.37229496240615845
Iteration 5650, S: 343.4429626464844, S_ratio: 0.45033279061317444
Iteration 5660, S: 359.3496398925781, S_ratio: 0.435897558927536
Iteration 5670, S: 327.68426513671875, S_ratio: 0.437148779630661
Iteration 5680, S: 558.485595703125, S_ratio: 0.4325225055217743
Iteration 5690, S: 509.44464111328125, S_ratio: 0.42431068420410156
Iteration 5700, S: 499.8906555175781, S_ratio: 0.38750159740448
Iteration 5710, S: 489.73162841796875, S_ratio: 0.4091213643550873
Iteration 5720, S: 342.1673278808594, S_ratio: 0.43543553352355957
Iteration 5730, S: 360.4340515136719, S_ratio: 0.4395100176334381
Iteration 5740, S: 810.2724609375, S_ratio: 0.42471182346343994
Iteration 5750, S: 290.31207275390625, S_ratio: 0.3968735635280609
Iteration 5760, S: 302.0799865722656, S_ratio: 0.41904357075691223
Iteration 5770, S: 352.16650390625, S_ratio: 0.46956703066825867
Iteration 5780, S: 600.697509765625, S_ratio: 0.4339325428009033
Iteration 5790, S: 416.13800048828125, S_ratio: 0.44119930267333984
Iteration 5800, S: 408.01580810546875, S_ratio: 0.3904317617416382
Iteration 5810, S: 475.630615234375, S_ratio: 0.4075307250022888
Iteration 5820, S: 336.5966796875, S_ratio: 0.41662919521331787
Iteration 5830, S: 344.51409912109375, S_ratio: 0.48400959372520447
Iteration 5840, S: 428.7210388183594, S_ratio: 0.42234471440315247
Iteration 5850, S: 414.38116455078125, S_ratio: 0.41826945543289185
Iteration 5860, S: 392.8424377441406, S_ratio: 0.45586371421813965
Iteration 5870, S: 399.04156494140625, S_ratio: 0.36846140027046204
Iteration 5880, S: 553.4097290039062, S_ratio: 0.4449887275695801
Iteration 5890, S: 310.5331115722656, S_ratio: 0.3969949185848236
Iteration 5900, S: 324.8205871582031, S_ratio: 0.42219650745391846
Iteration 5910, S: 299.4580078125, S_ratio: 0.3808828294277191
Iteration 5920, S: 364.7063903808594, S_ratio: 0.41236552596092224
Iteration 5930, S: 158.39697265625, S_ratio: 0.4165952205657959
Iteration 5940, S: 216.60885620117188, S_ratio: 0.35808858275413513
Iteration 5950, S: 388.9058837890625, S_ratio: 0.39885833859443665
Iteration 5960, S: 181.08697509765625, S_ratio: 0.45358896255493164
Iteration 5970, S: 719.8035278320312, S_ratio: 0.433615505695343
Iteration 5980, S: 447.7117004394531, S_ratio: 0.4246882200241089
Iteration 5990, S: 141.59063720703125, S_ratio: 0.32148078083992004
Iteration 6000, S: 340.63580322265625, S_ratio: 0.3961770534515381
Iteration 6010, S: 392.54644775390625, S_ratio: 0.44642749428749084
Iteration 6020, S: 324.4501953125, S_ratio: 0.4282190799713135
Iteration 6030, S: 758.428955078125, S_ratio: 0.44525086879730225
Iteration 6040, S: 268.2014465332031, S_ratio: 0.3893183469772339
Iteration 6050, S: 467.5832214355469, S_ratio: 0.39265885949134827
Iteration 6060, S: 280.1278991699219, S_ratio: 0.39241230487823486
Iteration 6070, S: 400.30712890625, S_ratio: 0.39840877056121826
Iteration 6080, S: 147.046875, S_ratio: 0.3644822835922241
Iteration 6090, S: 554.2654418945312, S_ratio: 0.3949156105518341
Iteration 6100, S: 559.361083984375, S_ratio: 0.4445561170578003
Iteration 6110, S: 572.1526489257812, S_ratio: 0.4316694140434265
Iteration 6120, S: 243.82688903808594, S_ratio: 0.3691496253013611
Iteration 6130, S: 310.03948974609375, S_ratio: 0.41464963555336
Iteration 6140, S: 383.7576599121094, S_ratio: 0.4177725315093994
Iteration 6150, S: 400.3684387207031, S_ratio: 0.4426801800727844
Iteration 6160, S: 831.0953979492188, S_ratio: 0.447680801153183
Iteration 6170, S: 854.5302734375, S_ratio: 0.4719458818435669
Iteration 6180, S: 215.2889404296875, S_ratio: 0.41660043597221375
Iteration 6190, S: 455.4539489746094, S_ratio: 0.40959349274635315
Iteration 6200, S: 365.23626708984375, S_ratio: 0.4317319989204407
Iteration 6210, S: 499.6080627441406, S_ratio: 0.4566110074520111
Iteration 6220, S: 569.251708984375, S_ratio: 0.3956983983516693
Iteration 6230, S: 486.6981201171875, S_ratio: 0.39440712332725525
Iteration 6240, S: 516.1785278320312, S_ratio: 0.39377090334892273
Iteration 6250, S: 222.95867919921875, S_ratio: 0.4064808487892151
Iteration 6260, S: 173.92337036132812, S_ratio: 0.3708985149860382
Iteration 6270, S: 216.5386505126953, S_ratio: 0.42485833168029785
Iteration 6280, S: 533.2378540039062, S_ratio: 0.45620352029800415
Iteration 6290, S: 185.9090118408203, S_ratio: 0.3395155668258667
Iteration 6300, S: 194.7547607421875, S_ratio: 0.4195629358291626
Iteration 6310, S: 549.2928466796875, S_ratio: 0.46008142828941345
Iteration 6320, S: 272.62603759765625, S_ratio: 0.3935886025428772
Iteration 6330, S: 282.4021301269531, S_ratio: 0.39993026852607727
Iteration 6340, S: 186.57667541503906, S_ratio: 0.3928532004356384
Iteration 6350, S: 243.00906372070312, S_ratio: 0.35845324397087097
Iteration 6360, S: 388.35894775390625, S_ratio: 0.42133399844169617
Iteration 6370, S: 285.67205810546875, S_ratio: 0.3654376268386841
Iteration 6380, S: 345.1861267089844, S_ratio: 0.44003307819366455
Iteration 6390, S: 341.66070556640625, S_ratio: 0.3805887997150421
Iteration 6400, S: 289.0873718261719, S_ratio: 0.40688833594322205
Iteration 6410, S: 324.4854431152344, S_ratio: 0.37202513217926025
Iteration 6420, S: 340.5564270019531, S_ratio: 0.39451831579208374
Iteration 6430, S: 296.4576721191406, S_ratio: 0.3788081407546997
Iteration 6440, S: 263.31805419921875, S_ratio: 0.4293922781944275
Iteration 6450, S: 484.7288818359375, S_ratio: 0.4210015833377838
Iteration 6460, S: 246.3256072998047, S_ratio: 0.40376684069633484
Iteration 6470, S: 199.79986572265625, S_ratio: 0.372667521238327
Iteration 6480, S: 527.7725830078125, S_ratio: 0.470723032951355
Iteration 6490, S: 355.0313720703125, S_ratio: 0.40948447585105896
Iteration 6500, S: 445.9808044433594, S_ratio: 0.42358067631721497
Iteration 6510, S: 644.6347045898438, S_ratio: 0.4336044192314148
Iteration 6520, S: 163.9273223876953, S_ratio: 0.4115855395793915
Iteration 6530, S: 417.3403015136719, S_ratio: 0.3946905732154846
Iteration 6540, S: 270.68218994140625, S_ratio: 0.40479594469070435
Iteration 6550, S: 167.12945556640625, S_ratio: 0.3430505394935608
Iteration 6560, S: 240.7820587158203, S_ratio: 0.38388895988464355
Iteration 6570, S: 360.38623046875, S_ratio: 0.398985356092453
Iteration 6580, S: 299.8562316894531, S_ratio: 0.3809596598148346
Iteration 6590, S: 593.3822631835938, S_ratio: 0.4403780400753021
Iteration 6600, S: 342.282958984375, S_ratio: 0.4185885787010193
Iteration 6610, S: 187.86524963378906, S_ratio: 0.3396783769130707
Iteration 6620, S: 414.1065673828125, S_ratio: 0.41699641942977905
Iteration 6630, S: 340.5295104980469, S_ratio: 0.428585022687912
Iteration 6640, S: 314.9768371582031, S_ratio: 0.39335811138153076
Iteration 6650, S: 261.0216064453125, S_ratio: 0.43927380442619324
Iteration 6660, S: 311.98248291015625, S_ratio: 0.41309869289398193
Iteration 6670, S: 283.7521057128906, S_ratio: 0.43941518664360046
Iteration 6680, S: 429.70733642578125, S_ratio: 0.3988500237464905
Iteration 6690, S: 226.42138671875, S_ratio: 0.332453191280365
Iteration 6700, S: 502.5203552246094, S_ratio: 0.4092538356781006
Iteration 6710, S: 510.0498352050781, S_ratio: 0.4350661039352417
Iteration 6720, S: 465.455810546875, S_ratio: 0.41622188687324524
Iteration 6730, S: 376.1164245605469, S_ratio: 0.4019520878791809
Iteration 6740, S: 683.9497680664062, S_ratio: 0.44563475251197815
Iteration 6750, S: 233.45948791503906, S_ratio: 0.36470678448677063
Iteration 6760, S: 634.2220458984375, S_ratio: 0.4209592938423157
Iteration 6770, S: 509.4922790527344, S_ratio: 0.4188997149467468
Iteration 6780, S: 286.5852355957031, S_ratio: 0.3759726881980896
Iteration 6790, S: 436.50933837890625, S_ratio: 0.39431291818618774
Iteration 6800, S: 332.8182373046875, S_ratio: 0.4500267207622528
Iteration 6810, S: 343.7736511230469, S_ratio: 0.43321511149406433
Iteration 6820, S: 371.1783142089844, S_ratio: 0.39182859659194946
Iteration 6830, S: 349.7606201171875, S_ratio: 0.3710290491580963
Iteration 6840, S: 601.9981689453125, S_ratio: 0.4414277672767639
Iteration 6850, S: 437.1508483886719, S_ratio: 0.43139392137527466
Iteration 6860, S: 459.64654541015625, S_ratio: 0.43742841482162476
Iteration 6870, S: 425.6582336425781, S_ratio: 0.3996037244796753
Iteration 6880, S: 771.9299926757812, S_ratio: 0.4367719888687134
Iteration 6890, S: 618.1900024414062, S_ratio: 0.40984153747558594
Iteration 6900, S: 850.3306884765625, S_ratio: 0.4514431059360504
Iteration 6910, S: 537.3361206054688, S_ratio: 0.42545732855796814
Iteration 6920, S: 368.79718017578125, S_ratio: 0.43233802914619446
Iteration 6930, S: 175.38429260253906, S_ratio: 0.42583268880844116
Iteration 6940, S: 153.02085876464844, S_ratio: 0.3767906725406647
Iteration 6950, S: 481.934326171875, S_ratio: 0.3949834704399109
Iteration 6960, S: 577.5138549804688, S_ratio: 0.42497748136520386
Iteration 6970, S: 464.9099426269531, S_ratio: 0.40098506212234497
Iteration 6980, S: 181.1709747314453, S_ratio: 0.4084775447845459
Iteration 6990, S: 663.4556884765625, S_ratio: 0.43174728751182556
Iteration 7000, S: 703.072265625, S_ratio: 0.4061633050441742
Iteration 7010, S: 534.0147094726562, S_ratio: 0.4246349036693573
Iteration 7020, S: 300.2950744628906, S_ratio: 0.39768365025520325
Iteration 7030, S: 324.6130065917969, S_ratio: 0.444046288728714
Iteration 7040, S: 445.4214782714844, S_ratio: 0.4195109009742737
Iteration 7050, S: 412.63494873046875, S_ratio: 0.38819655776023865
Iteration 7060, S: 635.0570068359375, S_ratio: 0.46582064032554626
Iteration 7070, S: 547.0107421875, S_ratio: 0.43578851222991943
Iteration 7080, S: 289.1944885253906, S_ratio: 0.3872110843658447
Iteration 7090, S: 401.8201599121094, S_ratio: 0.4113127887248993
Iteration 7100, S: 270.8700256347656, S_ratio: 0.4684731066226959
Iteration 7110, S: 336.18450927734375, S_ratio: 0.4261753261089325
Iteration 7120, S: 408.7390441894531, S_ratio: 0.4549347162246704
Iteration 7130, S: 302.84808349609375, S_ratio: 0.3545090854167938
Iteration 7140, S: 465.9629211425781, S_ratio: 0.4439886510372162
Iteration 7150, S: 666.3961791992188, S_ratio: 0.42587780952453613
Iteration 7160, S: 562.5491943359375, S_ratio: 0.4046333134174347
Iteration 7170, S: 300.64111328125, S_ratio: 0.39879682660102844
Iteration 7180, S: 194.2490997314453, S_ratio: 0.3765101134777069
Iteration 7190, S: 357.77587890625, S_ratio: 0.4036969840526581
Iteration 7200, S: 279.7870178222656, S_ratio: 0.3826872706413269
Iteration 7210, S: 1045.87060546875, S_ratio: 0.44232630729675293
Iteration 7220, S: 270.2130126953125, S_ratio: 0.4517430067062378
Iteration 7230, S: 710.9594116210938, S_ratio: 0.4320683181285858
Iteration 7240, S: 214.68682861328125, S_ratio: 0.4193066954612732
Iteration 7250, S: 396.5828552246094, S_ratio: 0.43674448132514954
Iteration 7260, S: 585.949462890625, S_ratio: 0.43646398186683655
Iteration 7270, S: 573.111572265625, S_ratio: 0.44448161125183105
Iteration 7280, S: 611.4683227539062, S_ratio: 0.4211658835411072
Iteration 7290, S: 499.9088134765625, S_ratio: 0.40703627467155457
Iteration 7300, S: 648.5487670898438, S_ratio: 0.4443720579147339
Iteration 7310, S: 484.86541748046875, S_ratio: 0.43249812722206116
Iteration 7320, S: 812.5062255859375, S_ratio: 0.43208664655685425
Iteration 7330, S: 378.34466552734375, S_ratio: 0.4129616618156433
Iteration 7340, S: 156.81353759765625, S_ratio: 0.4044305980205536
Iteration 7350, S: 436.42584228515625, S_ratio: 0.4552406966686249
Iteration 7360, S: 195.9163818359375, S_ratio: 0.3591189682483673
Iteration 7370, S: 776.0647583007812, S_ratio: 0.43145495653152466
Iteration 7380, S: 344.16534423828125, S_ratio: 0.4183666706085205
Iteration 7390, S: 378.96868896484375, S_ratio: 0.3958618640899658
Iteration 7400, S: 333.75390625, S_ratio: 0.42928388714790344
Iteration 7410, S: 168.34613037109375, S_ratio: 0.40183743834495544
Iteration 7420, S: 317.6903381347656, S_ratio: 0.37450817227363586
Iteration 7430, S: 263.8026428222656, S_ratio: 0.44249433279037476
Iteration 7440, S: 297.82806396484375, S_ratio: 0.42405444383621216
Iteration 7450, S: 445.0879211425781, S_ratio: 0.43487420678138733
Iteration 7460, S: 520.4326171875, S_ratio: 0.428617000579834
Iteration 7470, S: 249.7481231689453, S_ratio: 0.4054567813873291
Iteration 7480, S: 318.41082763671875, S_ratio: 0.41750362515449524
Iteration 7490, S: 256.77642822265625, S_ratio: 0.41561049222946167
Iteration 7500, S: 527.7581787109375, S_ratio: 0.465342253446579
Iteration 7510, S: 125.47164154052734, S_ratio: 0.3801927864551544
Iteration 7520, S: 399.17608642578125, S_ratio: 0.4039168059825897
Iteration 7530, S: 256.7419128417969, S_ratio: 0.37351179122924805
Iteration 7540, S: 283.5077819824219, S_ratio: 0.4129183888435364
Iteration 7550, S: 661.6451416015625, S_ratio: 0.4631219208240509
Iteration 7560, S: 627.88232421875, S_ratio: 0.44237637519836426
Iteration 7570, S: 325.0805358886719, S_ratio: 0.4228725731372833
Iteration 7580, S: 351.72198486328125, S_ratio: 0.4564982056617737
Iteration 7590, S: 356.2311706542969, S_ratio: 0.41855496168136597
Iteration 7600, S: 348.0887145996094, S_ratio: 0.39999985694885254
Iteration 7610, S: 277.26043701171875, S_ratio: 0.35936471819877625
Iteration 7620, S: 152.97998046875, S_ratio: 0.3900611996650696
Iteration 7630, S: 449.1180725097656, S_ratio: 0.4076438248157501
Iteration 7640, S: 511.4892578125, S_ratio: 0.42718103528022766
Iteration 7650, S: 533.2642211914062, S_ratio: 0.4458130896091461
Iteration 7660, S: 151.54225158691406, S_ratio: 0.42594578862190247
Iteration 7670, S: 255.21511840820312, S_ratio: 0.41788265109062195
Iteration 7680, S: 174.80372619628906, S_ratio: 0.3924400210380554
Iteration 7690, S: 585.2606811523438, S_ratio: 0.4169679582118988
Iteration 7700, S: 420.0877380371094, S_ratio: 0.4176861345767975
Iteration 7710, S: 166.66189575195312, S_ratio: 0.36602091789245605
Iteration 7720, S: 395.71966552734375, S_ratio: 0.42326274514198303
Iteration 7730, S: 191.84677124023438, S_ratio: 0.36543166637420654
Iteration 7740, S: 249.76669311523438, S_ratio: 0.3837560713291168
Iteration 7750, S: 496.7096252441406, S_ratio: 0.4189245104789734
Iteration 7760, S: 659.1784057617188, S_ratio: 0.4454716742038727
Iteration 7770, S: 364.5306701660156, S_ratio: 0.4074048399925232
Iteration 7780, S: 199.02761840820312, S_ratio: 0.37374207377433777
Iteration 7790, S: 273.09088134765625, S_ratio: 0.3802720010280609
Iteration 7800, S: 179.50396728515625, S_ratio: 0.42704716324806213
Iteration 7810, S: 421.5417785644531, S_ratio: 0.4257286489009857
Iteration 7820, S: 495.9818115234375, S_ratio: 0.4149753451347351
Iteration 7830, S: 258.4804382324219, S_ratio: 0.45694684982299805
Iteration 7840, S: 314.6932678222656, S_ratio: 0.4062976837158203
Iteration 7850, S: 604.866943359375, S_ratio: 0.43661946058273315
Iteration 7860, S: 688.7509765625, S_ratio: 0.43618953227996826
Iteration 7870, S: 153.9144744873047, S_ratio: 0.3845146894454956
Iteration 7880, S: 364.69232177734375, S_ratio: 0.3988566994667053
Iteration 7890, S: 214.70375061035156, S_ratio: 0.47049832344055176
Iteration 7900, S: 602.453369140625, S_ratio: 0.4246580898761749
Iteration 7910, S: 458.5613098144531, S_ratio: 0.39811190962791443
Iteration 7920, S: 396.403076171875, S_ratio: 0.41626593470573425
Iteration 7930, S: 414.7362365722656, S_ratio: 0.3853378891944885
Iteration 7940, S: 391.1521301269531, S_ratio: 0.47129932045936584
Iteration 7950, S: 397.490234375, S_ratio: 0.4292997717857361
Iteration 7960, S: 458.6988220214844, S_ratio: 0.4134387671947479
Iteration 7970, S: 344.9513854980469, S_ratio: 0.39999353885650635
Iteration 7980, S: 262.71636962890625, S_ratio: 0.42481479048728943
Iteration 7990, S: 299.09332275390625, S_ratio: 0.421478271484375
Iteration 8000, S: 523.5730590820312, S_ratio: 0.4045681953430176
Iteration 8010, S: 437.3916320800781, S_ratio: 0.4284254014492035
Iteration 8020, S: 354.52508544921875, S_ratio: 0.4178188443183899
Iteration 8030, S: 617.2821044921875, S_ratio: 0.4253199100494385
Iteration 8040, S: 289.00396728515625, S_ratio: 0.38423025608062744
Iteration 8050, S: 191.6226348876953, S_ratio: 0.4228336811065674
Iteration 8060, S: 454.6448974609375, S_ratio: 0.3873099982738495
Iteration 8070, S: 200.67970275878906, S_ratio: 0.41496118903160095
Iteration 8080, S: 543.65869140625, S_ratio: 0.4245974123477936
Iteration 8090, S: 127.98863220214844, S_ratio: 0.3751576840877533
Iteration 8100, S: 289.79150390625, S_ratio: 0.429862380027771
Iteration 8110, S: 515.3551635742188, S_ratio: 0.44613316655158997
Iteration 8120, S: 584.6482543945312, S_ratio: 0.4117666482925415
Iteration 8130, S: 345.62432861328125, S_ratio: 0.46034151315689087
Iteration 8140, S: 311.30560302734375, S_ratio: 0.3777827024459839
Iteration 8150, S: 401.33349609375, S_ratio: 0.3909439444541931
Iteration 8160, S: 365.1771545410156, S_ratio: 0.38582170009613037
Iteration 8170, S: 258.8006286621094, S_ratio: 0.49217310547828674
Iteration 8180, S: 342.59332275390625, S_ratio: 0.4094223976135254
Iteration 8190, S: 263.4189147949219, S_ratio: 0.4391564726829529
Iteration 8200, S: 727.6813354492188, S_ratio: 0.43541452288627625
Iteration 8210, S: 108.81424713134766, S_ratio: 0.4524936079978943
Iteration 8220, S: 401.9586181640625, S_ratio: 0.4491329789161682
Iteration 8230, S: 264.3669128417969, S_ratio: 0.41781187057495117
Iteration 8240, S: 310.10906982421875, S_ratio: 0.4272119998931885
Iteration 8250, S: 394.3605041503906, S_ratio: 0.38294699788093567
Iteration 8260, S: 326.92669677734375, S_ratio: 0.3668779730796814
Iteration 8270, S: 286.37158203125, S_ratio: 0.4016883373260498
Iteration 8280, S: 524.1648559570312, S_ratio: 0.40751218795776367
Iteration 8290, S: 409.9660339355469, S_ratio: 0.40029212832450867
Iteration 8300, S: 304.3149108886719, S_ratio: 0.41566768288612366
Iteration 8310, S: 310.586669921875, S_ratio: 0.4236914813518524
Iteration 8320, S: 402.85565185546875, S_ratio: 0.41827791929244995
Iteration 8330, S: 381.9585876464844, S_ratio: 0.3755609095096588
Iteration 8340, S: 387.29718017578125, S_ratio: 0.4334157109260559
Iteration 8350, S: 189.84251403808594, S_ratio: 0.48451584577560425
Iteration 8360, S: 236.5774383544922, S_ratio: 0.4231325685977936
Iteration 8370, S: 439.9909362792969, S_ratio: 0.4496805965900421
Iteration 8380, S: 173.91371154785156, S_ratio: 0.3609214425086975
Iteration 8390, S: 536.001220703125, S_ratio: 0.4467848837375641
Iteration 8400, S: 948.9375610351562, S_ratio: 0.44778409600257874
Iteration 8410, S: 297.5801086425781, S_ratio: 0.4320017695426941
Iteration 8420, S: 317.7511901855469, S_ratio: 0.42506280541419983
Iteration 8430, S: 395.2262268066406, S_ratio: 0.45149368047714233
Iteration 8440, S: 107.8875732421875, S_ratio: 0.44604960083961487
Iteration 8450, S: 548.6200561523438, S_ratio: 0.4125021994113922
Iteration 8460, S: 487.71734619140625, S_ratio: 0.4325454831123352
Iteration 8470, S: 400.4835510253906, S_ratio: 0.4018218517303467
Iteration 8480, S: 342.3401184082031, S_ratio: 0.362137109041214
Iteration 8490, S: 657.7322387695312, S_ratio: 0.4536321461200714
Iteration 8500, S: 215.48190307617188, S_ratio: 0.3878382444381714
Iteration 8510, S: 298.39501953125, S_ratio: 0.3764575123786926
Iteration 8520, S: 307.7157897949219, S_ratio: 0.3658479154109955
Iteration 8530, S: 212.36163330078125, S_ratio: 0.3984973728656769
Iteration 8540, S: 252.04006958007812, S_ratio: 0.36792048811912537
Iteration 8550, S: 294.1610412597656, S_ratio: 0.3866530954837799
Iteration 8560, S: 807.9606323242188, S_ratio: 0.4710202217102051
Iteration 8570, S: 544.205078125, S_ratio: 0.40936389565467834
Iteration 8580, S: 704.4166259765625, S_ratio: 0.4259141981601715
Iteration 8590, S: 435.0130310058594, S_ratio: 0.42375409603118896
Iteration 8600, S: 966.9320068359375, S_ratio: 0.4233207702636719
Iteration 8610, S: 780.260009765625, S_ratio: 0.4487454295158386
Iteration 8620, S: 320.6432800292969, S_ratio: 0.4124525487422943
Iteration 8630, S: 744.5531005859375, S_ratio: 0.41854676604270935
Iteration 8640, S: 465.64459228515625, S_ratio: 0.44123443961143494
Iteration 8650, S: 372.8896789550781, S_ratio: 0.42653724551200867
Iteration 8660, S: 619.5354614257812, S_ratio: 0.4287157654762268
Iteration 8670, S: 676.0505981445312, S_ratio: 0.3971426486968994
Iteration 8680, S: 491.7032775878906, S_ratio: 0.43288177251815796
Iteration 8690, S: 625.2230224609375, S_ratio: 0.4317856729030609
Iteration 8700, S: 245.8774871826172, S_ratio: 0.42467015981674194
Iteration 8710, S: 380.82061767578125, S_ratio: 0.38499459624290466
Iteration 8720, S: 415.7344970703125, S_ratio: 0.4027976989746094
Iteration 8730, S: 323.83148193359375, S_ratio: 0.4050431549549103
Iteration 8740, S: 475.282958984375, S_ratio: 0.40154600143432617
Iteration 8750, S: 595.7013549804688, S_ratio: 0.40853360295295715
Iteration 8760, S: 288.09027099609375, S_ratio: 0.4154507517814636
Iteration 8770, S: 529.4954833984375, S_ratio: 0.4052843451499939
Iteration 8780, S: 304.6790466308594, S_ratio: 0.3761809468269348
Iteration 8790, S: 717.289306640625, S_ratio: 0.42679497599601746
Iteration 8800, S: 383.9837341308594, S_ratio: 0.4189540147781372
Iteration 8810, S: 311.5721130371094, S_ratio: 0.4431704580783844
Iteration 8820, S: 135.5924835205078, S_ratio: 0.3843802511692047
Iteration 8830, S: 390.1220703125, S_ratio: 0.43068432807922363
Iteration 8840, S: 531.398681640625, S_ratio: 0.4138462245464325
Iteration 8850, S: 501.1061096191406, S_ratio: 0.4260129928588867
Iteration 8860, S: 836.4601440429688, S_ratio: 0.4475138485431671
Iteration 8870, S: 145.13192749023438, S_ratio: 0.31330180168151855
Iteration 8880, S: 450.70233154296875, S_ratio: 0.40973612666130066
Iteration 8890, S: 374.68255615234375, S_ratio: 0.4079727828502655
Iteration 8900, S: 760.0609741210938, S_ratio: 0.43219366669654846
Iteration 8910, S: 319.8958435058594, S_ratio: 0.40786731243133545
Iteration 8920, S: 367.6886901855469, S_ratio: 0.3937961161136627
Iteration 8930, S: 396.98974609375, S_ratio: 0.4148312211036682
Iteration 8940, S: 307.97430419921875, S_ratio: 0.41573381423950195
Iteration 8950, S: 305.7079772949219, S_ratio: 0.39051005244255066
Iteration 8960, S: 585.7808837890625, S_ratio: 0.4389093518257141
Iteration 8970, S: 198.77967834472656, S_ratio: 0.38779810070991516
Iteration 8980, S: 233.2332000732422, S_ratio: 0.40470993518829346
Iteration 8990, S: 269.0718688964844, S_ratio: 0.44479700922966003
Iteration 9000, S: 278.2821960449219, S_ratio: 0.42631301283836365
Iteration 9010, S: 221.40611267089844, S_ratio: 0.38029974699020386
Iteration 9020, S: 255.2615966796875, S_ratio: 0.4182792007923126
Iteration 9030, S: 610.5433349609375, S_ratio: 0.4130264222621918
Iteration 9040, S: 304.6426086425781, S_ratio: 0.3555363714694977
Iteration 9050, S: 354.5048828125, S_ratio: 0.40951821208000183
Iteration 9060, S: 233.99798583984375, S_ratio: 0.3938570022583008
Iteration 9070, S: 257.4288330078125, S_ratio: 0.39650624990463257
Iteration 9080, S: 176.08474731445312, S_ratio: 0.42237457633018494
Iteration 9090, S: 547.5333862304688, S_ratio: 0.3977721929550171
Iteration 9100, S: 370.4073486328125, S_ratio: 0.48589757084846497
Iteration 9110, S: 215.23016357421875, S_ratio: 0.39087867736816406
Iteration 9120, S: 440.6904296875, S_ratio: 0.47128376364707947
Iteration 9130, S: 178.16607666015625, S_ratio: 0.3884160816669464
Iteration 9140, S: 222.6638946533203, S_ratio: 0.3660876154899597
Iteration 9150, S: 618.0083618164062, S_ratio: 0.4173208773136139
Iteration 9160, S: 579.1229858398438, S_ratio: 0.41131722927093506
Iteration 9170, S: 283.7057189941406, S_ratio: 0.3912315368652344
Iteration 9180, S: 372.49749755859375, S_ratio: 0.4324607253074646
Iteration 9190, S: 408.4213562011719, S_ratio: 0.40754687786102295
Iteration 9200, S: 425.7928161621094, S_ratio: 0.40857136249542236
Iteration 9210, S: 284.1952209472656, S_ratio: 0.393932580947876
Iteration 9220, S: 434.1843566894531, S_ratio: 0.4262144863605499
Iteration 9230, S: 625.7408447265625, S_ratio: 0.45117008686065674
Iteration 9240, S: 273.7693786621094, S_ratio: 0.41209229826927185
Iteration 9250, S: 331.1017150878906, S_ratio: 0.3972698152065277
Iteration 9260, S: 818.0325317382812, S_ratio: 0.4568420648574829
Iteration 9270, S: 309.19598388671875, S_ratio: 0.41088804602622986
Iteration 9280, S: 167.0672607421875, S_ratio: 0.45929858088493347
Iteration 9290, S: 333.3705749511719, S_ratio: 0.39410310983657837
Iteration 9300, S: 190.63507080078125, S_ratio: 0.3622872233390808
Iteration 9310, S: 1147.74951171875, S_ratio: 0.43373903632164
Iteration 9320, S: 948.0598754882812, S_ratio: 0.4383317232131958
Iteration 9330, S: 376.5489807128906, S_ratio: 0.44000765681266785
Iteration 9340, S: 600.1702880859375, S_ratio: 0.4291188716888428
Iteration 9350, S: 297.81793212890625, S_ratio: 0.35749781131744385
Iteration 9360, S: 279.7828063964844, S_ratio: 0.37809649109840393
Iteration 9370, S: 331.3092956542969, S_ratio: 0.4172249436378479
Iteration 9380, S: 321.3993225097656, S_ratio: 0.4826262891292572
Iteration 9390, S: 454.0157470703125, S_ratio: 0.37499240040779114
Iteration 9400, S: 691.3949584960938, S_ratio: 0.44830501079559326
Iteration 9410, S: 288.9126892089844, S_ratio: 0.40325286984443665
Iteration 9420, S: 386.32269287109375, S_ratio: 0.4288131892681122
Iteration 9430, S: 648.4384765625, S_ratio: 0.45865288376808167
Iteration 9440, S: 238.2527313232422, S_ratio: 0.43974724411964417
Iteration 9450, S: 443.5476989746094, S_ratio: 0.40281403064727783
Iteration 9460, S: 211.501708984375, S_ratio: 0.42483776807785034
Iteration 9470, S: 420.36187744140625, S_ratio: 0.4620625972747803
Iteration 9480, S: 592.697998046875, S_ratio: 0.44523581862449646
Iteration 9490, S: 255.35316467285156, S_ratio: 0.3841014504432678
Iteration 9500, S: 347.6383056640625, S_ratio: 0.4316770136356354
Iteration 9510, S: 163.12161254882812, S_ratio: 0.3917260468006134
Iteration 9520, S: 974.9683227539062, S_ratio: 0.43418747186660767
Iteration 9530, S: 284.76507568359375, S_ratio: 0.36541715264320374
Iteration 9540, S: 513.7611083984375, S_ratio: 0.44670370221138
Iteration 9550, S: 594.0245361328125, S_ratio: 0.4407753646373749
Iteration 9560, S: 212.5498046875, S_ratio: 0.42639297246932983
Iteration 9570, S: 275.8085632324219, S_ratio: 0.41833746433258057
Iteration 9580, S: 420.18402099609375, S_ratio: 0.40982675552368164
Iteration 9590, S: 326.10321044921875, S_ratio: 0.4482733905315399
Iteration 9600, S: 404.2742004394531, S_ratio: 0.4257770776748657
Iteration 9610, S: 281.2491455078125, S_ratio: 0.4140941798686981
Iteration 9620, S: 132.6947784423828, S_ratio: 0.31253868341445923
Iteration 9630, S: 410.4499206542969, S_ratio: 0.3705522119998932
Iteration 9640, S: 799.1815185546875, S_ratio: 0.43502578139305115
Iteration 9650, S: 407.0379638671875, S_ratio: 0.3936076760292053
Iteration 9660, S: 282.2187805175781, S_ratio: 0.38817688822746277
Iteration 9670, S: 172.7634735107422, S_ratio: 0.36944106221199036
Iteration 9680, S: 1020.7686767578125, S_ratio: 0.45873188972473145
Iteration 9690, S: 548.552978515625, S_ratio: 0.42774415016174316
Iteration 9700, S: 207.78955078125, S_ratio: 0.35330936312675476
Iteration 9710, S: 339.8117370605469, S_ratio: 0.4377841353416443
Iteration 9720, S: 359.9085388183594, S_ratio: 0.43008872866630554
Iteration 9730, S: 545.6592407226562, S_ratio: 0.4335893988609314
Iteration 9740, S: 415.1180725097656, S_ratio: 0.40749114751815796
Iteration 9750, S: 356.35772705078125, S_ratio: 0.4292772710323334
Iteration 9760, S: 345.93804931640625, S_ratio: 0.4156035780906677
Iteration 9770, S: 812.138671875, S_ratio: 0.435087114572525
Iteration 9780, S: 290.5092468261719, S_ratio: 0.40368324518203735
Iteration 9790, S: 310.095947265625, S_ratio: 0.3673376739025116
Iteration 9800, S: 282.98126220703125, S_ratio: 0.41216841340065
Iteration 9810, S: 366.3041687011719, S_ratio: 0.39250171184539795
Iteration 9820, S: 302.6335144042969, S_ratio: 0.4064633846282959
Iteration 9830, S: 649.5105590820312, S_ratio: 0.4428560137748718
Iteration 9840, S: 503.3082580566406, S_ratio: 0.41508376598358154
Iteration 9850, S: 288.6656494140625, S_ratio: 0.39972788095474243
Iteration 9860, S: 471.3776550292969, S_ratio: 0.404573917388916
Iteration 9870, S: 744.1516723632812, S_ratio: 0.4450678825378418
Iteration 9880, S: 517.02490234375, S_ratio: 0.4191802442073822
Iteration 9890, S: 674.3397216796875, S_ratio: 0.46488049626350403
Iteration 9900, S: 272.1520690917969, S_ratio: 0.3824477195739746
Iteration 9910, S: 558.1746826171875, S_ratio: 0.4426569938659668
Iteration 9920, S: 682.739990234375, S_ratio: 0.43469807505607605
Iteration 9930, S: 192.45462036132812, S_ratio: 0.4056015908718109
Iteration 9940, S: 777.06396484375, S_ratio: 0.44458919763565063
Iteration 9950, S: 344.0816650390625, S_ratio: 0.4307926297187805
Iteration 9960, S: 400.4786376953125, S_ratio: 0.4001360237598419
Iteration 9970, S: 963.5037841796875, S_ratio: 0.4367980659008026
Iteration 9980, S: 497.00592041015625, S_ratio: 0.4145532250404358
Iteration 9990, S: 201.90109252929688, S_ratio: 0.4427974224090576
