Loading rhel8/default-amp
  Loading requirement: dot rhel8/slurm singularity/current rhel8/global
    cuda/11.4 libpciaccess/0.16/gcc-9.4.0-6fonbj6
    libiconv/1.16/gcc-9.4.0-ahebbov libxml2/2.9.12/gcc-9.4.0-gnknt5e
    ncurses/6.2/gcc-9.4.0-aiirok7 hwloc/2.5.0/gcc-9.4.0-7sqomga
    libevent/2.1.12/gcc-9.4.0-hgny7cm numactl/2.0.14/gcc-9.4.0-52dwc6n
    cuda/11.4.0/gcc-9.4.0-3hnxhjt gdrcopy/2.2/gcc-9.4.0-e4igtfp
    knem/1.1.4/gcc-9.4.0-bpbxgva libnl/3.3.0/gcc-9.4.0-whwhrwb
    rdma-core/34.0/gcc-9.4.0-5eo5n2u ucx/1.11.1/gcc-9.4.0-lktqyl4
    openmpi/4.1.1/gcc-9.4.0-epagguv
2024-06-02 10:01:44.821932: W external/xla/xla/service/gpu/nvptx_compiler.cc:760] The NVIDIA driver's CUDA version is 12.2 which is older than the ptxas CUDA version (12.5.40). Because the driver is older than the ptxas version, XLA is disabling parallel compilation, which may slow down compilation. You should update your NVIDIA driver or use the NVIDIA-provided CUDA forward compatibility packages.
wandb: Currently logged in as: arielle-rosinski (arielle_rosinski). Use `wandb login --relogin` to force relogin
wandb: Tracking run with wandb version 0.17.0
wandb: Run data is saved locally in /rds/user/ar2217/hpc-work/SCA/SCA_project/cluster_launch/wandb/run-20240602_100148-ekyw6pd1
wandb: Run `wandb offline` to turn off syncing.
wandb: Syncing run d=2.3
wandb: ⭐️ View project at https://wandb.ai/arielle_rosinski/SCA-project-MC_Maze
wandb: 🚀 View run at https://wandb.ai/arielle_rosinski/SCA-project-MC_Maze/runs/ekyw6pd1
wandb: - 0.014 MB of 0.014 MB uploadedwandb: \ 0.014 MB of 0.089 MB uploadedwandb: | 0.014 MB of 0.089 MB uploadedwandb: / 0.089 MB of 0.089 MB uploadedwandb:                                                                                
wandb: 
wandb: Run history:
wandb: S_ratio ▁▄▆▇█▇▇▇▇▇▇███▇█▇▇█▇▇▇█████▇█▇▇▇█▇█▇▇▇█▇
wandb:   loss_ ██▇▅▄▄▁▄▃▂▃▂▂▂▃▂▄▃▂▂▂▃▃▂▂▂▃▃▁▄▃▃▃▂▂▂▁▃▂▃
wandb: 
wandb: Run summary:
wandb: S_ratio 0.29383
wandb:   loss_ -24.21631
wandb: 
wandb: 🚀 View run d=2.3 at: https://wandb.ai/arielle_rosinski/SCA-project-MC_Maze/runs/ekyw6pd1
wandb: ⭐️ View project at: https://wandb.ai/arielle_rosinski/SCA-project-MC_Maze
wandb: Synced 6 W&B file(s), 0 media file(s), 0 artifact file(s) and 0 other file(s)
wandb: Find logs at: ./wandb/run-20240602_100148-ekyw6pd1/logs
Iteration 0, S: 0.08651456236839294, S_ratio: 0.033526428043842316
Iteration 10, S: 0.1442241370677948, S_ratio: 0.05258103087544441
Iteration 20, S: 0.06964151561260223, S_ratio: 0.022167690098285675
Iteration 30, S: 0.18825431168079376, S_ratio: 0.06937774270772934
Iteration 40, S: 0.16685070097446442, S_ratio: 0.07120415568351746
Iteration 50, S: 0.14954498410224915, S_ratio: 0.05269186571240425
Iteration 60, S: 0.36355623602867126, S_ratio: 0.10334249585866928
Iteration 70, S: 0.297163188457489, S_ratio: 0.10519782453775406
Iteration 80, S: 0.3511212170124054, S_ratio: 0.10454470664262772
Iteration 90, S: 0.496634304523468, S_ratio: 0.12938468158245087
Iteration 100, S: 0.23992489278316498, S_ratio: 0.07753955572843552
Iteration 110, S: 0.23545072972774506, S_ratio: 0.09250970929861069
Iteration 120, S: 0.5395597815513611, S_ratio: 0.10720428079366684
Iteration 130, S: 0.43467840552330017, S_ratio: 0.1163504496216774
Iteration 140, S: 0.2953118681907654, S_ratio: 0.09747370332479477
Iteration 150, S: 0.4714440405368805, S_ratio: 0.09753164649009705
Iteration 160, S: 0.4202929437160492, S_ratio: 0.10848818719387054
Iteration 170, S: 0.4682145416736603, S_ratio: 0.13386820256710052
Iteration 180, S: 0.3824330270290375, S_ratio: 0.11176608502864838
Iteration 190, S: 0.68281489610672, S_ratio: 0.1453542709350586
Iteration 200, S: 0.7542957663536072, S_ratio: 0.13495227694511414
Iteration 210, S: 0.6460481286048889, S_ratio: 0.1475306898355484
Iteration 220, S: 0.7441322803497314, S_ratio: 0.1536301225423813
Iteration 230, S: 0.38450321555137634, S_ratio: 0.1291675716638565
Iteration 240, S: 0.4953911006450653, S_ratio: 0.12378686666488647
Iteration 250, S: 0.9114880561828613, S_ratio: 0.17979185283184052
Iteration 260, S: 0.8419947028160095, S_ratio: 0.16510920226573944
Iteration 270, S: 0.8510586619377136, S_ratio: 0.15216240286827087
Iteration 280, S: 0.7286599278450012, S_ratio: 0.13694645464420319
Iteration 290, S: 1.0590578317642212, S_ratio: 0.16823960840702057
Iteration 300, S: 1.2231827974319458, S_ratio: 0.16421633958816528
Iteration 310, S: 1.4125120639801025, S_ratio: 0.17892172932624817
Iteration 320, S: 1.1280221939086914, S_ratio: 0.16590645909309387
Iteration 330, S: 1.433699369430542, S_ratio: 0.21040403842926025
Iteration 340, S: 1.3092550039291382, S_ratio: 0.18358214199543
Iteration 350, S: 1.6047581434249878, S_ratio: 0.1916695386171341
Iteration 360, S: 1.2604905366897583, S_ratio: 0.1961468905210495
Iteration 370, S: 1.7368608713150024, S_ratio: 0.20949670672416687
Iteration 380, S: 1.654384732246399, S_ratio: 0.20289133489131927
Iteration 390, S: 1.7592095136642456, S_ratio: 0.2080422341823578
Iteration 400, S: 1.8119847774505615, S_ratio: 0.23786258697509766
Iteration 410, S: 1.6171587705612183, S_ratio: 0.19756926596164703
Iteration 420, S: 2.2078804969787598, S_ratio: 0.24325624108314514
Iteration 430, S: 1.6180938482284546, S_ratio: 0.23242026567459106
Iteration 440, S: 1.8938194513320923, S_ratio: 0.23449108004570007
Iteration 450, S: 2.5442540645599365, S_ratio: 0.24255014955997467
Iteration 460, S: 2.454361915588379, S_ratio: 0.2229921519756317
Iteration 470, S: 2.6460347175598145, S_ratio: 0.25054943561553955
Iteration 480, S: 3.351008415222168, S_ratio: 0.24805831909179688
Iteration 490, S: 3.296781063079834, S_ratio: 0.22679445147514343
Iteration 500, S: 4.249271869659424, S_ratio: 0.2614288330078125
Iteration 510, S: 3.7871451377868652, S_ratio: 0.24736317992210388
Iteration 520, S: 4.763212203979492, S_ratio: 0.2943306267261505
Iteration 530, S: 5.05265474319458, S_ratio: 0.28089430928230286
Iteration 540, S: 4.825213432312012, S_ratio: 0.2707764506340027
Iteration 550, S: 5.583742618560791, S_ratio: 0.2749374210834503
Iteration 560, S: 4.455850601196289, S_ratio: 0.25924038887023926
Iteration 570, S: 5.586486339569092, S_ratio: 0.28707629442214966
Iteration 580, S: 5.486828804016113, S_ratio: 0.2847880423069
Iteration 590, S: 5.450435638427734, S_ratio: 0.253963440656662
Iteration 600, S: 5.946810722351074, S_ratio: 0.28235670924186707
Iteration 610, S: 7.528397560119629, S_ratio: 0.29375776648521423
Iteration 620, S: 7.780920028686523, S_ratio: 0.2719925045967102
Iteration 630, S: 6.1334004402160645, S_ratio: 0.3044792115688324
Iteration 640, S: 6.86619758605957, S_ratio: 0.2685641944408417
Iteration 650, S: 7.695767879486084, S_ratio: 0.29383960366249084
Iteration 660, S: 7.993860721588135, S_ratio: 0.28770577907562256
Iteration 670, S: 7.499513149261475, S_ratio: 0.28968188166618347
Iteration 680, S: 8.205225944519043, S_ratio: 0.2961849272251129
Iteration 690, S: 7.721683502197266, S_ratio: 0.29710081219673157
Iteration 700, S: 8.31531810760498, S_ratio: 0.28568994998931885
Iteration 710, S: 10.49635124206543, S_ratio: 0.29572147130966187
Iteration 720, S: 7.266219139099121, S_ratio: 0.2891675531864166
Iteration 730, S: 9.70532512664795, S_ratio: 0.2843201160430908
Iteration 740, S: 9.25243091583252, S_ratio: 0.2864578664302826
Iteration 750, S: 11.458030700683594, S_ratio: 0.30086567997932434
Iteration 760, S: 8.303895950317383, S_ratio: 0.26993605494499207
Iteration 770, S: 11.75399112701416, S_ratio: 0.287413626909256
Iteration 780, S: 8.591214179992676, S_ratio: 0.2831365764141083
Iteration 790, S: 11.429900169372559, S_ratio: 0.2816888988018036
Iteration 800, S: 9.490312576293945, S_ratio: 0.27960652112960815
Iteration 810, S: 13.370176315307617, S_ratio: 0.27194833755493164
Iteration 820, S: 16.281227111816406, S_ratio: 0.27325159311294556
Iteration 830, S: 12.617409706115723, S_ratio: 0.2911319434642792
Iteration 840, S: 13.404424667358398, S_ratio: 0.2810085415840149
Iteration 850, S: 10.042266845703125, S_ratio: 0.3053969442844391
Iteration 860, S: 11.979602813720703, S_ratio: 0.2949564754962921
Iteration 870, S: 12.43670654296875, S_ratio: 0.2908775508403778
Iteration 880, S: 16.92314910888672, S_ratio: 0.27439451217651367
Iteration 890, S: 14.72958755493164, S_ratio: 0.28388890624046326
Iteration 900, S: 15.96328353881836, S_ratio: 0.27842721343040466
Iteration 910, S: 12.070792198181152, S_ratio: 0.29270806908607483
Iteration 920, S: 13.259340286254883, S_ratio: 0.2745451033115387
Iteration 930, S: 15.281627655029297, S_ratio: 0.28277769684791565
Iteration 940, S: 10.552715301513672, S_ratio: 0.2655183672904968
Iteration 950, S: 12.382526397705078, S_ratio: 0.2766605615615845
Iteration 960, S: 9.560351371765137, S_ratio: 0.2797660827636719
Iteration 970, S: 14.507712364196777, S_ratio: 0.268960565328598
Iteration 980, S: 20.526826858520508, S_ratio: 0.27415868639945984
Iteration 990, S: 15.09422492980957, S_ratio: 0.2874222993850708
Iteration 1000, S: 15.803146362304688, S_ratio: 0.3067335784435272
Iteration 1010, S: 13.542715072631836, S_ratio: 0.2593362629413605
Iteration 1020, S: 16.846359252929688, S_ratio: 0.26897937059402466
Iteration 1030, S: 19.141199111938477, S_ratio: 0.27965107560157776
Iteration 1040, S: 15.362239837646484, S_ratio: 0.27319684624671936
Iteration 1050, S: 13.996282577514648, S_ratio: 0.26296916604042053
Iteration 1060, S: 14.09997272491455, S_ratio: 0.2760935425758362
Iteration 1070, S: 17.135169982910156, S_ratio: 0.25948241353034973
Iteration 1080, S: 13.446587562561035, S_ratio: 0.28751492500305176
Iteration 1090, S: 14.77135944366455, S_ratio: 0.2851506173610687
Iteration 1100, S: 12.668044090270996, S_ratio: 0.25937214493751526
Iteration 1110, S: 15.320481300354004, S_ratio: 0.26737159490585327
Iteration 1120, S: 18.625446319580078, S_ratio: 0.28360605239868164
Iteration 1130, S: 16.323108673095703, S_ratio: 0.2663385272026062
Iteration 1140, S: 13.29866886138916, S_ratio: 0.26762664318084717
Iteration 1150, S: 17.924697875976562, S_ratio: 0.2787594795227051
Iteration 1160, S: 23.761877059936523, S_ratio: 0.27955034375190735
Iteration 1170, S: 19.753190994262695, S_ratio: 0.26881644129753113
Iteration 1180, S: 18.318578720092773, S_ratio: 0.27797025442123413
Iteration 1190, S: 20.467111587524414, S_ratio: 0.2678026258945465
Iteration 1200, S: 17.391681671142578, S_ratio: 0.272975355386734
Iteration 1210, S: 20.000505447387695, S_ratio: 0.26784300804138184
Iteration 1220, S: 16.464033126831055, S_ratio: 0.27007609605789185
Iteration 1230, S: 22.07358741760254, S_ratio: 0.2855073809623718
Iteration 1240, S: 20.994712829589844, S_ratio: 0.27859240770339966
Iteration 1250, S: 19.987424850463867, S_ratio: 0.2667613923549652
Iteration 1260, S: 15.887088775634766, S_ratio: 0.264588326215744
Iteration 1270, S: 20.66755485534668, S_ratio: 0.27708327770233154
Iteration 1280, S: 18.782419204711914, S_ratio: 0.25777217745780945
Iteration 1290, S: 20.566057205200195, S_ratio: 0.28167930245399475
Iteration 1300, S: 13.810893058776855, S_ratio: 0.2845723628997803
Iteration 1310, S: 25.495309829711914, S_ratio: 0.2824230194091797
Iteration 1320, S: 23.09380531311035, S_ratio: 0.27832624316215515
Iteration 1330, S: 18.604129791259766, S_ratio: 0.2637030780315399
Iteration 1340, S: 18.923933029174805, S_ratio: 0.27363109588623047
Iteration 1350, S: 14.777921676635742, S_ratio: 0.25552618503570557
Iteration 1360, S: 17.368728637695312, S_ratio: 0.26193222403526306
Iteration 1370, S: 17.647594451904297, S_ratio: 0.2608977258205414
Iteration 1380, S: 19.742515563964844, S_ratio: 0.2633160352706909
Iteration 1390, S: 19.37734031677246, S_ratio: 0.28397437930107117
Iteration 1400, S: 23.058361053466797, S_ratio: 0.2864830493927002
Iteration 1410, S: 19.874698638916016, S_ratio: 0.2853538393974304
Iteration 1420, S: 20.43406105041504, S_ratio: 0.28176191449165344
Iteration 1430, S: 20.97271156311035, S_ratio: 0.28280311822891235
Iteration 1440, S: 16.151599884033203, S_ratio: 0.2543794512748718
Iteration 1450, S: 14.850767135620117, S_ratio: 0.26814016699790955
Iteration 1460, S: 19.266864776611328, S_ratio: 0.26740145683288574
Iteration 1470, S: 19.044815063476562, S_ratio: 0.2798577547073364
Iteration 1480, S: 21.739171981811523, S_ratio: 0.27958452701568604
Iteration 1490, S: 17.745468139648438, S_ratio: 0.270662397146225
Iteration 1500, S: 20.012954711914062, S_ratio: 0.2610040009021759
Iteration 1510, S: 20.919801712036133, S_ratio: 0.27507463097572327
Iteration 1520, S: 18.0841121673584, S_ratio: 0.26291701197624207
Iteration 1530, S: 15.8496732711792, S_ratio: 0.26280972361564636
Iteration 1540, S: 21.37796401977539, S_ratio: 0.2749452292919159
Iteration 1550, S: 17.121124267578125, S_ratio: 0.25061115622520447
Iteration 1560, S: 19.381071090698242, S_ratio: 0.28208422660827637
Iteration 1570, S: 19.996858596801758, S_ratio: 0.2634953558444977
Iteration 1580, S: 20.411380767822266, S_ratio: 0.279882550239563
Iteration 1590, S: 30.62778663635254, S_ratio: 0.28180885314941406
Iteration 1600, S: 17.346803665161133, S_ratio: 0.2771122455596924
Iteration 1610, S: 21.083444595336914, S_ratio: 0.28164830803871155
Iteration 1620, S: 19.95135498046875, S_ratio: 0.2630280554294586
Iteration 1630, S: 20.728435516357422, S_ratio: 0.2752557098865509
Iteration 1640, S: 19.240951538085938, S_ratio: 0.2670593857765198
Iteration 1650, S: 16.475849151611328, S_ratio: 0.268635630607605
Iteration 1660, S: 17.6364688873291, S_ratio: 0.2689434885978699
Iteration 1670, S: 18.28567123413086, S_ratio: 0.2788926362991333
Iteration 1680, S: 18.80118751525879, S_ratio: 0.2791336476802826
Iteration 1690, S: 22.69953727722168, S_ratio: 0.28714698553085327
Iteration 1700, S: 15.741671562194824, S_ratio: 0.2580074369907379
Iteration 1710, S: 19.23329734802246, S_ratio: 0.2630051076412201
Iteration 1720, S: 19.427186965942383, S_ratio: 0.2660159766674042
Iteration 1730, S: 22.026790618896484, S_ratio: 0.28667134046554565
Iteration 1740, S: 20.82968521118164, S_ratio: 0.2794894278049469
Iteration 1750, S: 20.319602966308594, S_ratio: 0.2781892418861389
Iteration 1760, S: 18.657756805419922, S_ratio: 0.27410727739334106
Iteration 1770, S: 25.89019775390625, S_ratio: 0.28837236762046814
Iteration 1780, S: 18.581289291381836, S_ratio: 0.2704995572566986
Iteration 1790, S: 18.2283935546875, S_ratio: 0.28089919686317444
Iteration 1800, S: 21.266572952270508, S_ratio: 0.2587239444255829
Iteration 1810, S: 14.21818733215332, S_ratio: 0.25541722774505615
Iteration 1820, S: 24.433853149414062, S_ratio: 0.28052544593811035
Iteration 1830, S: 29.89386749267578, S_ratio: 0.29210364818573
Iteration 1840, S: 21.795387268066406, S_ratio: 0.284075528383255
Iteration 1850, S: 21.012508392333984, S_ratio: 0.2866270840167999
Iteration 1860, S: 15.825631141662598, S_ratio: 0.2705411911010742
Iteration 1870, S: 18.97854995727539, S_ratio: 0.26962971687316895
Iteration 1880, S: 23.932538986206055, S_ratio: 0.2752479910850525
Iteration 1890, S: 23.35521125793457, S_ratio: 0.2744383215904236
Iteration 1900, S: 20.221708297729492, S_ratio: 0.28394806385040283
Iteration 1910, S: 24.11210823059082, S_ratio: 0.2775058150291443
Iteration 1920, S: 14.03529167175293, S_ratio: 0.2641390860080719
Iteration 1930, S: 22.989120483398438, S_ratio: 0.27782562375068665
Iteration 1940, S: 21.905750274658203, S_ratio: 0.2779127061367035
Iteration 1950, S: 19.5318660736084, S_ratio: 0.25645712018013
Iteration 1960, S: 19.153751373291016, S_ratio: 0.28213468194007874
Iteration 1970, S: 23.52437973022461, S_ratio: 0.28516608476638794
Iteration 1980, S: 24.929306030273438, S_ratio: 0.2810914218425751
Iteration 1990, S: 21.815139770507812, S_ratio: 0.29096221923828125
Iteration 2000, S: 20.154525756835938, S_ratio: 0.2749585807323456
Iteration 2010, S: 23.610551834106445, S_ratio: 0.289018452167511
Iteration 2020, S: 19.11762809753418, S_ratio: 0.2684277296066284
Iteration 2030, S: 15.009389877319336, S_ratio: 0.269071489572525
Iteration 2040, S: 20.307037353515625, S_ratio: 0.2823691666126251
Iteration 2050, S: 24.70234489440918, S_ratio: 0.27518415451049805
Iteration 2060, S: 16.81365966796875, S_ratio: 0.2696170210838318
Iteration 2070, S: 18.296401977539062, S_ratio: 0.270512193441391
Iteration 2080, S: 18.867259979248047, S_ratio: 0.2756391763687134
Iteration 2090, S: 25.295602798461914, S_ratio: 0.2883078455924988
Iteration 2100, S: 28.388202667236328, S_ratio: 0.2861538231372833
Iteration 2110, S: 22.39483070373535, S_ratio: 0.27957046031951904
Iteration 2120, S: 25.89572525024414, S_ratio: 0.2813686728477478
Iteration 2130, S: 22.92974090576172, S_ratio: 0.27675876021385193
Iteration 2140, S: 18.93981170654297, S_ratio: 0.27191609144210815
Iteration 2150, S: 22.931581497192383, S_ratio: 0.27549996972084045
Iteration 2160, S: 20.509790420532227, S_ratio: 0.2833240330219269
Iteration 2170, S: 18.982492446899414, S_ratio: 0.2696702778339386
Iteration 2180, S: 21.820690155029297, S_ratio: 0.28286436200141907
Iteration 2190, S: 23.650604248046875, S_ratio: 0.28696805238723755
Iteration 2200, S: 17.935504913330078, S_ratio: 0.267596036195755
Iteration 2210, S: 20.197961807250977, S_ratio: 0.2808324992656708
Iteration 2220, S: 25.52532386779785, S_ratio: 0.28722766041755676
Iteration 2230, S: 18.5621337890625, S_ratio: 0.2765142619609833
Iteration 2240, S: 25.890077590942383, S_ratio: 0.29534077644348145
Iteration 2250, S: 18.205215454101562, S_ratio: 0.2736354172229767
Iteration 2260, S: 23.430932998657227, S_ratio: 0.29232820868492126
Iteration 2270, S: 24.03418731689453, S_ratio: 0.28887131810188293
Iteration 2280, S: 23.45844078063965, S_ratio: 0.2844444513320923
Iteration 2290, S: 29.510852813720703, S_ratio: 0.2932139039039612
Iteration 2300, S: 20.445348739624023, S_ratio: 0.2802552580833435
Iteration 2310, S: 16.86443519592285, S_ratio: 0.2634607255458832
Iteration 2320, S: 16.95317268371582, S_ratio: 0.2715471386909485
Iteration 2330, S: 26.9942684173584, S_ratio: 0.2928597331047058
Iteration 2340, S: 23.040733337402344, S_ratio: 0.284330278635025
Iteration 2350, S: 19.223411560058594, S_ratio: 0.27103757858276367
Iteration 2360, S: 20.885488510131836, S_ratio: 0.2786480188369751
Iteration 2370, S: 19.595661163330078, S_ratio: 0.28704309463500977
Iteration 2380, S: 23.1079044342041, S_ratio: 0.28807365894317627
Iteration 2390, S: 19.033016204833984, S_ratio: 0.271551251411438
Iteration 2400, S: 19.126651763916016, S_ratio: 0.2841681241989136
Iteration 2410, S: 19.722782135009766, S_ratio: 0.274776816368103
Iteration 2420, S: 19.26712989807129, S_ratio: 0.2776792049407959
Iteration 2430, S: 17.879375457763672, S_ratio: 0.2691529393196106
Iteration 2440, S: 27.77279281616211, S_ratio: 0.290828138589859
Iteration 2450, S: 18.202573776245117, S_ratio: 0.2756214737892151
Iteration 2460, S: 23.064477920532227, S_ratio: 0.28342849016189575
Iteration 2470, S: 24.551128387451172, S_ratio: 0.2902716398239136
Iteration 2480, S: 27.015474319458008, S_ratio: 0.2914998531341553
Iteration 2490, S: 26.993364334106445, S_ratio: 0.2934783399105072
Iteration 2500, S: 28.637022018432617, S_ratio: 0.29189804196357727
Iteration 2510, S: 19.423465728759766, S_ratio: 0.2752988636493683
Iteration 2520, S: 20.72812843322754, S_ratio: 0.276511013507843
Iteration 2530, S: 22.001371383666992, S_ratio: 0.28608036041259766
Iteration 2540, S: 25.051223754882812, S_ratio: 0.2842860519886017
Iteration 2550, S: 25.51668930053711, S_ratio: 0.28178536891937256
Iteration 2560, S: 20.06627082824707, S_ratio: 0.275483101606369
Iteration 2570, S: 24.629348754882812, S_ratio: 0.28712618350982666
Iteration 2580, S: 19.14410972595215, S_ratio: 0.27144864201545715
Iteration 2590, S: 27.15949249267578, S_ratio: 0.2932867407798767
Iteration 2600, S: 23.417110443115234, S_ratio: 0.278016060590744
Iteration 2610, S: 18.11125946044922, S_ratio: 0.2747868299484253
Iteration 2620, S: 19.09837532043457, S_ratio: 0.28019043803215027
Iteration 2630, S: 22.547067642211914, S_ratio: 0.28021907806396484
Iteration 2640, S: 19.113433837890625, S_ratio: 0.28543421626091003
Iteration 2650, S: 22.794553756713867, S_ratio: 0.2840087413787842
Iteration 2660, S: 17.381568908691406, S_ratio: 0.26593032479286194
Iteration 2670, S: 20.31807518005371, S_ratio: 0.2771250903606415
Iteration 2680, S: 18.745330810546875, S_ratio: 0.28091520071029663
Iteration 2690, S: 14.929346084594727, S_ratio: 0.27624961733818054
Iteration 2700, S: 17.969636917114258, S_ratio: 0.27015528082847595
Iteration 2710, S: 20.619298934936523, S_ratio: 0.2715955376625061
Iteration 2720, S: 17.33888053894043, S_ratio: 0.2789449989795685
Iteration 2730, S: 18.505611419677734, S_ratio: 0.2740565836429596
Iteration 2740, S: 18.783443450927734, S_ratio: 0.27810826897621155
Iteration 2750, S: 23.15399932861328, S_ratio: 0.2845892608165741
Iteration 2760, S: 18.00572395324707, S_ratio: 0.2781863212585449
Iteration 2770, S: 18.346355438232422, S_ratio: 0.28166428208351135
Iteration 2780, S: 27.89371109008789, S_ratio: 0.29173821210861206
Iteration 2790, S: 21.6068058013916, S_ratio: 0.27511972188949585
Iteration 2800, S: 20.90152359008789, S_ratio: 0.2813485562801361
Iteration 2810, S: 18.572702407836914, S_ratio: 0.27398681640625
Iteration 2820, S: 20.09699249267578, S_ratio: 0.27506059408187866
Iteration 2830, S: 16.785097122192383, S_ratio: 0.2747865319252014
Iteration 2840, S: 21.666242599487305, S_ratio: 0.28437700867652893
Iteration 2850, S: 16.969911575317383, S_ratio: 0.28785908222198486
Iteration 2860, S: 16.08321762084961, S_ratio: 0.265421986579895
Iteration 2870, S: 14.81181526184082, S_ratio: 0.2614656984806061
Iteration 2880, S: 21.96808433532715, S_ratio: 0.28202003240585327
Iteration 2890, S: 21.508296966552734, S_ratio: 0.27505606412887573
Iteration 2900, S: 17.487430572509766, S_ratio: 0.2738187909126282
Iteration 2910, S: 29.48981475830078, S_ratio: 0.2905944585800171
Iteration 2920, S: 17.81368637084961, S_ratio: 0.280246764421463
Iteration 2930, S: 19.016775131225586, S_ratio: 0.2767675518989563
Iteration 2940, S: 23.571306228637695, S_ratio: 0.2786053717136383
Iteration 2950, S: 23.59714698791504, S_ratio: 0.2811568081378937
Iteration 2960, S: 24.69183921813965, S_ratio: 0.29229891300201416
Iteration 2970, S: 27.47892189025879, S_ratio: 0.2952531576156616
Iteration 2980, S: 21.521656036376953, S_ratio: 0.2905847728252411
Iteration 2990, S: 22.948619842529297, S_ratio: 0.27346527576446533
Iteration 3000, S: 20.3640079498291, S_ratio: 0.27926918864250183
Iteration 3010, S: 21.372760772705078, S_ratio: 0.28418150544166565
Iteration 3020, S: 24.572914123535156, S_ratio: 0.29498112201690674
Iteration 3030, S: 22.275882720947266, S_ratio: 0.2979332506656647
Iteration 3040, S: 22.57982063293457, S_ratio: 0.2840253412723541
Iteration 3050, S: 21.590219497680664, S_ratio: 0.283582478761673
Iteration 3060, S: 21.957002639770508, S_ratio: 0.2798629701137543
Iteration 3070, S: 17.21599578857422, S_ratio: 0.26448196172714233
Iteration 3080, S: 18.234209060668945, S_ratio: 0.27264437079429626
Iteration 3090, S: 21.682710647583008, S_ratio: 0.29145070910453796
Iteration 3100, S: 28.88178062438965, S_ratio: 0.29474911093711853
Iteration 3110, S: 17.61627960205078, S_ratio: 0.27655166387557983
Iteration 3120, S: 19.4692440032959, S_ratio: 0.28044262528419495
Iteration 3130, S: 20.52305030822754, S_ratio: 0.2811780869960785
Iteration 3140, S: 22.32708740234375, S_ratio: 0.28767654299736023
Iteration 3150, S: 20.123159408569336, S_ratio: 0.27417272329330444
Iteration 3160, S: 17.764244079589844, S_ratio: 0.27984580397605896
Iteration 3170, S: 19.822233200073242, S_ratio: 0.2849242091178894
Iteration 3180, S: 17.034564971923828, S_ratio: 0.27272021770477295
Iteration 3190, S: 29.09141731262207, S_ratio: 0.2930850088596344
Iteration 3200, S: 24.948997497558594, S_ratio: 0.2834163010120392
Iteration 3210, S: 17.843524932861328, S_ratio: 0.27646690607070923
Iteration 3220, S: 18.200855255126953, S_ratio: 0.2811313271522522
Iteration 3230, S: 19.610525131225586, S_ratio: 0.2776295840740204
Iteration 3240, S: 22.48720932006836, S_ratio: 0.2944956421852112
Iteration 3250, S: 23.25798797607422, S_ratio: 0.29037317633628845
Iteration 3260, S: 18.689727783203125, S_ratio: 0.28312864899635315
Iteration 3270, S: 18.813037872314453, S_ratio: 0.27921798825263977
Iteration 3280, S: 20.839811325073242, S_ratio: 0.28130584955215454
Iteration 3290, S: 17.822587966918945, S_ratio: 0.2821185886859894
Iteration 3300, S: 22.46009635925293, S_ratio: 0.27558398246765137
Iteration 3310, S: 21.457317352294922, S_ratio: 0.28367453813552856
Iteration 3320, S: 23.779237747192383, S_ratio: 0.28035178780555725
Iteration 3330, S: 21.57862091064453, S_ratio: 0.28797605633735657
Iteration 3340, S: 24.743881225585938, S_ratio: 0.2822975516319275
Iteration 3350, S: 19.95384407043457, S_ratio: 0.27927127480506897
Iteration 3360, S: 23.162824630737305, S_ratio: 0.2834782898426056
Iteration 3370, S: 21.988346099853516, S_ratio: 0.2884894907474518
Iteration 3380, S: 19.381093978881836, S_ratio: 0.2844388484954834
Iteration 3390, S: 21.85585594177246, S_ratio: 0.2793172299861908
Iteration 3400, S: 20.415498733520508, S_ratio: 0.2756781280040741
Iteration 3410, S: 22.50811767578125, S_ratio: 0.2856166660785675
Iteration 3420, S: 20.367637634277344, S_ratio: 0.2768763601779938
Iteration 3430, S: 21.746109008789062, S_ratio: 0.2793004810810089
Iteration 3440, S: 16.97132682800293, S_ratio: 0.2681983709335327
Iteration 3450, S: 20.254804611206055, S_ratio: 0.27637922763824463
Iteration 3460, S: 27.600290298461914, S_ratio: 0.29467710852622986
Iteration 3470, S: 19.48032569885254, S_ratio: 0.28388097882270813
Iteration 3480, S: 24.202184677124023, S_ratio: 0.2808102071285248
Iteration 3490, S: 19.941200256347656, S_ratio: 0.28691592812538147
Iteration 3500, S: 17.643930435180664, S_ratio: 0.27589771151542664
Iteration 3510, S: 19.34398651123047, S_ratio: 0.2747659683227539
Iteration 3520, S: 24.652793884277344, S_ratio: 0.28419429063796997
Iteration 3530, S: 25.187788009643555, S_ratio: 0.282175749540329
Iteration 3540, S: 18.855987548828125, S_ratio: 0.2780231237411499
Iteration 3550, S: 18.678756713867188, S_ratio: 0.2791469097137451
Iteration 3560, S: 22.598796844482422, S_ratio: 0.28634849190711975
Iteration 3570, S: 27.41961097717285, S_ratio: 0.28961995244026184
Iteration 3580, S: 19.77413558959961, S_ratio: 0.2769516408443451
Iteration 3590, S: 17.38007926940918, S_ratio: 0.2739725112915039
Iteration 3600, S: 23.772417068481445, S_ratio: 0.27848610281944275
Iteration 3610, S: 18.65864372253418, S_ratio: 0.28240999579429626
Iteration 3620, S: 21.711578369140625, S_ratio: 0.2829723060131073
Iteration 3630, S: 16.672775268554688, S_ratio: 0.26888522505760193
Iteration 3640, S: 18.816476821899414, S_ratio: 0.2777186632156372
Iteration 3650, S: 23.148330688476562, S_ratio: 0.2726450562477112
Iteration 3660, S: 26.855762481689453, S_ratio: 0.2953886091709137
Iteration 3670, S: 19.563915252685547, S_ratio: 0.2867746353149414
Iteration 3680, S: 20.75217056274414, S_ratio: 0.2846481204032898
Iteration 3690, S: 21.629371643066406, S_ratio: 0.28897711634635925
Iteration 3700, S: 17.99552345275879, S_ratio: 0.2753099501132965
Iteration 3710, S: 13.813018798828125, S_ratio: 0.2729208767414093
Iteration 3720, S: 24.34626579284668, S_ratio: 0.285475492477417
Iteration 3730, S: 21.12957191467285, S_ratio: 0.2864486873149872
Iteration 3740, S: 25.89729118347168, S_ratio: 0.28816986083984375
Iteration 3750, S: 23.145427703857422, S_ratio: 0.3038874566555023
Iteration 3760, S: 20.802221298217773, S_ratio: 0.27244827151298523
Iteration 3770, S: 20.94681739807129, S_ratio: 0.2794208526611328
Iteration 3780, S: 27.386253356933594, S_ratio: 0.2921716272830963
Iteration 3790, S: 19.3396053314209, S_ratio: 0.28614166378974915
Iteration 3800, S: 26.3353214263916, S_ratio: 0.28906941413879395
Iteration 3810, S: 22.234966278076172, S_ratio: 0.2795288860797882
Iteration 3820, S: 27.0999813079834, S_ratio: 0.2923445403575897
Iteration 3830, S: 23.793479919433594, S_ratio: 0.28665223717689514
Iteration 3840, S: 23.095399856567383, S_ratio: 0.27658790349960327
Iteration 3850, S: 17.71550178527832, S_ratio: 0.282184362411499
Iteration 3860, S: 22.32042694091797, S_ratio: 0.2862154245376587
Iteration 3870, S: 21.682621002197266, S_ratio: 0.2796524465084076
Iteration 3880, S: 23.502378463745117, S_ratio: 0.2971557676792145
Iteration 3890, S: 21.959171295166016, S_ratio: 0.2833852469921112
Iteration 3900, S: 16.672231674194336, S_ratio: 0.27015045285224915
Iteration 3910, S: 18.57818031311035, S_ratio: 0.26837626099586487
Iteration 3920, S: 21.240516662597656, S_ratio: 0.28694581985473633
Iteration 3930, S: 22.578269958496094, S_ratio: 0.2802356779575348
Iteration 3940, S: 19.148040771484375, S_ratio: 0.2815486192703247
Iteration 3950, S: 24.160037994384766, S_ratio: 0.29193636775016785
Iteration 3960, S: 24.557668685913086, S_ratio: 0.2801414132118225
Iteration 3970, S: 19.938072204589844, S_ratio: 0.27092936635017395
Iteration 3980, S: 20.395830154418945, S_ratio: 0.27629154920578003
Iteration 3990, S: 20.1834774017334, S_ratio: 0.27438777685165405
Iteration 4000, S: 19.884340286254883, S_ratio: 0.2738686203956604
Iteration 4010, S: 19.4157657623291, S_ratio: 0.28443723917007446
Iteration 4020, S: 23.984859466552734, S_ratio: 0.2897953689098358
Iteration 4030, S: 19.645034790039062, S_ratio: 0.2808266282081604
Iteration 4040, S: 22.45969009399414, S_ratio: 0.2846565842628479
Iteration 4050, S: 20.297924041748047, S_ratio: 0.2819543182849884
Iteration 4060, S: 22.668493270874023, S_ratio: 0.2761164903640747
Iteration 4070, S: 21.430025100708008, S_ratio: 0.2830145061016083
Iteration 4080, S: 26.913881301879883, S_ratio: 0.28944364190101624
Iteration 4090, S: 21.862777709960938, S_ratio: 0.2851649522781372
Iteration 4100, S: 23.888532638549805, S_ratio: 0.28394708037376404
Iteration 4110, S: 19.323518753051758, S_ratio: 0.2804967761039734
Iteration 4120, S: 24.703859329223633, S_ratio: 0.27902349829673767
Iteration 4130, S: 18.979442596435547, S_ratio: 0.2652090787887573
Iteration 4140, S: 18.774824142456055, S_ratio: 0.2740142345428467
Iteration 4150, S: 21.391298294067383, S_ratio: 0.2901687026023865
Iteration 4160, S: 19.496408462524414, S_ratio: 0.2794276773929596
Iteration 4170, S: 21.62220001220703, S_ratio: 0.29374954104423523
Iteration 4180, S: 20.367454528808594, S_ratio: 0.2813594341278076
Iteration 4190, S: 24.550939559936523, S_ratio: 0.2884068787097931
Iteration 4200, S: 16.984737396240234, S_ratio: 0.2798078954219818
Iteration 4210, S: 18.90986442565918, S_ratio: 0.27437570691108704
Iteration 4220, S: 24.297670364379883, S_ratio: 0.2835097312927246
Iteration 4230, S: 22.440410614013672, S_ratio: 0.284737229347229
Iteration 4240, S: 21.086111068725586, S_ratio: 0.2748933732509613
Iteration 4250, S: 23.060152053833008, S_ratio: 0.2871623933315277
Iteration 4260, S: 22.860580444335938, S_ratio: 0.2904660403728485
Iteration 4270, S: 19.523456573486328, S_ratio: 0.2789784073829651
Iteration 4280, S: 20.942434310913086, S_ratio: 0.28402480483055115
Iteration 4290, S: 19.674901962280273, S_ratio: 0.2877415418624878
Iteration 4300, S: 14.956833839416504, S_ratio: 0.25668662786483765
Iteration 4310, S: 30.439258575439453, S_ratio: 0.29527154564857483
Iteration 4320, S: 15.763633728027344, S_ratio: 0.27912288904190063
Iteration 4330, S: 25.207090377807617, S_ratio: 0.292736679315567
Iteration 4340, S: 20.44631576538086, S_ratio: 0.28945818543434143
Iteration 4350, S: 22.815673828125, S_ratio: 0.2770610451698303
Iteration 4360, S: 20.805158615112305, S_ratio: 0.27723005414009094
Iteration 4370, S: 25.438552856445312, S_ratio: 0.2938166558742523
Iteration 4380, S: 24.77759552001953, S_ratio: 0.2873748242855072
Iteration 4390, S: 22.91160011291504, S_ratio: 0.28325143456459045
Iteration 4400, S: 17.999309539794922, S_ratio: 0.2690078318119049
Iteration 4410, S: 27.545818328857422, S_ratio: 0.2888278067111969
Iteration 4420, S: 20.698104858398438, S_ratio: 0.2852921783924103
Iteration 4430, S: 18.637325286865234, S_ratio: 0.2778107523918152
Iteration 4440, S: 21.242633819580078, S_ratio: 0.26685088872909546
Iteration 4450, S: 27.339752197265625, S_ratio: 0.2834767997264862
Iteration 4460, S: 21.642881393432617, S_ratio: 0.2846808135509491
Iteration 4470, S: 24.651477813720703, S_ratio: 0.29122498631477356
Iteration 4480, S: 19.080459594726562, S_ratio: 0.278355211019516
Iteration 4490, S: 17.882280349731445, S_ratio: 0.27935388684272766
Iteration 4500, S: 19.079618453979492, S_ratio: 0.2762424945831299
Iteration 4510, S: 17.13123321533203, S_ratio: 0.26810696721076965
Iteration 4520, S: 18.56063461303711, S_ratio: 0.2749098539352417
Iteration 4530, S: 25.031511306762695, S_ratio: 0.28684258460998535
Iteration 4540, S: 19.765762329101562, S_ratio: 0.2797597646713257
Iteration 4550, S: 21.404600143432617, S_ratio: 0.277667760848999
Iteration 4560, S: 19.961162567138672, S_ratio: 0.2825304865837097
Iteration 4570, S: 17.813108444213867, S_ratio: 0.271450012922287
Iteration 4580, S: 20.1533260345459, S_ratio: 0.2765115201473236
Iteration 4590, S: 20.520349502563477, S_ratio: 0.28914132714271545
Iteration 4600, S: 22.653398513793945, S_ratio: 0.2863372564315796
Iteration 4610, S: 20.723453521728516, S_ratio: 0.28088831901550293
Iteration 4620, S: 19.262752532958984, S_ratio: 0.27289706468582153
Iteration 4630, S: 21.601057052612305, S_ratio: 0.2854137420654297
Iteration 4640, S: 21.18558120727539, S_ratio: 0.28438600897789
Iteration 4650, S: 22.23322296142578, S_ratio: 0.2858603000640869
Iteration 4660, S: 17.723297119140625, S_ratio: 0.27078700065612793
Iteration 4670, S: 22.620880126953125, S_ratio: 0.2891741394996643
Iteration 4680, S: 28.625926971435547, S_ratio: 0.29084283113479614
Iteration 4690, S: 23.883052825927734, S_ratio: 0.29043686389923096
Iteration 4700, S: 20.97939109802246, S_ratio: 0.2779539227485657
Iteration 4710, S: 27.249624252319336, S_ratio: 0.2949068248271942
Iteration 4720, S: 20.60454559326172, S_ratio: 0.27999135851860046
Iteration 4730, S: 28.695045471191406, S_ratio: 0.28653162717819214
Iteration 4740, S: 29.728527069091797, S_ratio: 0.2899720370769501
Iteration 4750, S: 19.928768157958984, S_ratio: 0.2838970720767975
Iteration 4760, S: 23.208484649658203, S_ratio: 0.28717780113220215
Iteration 4770, S: 17.61040687561035, S_ratio: 0.2723422050476074
Iteration 4780, S: 16.75767707824707, S_ratio: 0.27205991744995117
Iteration 4790, S: 20.689271926879883, S_ratio: 0.2872636318206787
Iteration 4800, S: 22.102842330932617, S_ratio: 0.28493061661720276
Iteration 4810, S: 26.393709182739258, S_ratio: 0.28808125853538513
Iteration 4820, S: 17.803573608398438, S_ratio: 0.2657562792301178
Iteration 4830, S: 23.888832092285156, S_ratio: 0.28588563203811646
Iteration 4840, S: 20.423921585083008, S_ratio: 0.2823195159435272
Iteration 4850, S: 19.516571044921875, S_ratio: 0.29000651836395264
Iteration 4860, S: 26.233530044555664, S_ratio: 0.2861011326313019
Iteration 4870, S: 19.176177978515625, S_ratio: 0.26827865839004517
Iteration 4880, S: 21.926883697509766, S_ratio: 0.2825276851654053
Iteration 4890, S: 27.356273651123047, S_ratio: 0.2879105508327484
Iteration 4900, S: 16.30556297302246, S_ratio: 0.2811884880065918
Iteration 4910, S: 25.943347930908203, S_ratio: 0.2845424711704254
Iteration 4920, S: 26.741470336914062, S_ratio: 0.2927806079387665
Iteration 4930, S: 27.93597412109375, S_ratio: 0.2978465259075165
Iteration 4940, S: 17.137550354003906, S_ratio: 0.269212007522583
Iteration 4950, S: 19.356494903564453, S_ratio: 0.266476571559906
Iteration 4960, S: 26.502193450927734, S_ratio: 0.28980207443237305
Iteration 4970, S: 20.843242645263672, S_ratio: 0.2809435725212097
Iteration 4980, S: 19.22865867614746, S_ratio: 0.2775973379611969
Iteration 4990, S: 19.027780532836914, S_ratio: 0.2823930084705353
Iteration 5000, S: 18.46912384033203, S_ratio: 0.2856074571609497
Iteration 5010, S: 16.793241500854492, S_ratio: 0.2763518989086151
Iteration 5020, S: 20.441770553588867, S_ratio: 0.27321770787239075
Iteration 5030, S: 21.143278121948242, S_ratio: 0.27986595034599304
Iteration 5040, S: 20.79906463623047, S_ratio: 0.2860969305038452
Iteration 5050, S: 21.539461135864258, S_ratio: 0.2878240644931793
Iteration 5060, S: 21.569007873535156, S_ratio: 0.2774503827095032
Iteration 5070, S: 24.573942184448242, S_ratio: 0.28187376260757446
Iteration 5080, S: 20.55974578857422, S_ratio: 0.2844522297382355
Iteration 5090, S: 24.663896560668945, S_ratio: 0.28602081537246704
Iteration 5100, S: 18.893348693847656, S_ratio: 0.2869223654270172
Iteration 5110, S: 23.78469467163086, S_ratio: 0.29206982254981995
Iteration 5120, S: 17.408613204956055, S_ratio: 0.2769928276538849
Iteration 5130, S: 22.55532455444336, S_ratio: 0.2827579379081726
Iteration 5140, S: 19.722740173339844, S_ratio: 0.27821871638298035
Iteration 5150, S: 20.26542854309082, S_ratio: 0.2821953594684601
Iteration 5160, S: 18.800003051757812, S_ratio: 0.2748672664165497
Iteration 5170, S: 21.61057472229004, S_ratio: 0.2829382121562958
Iteration 5180, S: 23.803436279296875, S_ratio: 0.2825959622859955
Iteration 5190, S: 25.203134536743164, S_ratio: 0.28736913204193115
Iteration 5200, S: 20.371374130249023, S_ratio: 0.2791127860546112
Iteration 5210, S: 22.341495513916016, S_ratio: 0.28685659170150757
Iteration 5220, S: 25.08757972717285, S_ratio: 0.28887179493904114
Iteration 5230, S: 20.504018783569336, S_ratio: 0.27723273634910583
Iteration 5240, S: 28.345998764038086, S_ratio: 0.29125383496284485
Iteration 5250, S: 24.668907165527344, S_ratio: 0.28846806287765503
Iteration 5260, S: 22.173831939697266, S_ratio: 0.2814735770225525
Iteration 5270, S: 20.226226806640625, S_ratio: 0.2823481857776642
Iteration 5280, S: 17.335281372070312, S_ratio: 0.2805135250091553
Iteration 5290, S: 23.979129791259766, S_ratio: 0.2774304747581482
Iteration 5300, S: 20.523862838745117, S_ratio: 0.28630781173706055
Iteration 5310, S: 24.635957717895508, S_ratio: 0.2937281131744385
Iteration 5320, S: 22.415143966674805, S_ratio: 0.2818140983581543
Iteration 5330, S: 24.85449981689453, S_ratio: 0.28097760677337646
Iteration 5340, S: 17.758886337280273, S_ratio: 0.26871874928474426
Iteration 5350, S: 21.294696807861328, S_ratio: 0.28568872809410095
Iteration 5360, S: 20.725923538208008, S_ratio: 0.2777244746685028
Iteration 5370, S: 26.119321823120117, S_ratio: 0.2917158007621765
Iteration 5380, S: 25.83262062072754, S_ratio: 0.29237452149391174
Iteration 5390, S: 21.469369888305664, S_ratio: 0.28086698055267334
Iteration 5400, S: 19.762441635131836, S_ratio: 0.2747703194618225
Iteration 5410, S: 18.403444290161133, S_ratio: 0.28351616859436035
Iteration 5420, S: 21.15932846069336, S_ratio: 0.27633893489837646
Iteration 5430, S: 22.04452133178711, S_ratio: 0.28601473569869995
Iteration 5440, S: 19.74082374572754, S_ratio: 0.2814269959926605
Iteration 5450, S: 22.037824630737305, S_ratio: 0.28200414776802063
Iteration 5460, S: 16.48488998413086, S_ratio: 0.2872154414653778
Iteration 5470, S: 27.11606788635254, S_ratio: 0.2872501313686371
Iteration 5480, S: 20.570505142211914, S_ratio: 0.2808785140514374
Iteration 5490, S: 21.525005340576172, S_ratio: 0.28477591276168823
Iteration 5500, S: 17.661081314086914, S_ratio: 0.27300354838371277
Iteration 5510, S: 26.623315811157227, S_ratio: 0.2863784432411194
Iteration 5520, S: 21.42409324645996, S_ratio: 0.2894665598869324
Iteration 5530, S: 19.438255310058594, S_ratio: 0.2748982608318329
Iteration 5540, S: 17.908952713012695, S_ratio: 0.2811514735221863
Iteration 5550, S: 29.535451889038086, S_ratio: 0.2912437617778778
Iteration 5560, S: 22.95759391784668, S_ratio: 0.2814416289329529
Iteration 5570, S: 18.978872299194336, S_ratio: 0.27999651432037354
Iteration 5580, S: 21.4552001953125, S_ratio: 0.27600327134132385
Iteration 5590, S: 18.39756202697754, S_ratio: 0.2761071026325226
Iteration 5600, S: 25.874853134155273, S_ratio: 0.2940891981124878
Iteration 5610, S: 27.864765167236328, S_ratio: 0.2846249043941498
Iteration 5620, S: 19.898229598999023, S_ratio: 0.28085190057754517
Iteration 5630, S: 21.159387588500977, S_ratio: 0.27881288528442383
Iteration 5640, S: 14.509550094604492, S_ratio: 0.2624610662460327
Iteration 5650, S: 16.726945877075195, S_ratio: 0.2716984748840332
Iteration 5660, S: 26.5866641998291, S_ratio: 0.28825217485427856
Iteration 5670, S: 22.94801139831543, S_ratio: 0.2774304449558258
Iteration 5680, S: 14.982049942016602, S_ratio: 0.27929145097732544
Iteration 5690, S: 22.909284591674805, S_ratio: 0.2821894586086273
Iteration 5700, S: 20.153263092041016, S_ratio: 0.27199065685272217
Iteration 5710, S: 19.305233001708984, S_ratio: 0.27767565846443176
Iteration 5720, S: 24.18354034423828, S_ratio: 0.2866482734680176
Iteration 5730, S: 18.54372215270996, S_ratio: 0.2723698318004608
Iteration 5740, S: 23.605754852294922, S_ratio: 0.29710665345191956
Iteration 5750, S: 21.251869201660156, S_ratio: 0.2861783504486084
Iteration 5760, S: 19.317983627319336, S_ratio: 0.276193767786026
Iteration 5770, S: 23.46625518798828, S_ratio: 0.2884960174560547
Iteration 5780, S: 24.272850036621094, S_ratio: 0.28324607014656067
Iteration 5790, S: 21.517562866210938, S_ratio: 0.27932703495025635
Iteration 5800, S: 25.936670303344727, S_ratio: 0.29070064425468445
Iteration 5810, S: 20.82929229736328, S_ratio: 0.27377650141716003
Iteration 5820, S: 19.7915096282959, S_ratio: 0.2995752990245819
Iteration 5830, S: 21.14679527282715, S_ratio: 0.27777156233787537
Iteration 5840, S: 29.530359268188477, S_ratio: 0.29862546920776367
Iteration 5850, S: 20.589643478393555, S_ratio: 0.28028517961502075
Iteration 5860, S: 20.575620651245117, S_ratio: 0.28856492042541504
Iteration 5870, S: 15.793335914611816, S_ratio: 0.27452370524406433
Iteration 5880, S: 19.42470932006836, S_ratio: 0.27830076217651367
Iteration 5890, S: 27.229211807250977, S_ratio: 0.2995958626270294
Iteration 5900, S: 25.019752502441406, S_ratio: 0.28624972701072693
Iteration 5910, S: 21.779682159423828, S_ratio: 0.27786749601364136
Iteration 5920, S: 21.72357940673828, S_ratio: 0.28857436776161194
Iteration 5930, S: 20.70427131652832, S_ratio: 0.2898288369178772
Iteration 5940, S: 20.498611450195312, S_ratio: 0.2837907075881958
Iteration 5950, S: 22.38240623474121, S_ratio: 0.2867310643196106
Iteration 5960, S: 17.3286190032959, S_ratio: 0.28027236461639404
Iteration 5970, S: 19.263456344604492, S_ratio: 0.2870901823043823
Iteration 5980, S: 18.71071434020996, S_ratio: 0.2812741994857788
Iteration 5990, S: 21.570236206054688, S_ratio: 0.2859136164188385
Iteration 6000, S: 20.40237045288086, S_ratio: 0.2802271544933319
Iteration 6010, S: 19.914169311523438, S_ratio: 0.2843092978000641
Iteration 6020, S: 27.095434188842773, S_ratio: 0.2873377501964569
Iteration 6030, S: 22.47589111328125, S_ratio: 0.2777473032474518
Iteration 6040, S: 19.611957550048828, S_ratio: 0.2812202274799347
Iteration 6050, S: 23.632362365722656, S_ratio: 0.288556843996048
Iteration 6060, S: 22.118459701538086, S_ratio: 0.29175880551338196
Iteration 6070, S: 20.553939819335938, S_ratio: 0.2808580994606018
Iteration 6080, S: 19.378204345703125, S_ratio: 0.2739480435848236
Iteration 6090, S: 21.541839599609375, S_ratio: 0.28189823031425476
Iteration 6100, S: 19.91758918762207, S_ratio: 0.27438440918922424
Iteration 6110, S: 22.537151336669922, S_ratio: 0.2863137125968933
Iteration 6120, S: 16.17470932006836, S_ratio: 0.2757588028907776
Iteration 6130, S: 20.21055030822754, S_ratio: 0.28469744324684143
Iteration 6140, S: 20.44859504699707, S_ratio: 0.2848362624645233
Iteration 6150, S: 21.826133728027344, S_ratio: 0.28659453988075256
Iteration 6160, S: 25.20425033569336, S_ratio: 0.29247966408729553
Iteration 6170, S: 21.49315643310547, S_ratio: 0.28658026456832886
Iteration 6180, S: 18.16205406188965, S_ratio: 0.27132147550582886
Iteration 6190, S: 18.179319381713867, S_ratio: 0.28702959418296814
Iteration 6200, S: 21.556848526000977, S_ratio: 0.2800469696521759
Iteration 6210, S: 25.072227478027344, S_ratio: 0.28300732374191284
Iteration 6220, S: 23.262922286987305, S_ratio: 0.286759614944458
Iteration 6230, S: 21.610260009765625, S_ratio: 0.2976541519165039
Iteration 6240, S: 18.512704849243164, S_ratio: 0.27723428606987
Iteration 6250, S: 21.462018966674805, S_ratio: 0.2755682170391083
Iteration 6260, S: 17.082740783691406, S_ratio: 0.2734575569629669
Iteration 6270, S: 23.99530601501465, S_ratio: 0.28652945160865784
Iteration 6280, S: 26.1518611907959, S_ratio: 0.2892515957355499
Iteration 6290, S: 26.6578369140625, S_ratio: 0.2869459092617035
Iteration 6300, S: 24.784597396850586, S_ratio: 0.2856099009513855
Iteration 6310, S: 18.948471069335938, S_ratio: 0.27889561653137207
Iteration 6320, S: 20.379886627197266, S_ratio: 0.2829035520553589
Iteration 6330, S: 23.8057861328125, S_ratio: 0.2925984561443329
Iteration 6340, S: 17.838045120239258, S_ratio: 0.28030407428741455
Iteration 6350, S: 18.242050170898438, S_ratio: 0.2914932072162628
Iteration 6360, S: 24.764936447143555, S_ratio: 0.2821839451789856
Iteration 6370, S: 18.958398818969727, S_ratio: 0.2832062244415283
Iteration 6380, S: 17.890161514282227, S_ratio: 0.28262197971343994
Iteration 6390, S: 23.919879913330078, S_ratio: 0.284801185131073
Iteration 6400, S: 16.92581558227539, S_ratio: 0.27201542258262634
Iteration 6410, S: 19.3804931640625, S_ratio: 0.2827509641647339
Iteration 6420, S: 15.276135444641113, S_ratio: 0.2739847004413605
Iteration 6430, S: 23.202754974365234, S_ratio: 0.285932332277298
Iteration 6440, S: 23.72357749938965, S_ratio: 0.28407639265060425
Iteration 6450, S: 17.219738006591797, S_ratio: 0.277288019657135
Iteration 6460, S: 23.086803436279297, S_ratio: 0.27799805998802185
Iteration 6470, S: 22.80528450012207, S_ratio: 0.28898367285728455
Iteration 6480, S: 19.634300231933594, S_ratio: 0.28674206137657166
Iteration 6490, S: 19.118549346923828, S_ratio: 0.2775101065635681
Iteration 6500, S: 27.98914337158203, S_ratio: 0.29377204179763794
Iteration 6510, S: 16.309993743896484, S_ratio: 0.2731485366821289
Iteration 6520, S: 20.53876495361328, S_ratio: 0.2837390899658203
Iteration 6530, S: 18.7623233795166, S_ratio: 0.2753101885318756
Iteration 6540, S: 21.75910758972168, S_ratio: 0.28338077664375305
Iteration 6550, S: 20.01051139831543, S_ratio: 0.28412410616874695
Iteration 6560, S: 24.338136672973633, S_ratio: 0.2863841950893402
Iteration 6570, S: 24.20370864868164, S_ratio: 0.29140111804008484
Iteration 6580, S: 16.529809951782227, S_ratio: 0.27765074372291565
Iteration 6590, S: 19.054048538208008, S_ratio: 0.28301969170570374
Iteration 6600, S: 23.110862731933594, S_ratio: 0.2837176024913788
Iteration 6610, S: 18.206327438354492, S_ratio: 0.27672743797302246
Iteration 6620, S: 27.178905487060547, S_ratio: 0.2895336449146271
Iteration 6630, S: 19.917558670043945, S_ratio: 0.26527321338653564
Iteration 6640, S: 23.919452667236328, S_ratio: 0.296317458152771
Iteration 6650, S: 24.31522560119629, S_ratio: 0.28903013467788696
Iteration 6660, S: 15.317804336547852, S_ratio: 0.277919739484787
Iteration 6670, S: 20.972339630126953, S_ratio: 0.2784791588783264
Iteration 6680, S: 16.565919876098633, S_ratio: 0.28031161427497864
Iteration 6690, S: 22.739578247070312, S_ratio: 0.28038614988327026
Iteration 6700, S: 17.90650177001953, S_ratio: 0.2755889296531677
Iteration 6710, S: 21.831418991088867, S_ratio: 0.28717467188835144
Iteration 6720, S: 23.44606590270996, S_ratio: 0.28849175572395325
Iteration 6730, S: 23.23236846923828, S_ratio: 0.2900318205356598
Iteration 6740, S: 19.670955657958984, S_ratio: 0.2799071669578552
Iteration 6750, S: 22.393918991088867, S_ratio: 0.2919999063014984
Iteration 6760, S: 27.518693923950195, S_ratio: 0.29137083888053894
Iteration 6770, S: 19.604001998901367, S_ratio: 0.2780390977859497
Iteration 6780, S: 20.963211059570312, S_ratio: 0.2749325633049011
Iteration 6790, S: 17.773571014404297, S_ratio: 0.2859301269054413
Iteration 6800, S: 18.809207916259766, S_ratio: 0.28021469712257385
Iteration 6810, S: 23.252471923828125, S_ratio: 0.2854973077774048
Iteration 6820, S: 20.14369773864746, S_ratio: 0.27924951910972595
Iteration 6830, S: 19.170866012573242, S_ratio: 0.28197258710861206
Iteration 6840, S: 17.989717483520508, S_ratio: 0.2768196165561676
Iteration 6850, S: 19.845752716064453, S_ratio: 0.2856866717338562
Iteration 6860, S: 22.469697952270508, S_ratio: 0.28462958335876465
Iteration 6870, S: 17.041242599487305, S_ratio: 0.2723325490951538
Iteration 6880, S: 24.93021583557129, S_ratio: 0.283200740814209
Iteration 6890, S: 17.37375259399414, S_ratio: 0.26883944869041443
Iteration 6900, S: 20.150096893310547, S_ratio: 0.2672404646873474
Iteration 6910, S: 19.935956954956055, S_ratio: 0.27295100688934326
Iteration 6920, S: 23.351593017578125, S_ratio: 0.28412720561027527
Iteration 6930, S: 27.731739044189453, S_ratio: 0.2989662289619446
Iteration 6940, S: 25.34294319152832, S_ratio: 0.27992209792137146
Iteration 6950, S: 17.63939094543457, S_ratio: 0.2820495665073395
Iteration 6960, S: 17.58823013305664, S_ratio: 0.27444660663604736
Iteration 6970, S: 19.065414428710938, S_ratio: 0.2858893573284149
Iteration 6980, S: 18.68007469177246, S_ratio: 0.2839813828468323
Iteration 6990, S: 22.38082504272461, S_ratio: 0.2875519096851349
Iteration 7000, S: 16.84746551513672, S_ratio: 0.2791254222393036
Iteration 7010, S: 17.237621307373047, S_ratio: 0.27666446566581726
Iteration 7020, S: 22.887393951416016, S_ratio: 0.29392027854919434
Iteration 7030, S: 22.267833709716797, S_ratio: 0.2915607988834381
Iteration 7040, S: 19.90651512145996, S_ratio: 0.28603455424308777
Iteration 7050, S: 23.922229766845703, S_ratio: 0.2794959843158722
Iteration 7060, S: 22.8513126373291, S_ratio: 0.2880479097366333
Iteration 7070, S: 24.554765701293945, S_ratio: 0.28754064440727234
Iteration 7080, S: 22.95624351501465, S_ratio: 0.2883264720439911
Iteration 7090, S: 21.05852508544922, S_ratio: 0.2802123427391052
Iteration 7100, S: 18.66053009033203, S_ratio: 0.26716363430023193
Iteration 7110, S: 16.298343658447266, S_ratio: 0.27497315406799316
Iteration 7120, S: 22.451717376708984, S_ratio: 0.282640665769577
Iteration 7130, S: 16.779878616333008, S_ratio: 0.27322623133659363
Iteration 7140, S: 20.479276657104492, S_ratio: 0.28619837760925293
Iteration 7150, S: 29.037202835083008, S_ratio: 0.29047489166259766
Iteration 7160, S: 19.891887664794922, S_ratio: 0.28936392068862915
Iteration 7170, S: 22.468151092529297, S_ratio: 0.28757670521736145
Iteration 7180, S: 24.903324127197266, S_ratio: 0.2926686406135559
Iteration 7190, S: 24.515050888061523, S_ratio: 0.2955436706542969
Iteration 7200, S: 22.193567276000977, S_ratio: 0.2821298837661743
Iteration 7210, S: 17.6538028717041, S_ratio: 0.2682628035545349
Iteration 7220, S: 24.597911834716797, S_ratio: 0.2832527458667755
Iteration 7230, S: 24.936126708984375, S_ratio: 0.29065513610839844
Iteration 7240, S: 20.39347267150879, S_ratio: 0.2856113910675049
Iteration 7250, S: 23.221765518188477, S_ratio: 0.2865268290042877
Iteration 7260, S: 20.759305953979492, S_ratio: 0.2757287621498108
Iteration 7270, S: 21.37405776977539, S_ratio: 0.28474700450897217
Iteration 7280, S: 20.109264373779297, S_ratio: 0.28742504119873047
Iteration 7290, S: 19.336536407470703, S_ratio: 0.2771017253398895
Iteration 7300, S: 25.542118072509766, S_ratio: 0.29096734523773193
Iteration 7310, S: 19.450590133666992, S_ratio: 0.28805744647979736
Iteration 7320, S: 22.220836639404297, S_ratio: 0.29507556557655334
Iteration 7330, S: 17.236412048339844, S_ratio: 0.2863064706325531
Iteration 7340, S: 20.471567153930664, S_ratio: 0.28533226251602173
Iteration 7350, S: 23.250816345214844, S_ratio: 0.2860013246536255
Iteration 7360, S: 20.644302368164062, S_ratio: 0.29689955711364746
Iteration 7370, S: 26.199596405029297, S_ratio: 0.2965916097164154
Iteration 7380, S: 21.21578025817871, S_ratio: 0.28860968351364136
Iteration 7390, S: 22.624303817749023, S_ratio: 0.2770159840583801
Iteration 7400, S: 22.417381286621094, S_ratio: 0.2917344868183136
Iteration 7410, S: 18.876440048217773, S_ratio: 0.2776004374027252
Iteration 7420, S: 20.50453758239746, S_ratio: 0.28535473346710205
Iteration 7430, S: 18.550865173339844, S_ratio: 0.2774156928062439
Iteration 7440, S: 16.91110610961914, S_ratio: 0.2729352116584778
Iteration 7450, S: 21.727218627929688, S_ratio: 0.28769323229789734
Iteration 7460, S: 22.111692428588867, S_ratio: 0.29108330607414246
Iteration 7470, S: 15.224588394165039, S_ratio: 0.27218097448349
Iteration 7480, S: 23.570016860961914, S_ratio: 0.2848864197731018
Iteration 7490, S: 18.30144691467285, S_ratio: 0.2825726270675659
Iteration 7500, S: 20.8626708984375, S_ratio: 0.28520554304122925
Iteration 7510, S: 21.748525619506836, S_ratio: 0.2816181480884552
Iteration 7520, S: 18.672996520996094, S_ratio: 0.2850487232208252
Iteration 7530, S: 20.07195281982422, S_ratio: 0.2817157506942749
Iteration 7540, S: 22.00556182861328, S_ratio: 0.28635337948799133
Iteration 7550, S: 24.212696075439453, S_ratio: 0.2887856662273407
Iteration 7560, S: 19.0093994140625, S_ratio: 0.28017565608024597
Iteration 7570, S: 22.512779235839844, S_ratio: 0.28297385573387146
Iteration 7580, S: 18.693153381347656, S_ratio: 0.2731402516365051
Iteration 7590, S: 16.475114822387695, S_ratio: 0.26640504598617554
Iteration 7600, S: 26.901247024536133, S_ratio: 0.28693151473999023
Iteration 7610, S: 25.28479766845703, S_ratio: 0.2943439781665802
Iteration 7620, S: 22.201278686523438, S_ratio: 0.2819383144378662
Iteration 7630, S: 18.51204490661621, S_ratio: 0.27230867743492126
Iteration 7640, S: 21.749452590942383, S_ratio: 0.2778853476047516
Iteration 7650, S: 18.969913482666016, S_ratio: 0.27455732226371765
Iteration 7660, S: 25.619083404541016, S_ratio: 0.2808106243610382
Iteration 7670, S: 14.363729476928711, S_ratio: 0.2688555121421814
Iteration 7680, S: 21.163795471191406, S_ratio: 0.2856218218803406
Iteration 7690, S: 18.018871307373047, S_ratio: 0.27388566732406616
Iteration 7700, S: 17.10330581665039, S_ratio: 0.26238277554512024
Iteration 7710, S: 17.95563507080078, S_ratio: 0.28401023149490356
Iteration 7720, S: 21.888145446777344, S_ratio: 0.2796328365802765
Iteration 7730, S: 18.217443466186523, S_ratio: 0.27616989612579346
Iteration 7740, S: 15.05290699005127, S_ratio: 0.2716478705406189
Iteration 7750, S: 16.3259220123291, S_ratio: 0.26968809962272644
Iteration 7760, S: 22.97413444519043, S_ratio: 0.28328871726989746
Iteration 7770, S: 20.38392448425293, S_ratio: 0.2807494103908539
Iteration 7780, S: 28.038570404052734, S_ratio: 0.29267430305480957
Iteration 7790, S: 15.353775978088379, S_ratio: 0.27114352583885193
Iteration 7800, S: 18.309587478637695, S_ratio: 0.2783410847187042
Iteration 7810, S: 25.219152450561523, S_ratio: 0.2989511489868164
Iteration 7820, S: 22.36075210571289, S_ratio: 0.2868443429470062
Iteration 7830, S: 23.039512634277344, S_ratio: 0.2824423313140869
Iteration 7840, S: 24.56549072265625, S_ratio: 0.2886027693748474
Iteration 7850, S: 20.272518157958984, S_ratio: 0.2840532660484314
Iteration 7860, S: 15.753263473510742, S_ratio: 0.27337294816970825
Iteration 7870, S: 21.898517608642578, S_ratio: 0.26835331320762634
Iteration 7880, S: 17.315853118896484, S_ratio: 0.27544185519218445
Iteration 7890, S: 20.195240020751953, S_ratio: 0.2786240875720978
Iteration 7900, S: 25.801326751708984, S_ratio: 0.29059964418411255
Iteration 7910, S: 16.35429573059082, S_ratio: 0.2573053538799286
Iteration 7920, S: 17.34375, S_ratio: 0.27302777767181396
Iteration 7930, S: 28.740690231323242, S_ratio: 0.29577168822288513
Iteration 7940, S: 11.575492858886719, S_ratio: 0.24952346086502075
Iteration 7950, S: 24.16370964050293, S_ratio: 0.2822152078151703
Iteration 7960, S: 19.90285301208496, S_ratio: 0.2832341194152832
Iteration 7970, S: 21.47174072265625, S_ratio: 0.28219476342201233
Iteration 7980, S: 21.132631301879883, S_ratio: 0.2851814329624176
Iteration 7990, S: 16.500694274902344, S_ratio: 0.26849016547203064
Iteration 8000, S: 26.462631225585938, S_ratio: 0.29396218061447144
Iteration 8010, S: 21.968887329101562, S_ratio: 0.28286460041999817
Iteration 8020, S: 24.156015396118164, S_ratio: 0.27817240357398987
Iteration 8030, S: 22.25364875793457, S_ratio: 0.2850903570652008
Iteration 8040, S: 19.304214477539062, S_ratio: 0.27505427598953247
Iteration 8050, S: 16.725872039794922, S_ratio: 0.2798634469509125
Iteration 8060, S: 20.450136184692383, S_ratio: 0.27527567744255066
Iteration 8070, S: 23.710573196411133, S_ratio: 0.2925412952899933
Iteration 8080, S: 25.400327682495117, S_ratio: 0.29529908299446106
Iteration 8090, S: 24.2011775970459, S_ratio: 0.2903975546360016
Iteration 8100, S: 23.26089859008789, S_ratio: 0.27969151735305786
Iteration 8110, S: 20.357778549194336, S_ratio: 0.26826196908950806
Iteration 8120, S: 22.682777404785156, S_ratio: 0.276345819234848
Iteration 8130, S: 23.338180541992188, S_ratio: 0.28265222907066345
Iteration 8140, S: 22.487136840820312, S_ratio: 0.2896176874637604
Iteration 8150, S: 19.3768367767334, S_ratio: 0.2919943332672119
Iteration 8160, S: 17.552608489990234, S_ratio: 0.27933281660079956
Iteration 8170, S: 23.864545822143555, S_ratio: 0.28428417444229126
Iteration 8180, S: 18.553024291992188, S_ratio: 0.2768966555595398
Iteration 8190, S: 21.645353317260742, S_ratio: 0.2839638292789459
Iteration 8200, S: 19.580303192138672, S_ratio: 0.2838492691516876
Iteration 8210, S: 20.774887084960938, S_ratio: 0.27937641739845276
Iteration 8220, S: 23.146615982055664, S_ratio: 0.2842050790786743
Iteration 8230, S: 25.57016944885254, S_ratio: 0.2943699359893799
Iteration 8240, S: 18.508283615112305, S_ratio: 0.2820517420768738
Iteration 8250, S: 16.78746223449707, S_ratio: 0.2743951082229614
Iteration 8260, S: 25.66035270690918, S_ratio: 0.28893741965293884
Iteration 8270, S: 21.627256393432617, S_ratio: 0.2805353105068207
Iteration 8280, S: 23.74811553955078, S_ratio: 0.28982189297676086
Iteration 8290, S: 23.892793655395508, S_ratio: 0.28829440474510193
Iteration 8300, S: 20.780271530151367, S_ratio: 0.2804017961025238
Iteration 8310, S: 20.703577041625977, S_ratio: 0.29443612694740295
Iteration 8320, S: 23.419252395629883, S_ratio: 0.2823430895805359
Iteration 8330, S: 20.162790298461914, S_ratio: 0.2845272719860077
Iteration 8340, S: 25.795591354370117, S_ratio: 0.2921532094478607
Iteration 8350, S: 27.05093765258789, S_ratio: 0.2978864908218384
Iteration 8360, S: 22.1803035736084, S_ratio: 0.27729731798171997
Iteration 8370, S: 21.327131271362305, S_ratio: 0.29460182785987854
Iteration 8380, S: 19.98223876953125, S_ratio: 0.2830481231212616
Iteration 8390, S: 21.4881534576416, S_ratio: 0.29578399658203125
Iteration 8400, S: 29.01610565185547, S_ratio: 0.2954159379005432
Iteration 8410, S: 20.199214935302734, S_ratio: 0.27858197689056396
Iteration 8420, S: 28.759193420410156, S_ratio: 0.29374751448631287
Iteration 8430, S: 16.952747344970703, S_ratio: 0.2685428857803345
Iteration 8440, S: 20.79530906677246, S_ratio: 0.289446085691452
Iteration 8450, S: 20.12078094482422, S_ratio: 0.28502941131591797
Iteration 8460, S: 19.796878814697266, S_ratio: 0.2819235324859619
Iteration 8470, S: 15.16971206665039, S_ratio: 0.26774346828460693
Iteration 8480, S: 21.993173599243164, S_ratio: 0.2829439640045166
Iteration 8490, S: 20.548809051513672, S_ratio: 0.2897276282310486
Iteration 8500, S: 21.208221435546875, S_ratio: 0.29093918204307556
Iteration 8510, S: 19.82534408569336, S_ratio: 0.2843174636363983
Iteration 8520, S: 21.668331146240234, S_ratio: 0.27671220898628235
Iteration 8530, S: 21.868053436279297, S_ratio: 0.27527570724487305
Iteration 8540, S: 18.302865982055664, S_ratio: 0.2729783058166504
Iteration 8550, S: 17.213619232177734, S_ratio: 0.28528907895088196
Iteration 8560, S: 23.259031295776367, S_ratio: 0.28574666380882263
Iteration 8570, S: 15.99427318572998, S_ratio: 0.2851274311542511
Iteration 8580, S: 20.519454956054688, S_ratio: 0.27265626192092896
Iteration 8590, S: 20.28728675842285, S_ratio: 0.2712070941925049
Iteration 8600, S: 19.22193145751953, S_ratio: 0.2874393165111542
Iteration 8610, S: 20.733739852905273, S_ratio: 0.2875799834728241
Iteration 8620, S: 20.488384246826172, S_ratio: 0.27910277247428894
Iteration 8630, S: 22.313127517700195, S_ratio: 0.28819701075553894
Iteration 8640, S: 20.31501579284668, S_ratio: 0.28326356410980225
Iteration 8650, S: 21.578195571899414, S_ratio: 0.28855234384536743
Iteration 8660, S: 25.503475189208984, S_ratio: 0.2890366017818451
Iteration 8670, S: 19.392921447753906, S_ratio: 0.27600839734077454
Iteration 8680, S: 24.036832809448242, S_ratio: 0.28156912326812744
Iteration 8690, S: 21.606660842895508, S_ratio: 0.28237104415893555
Iteration 8700, S: 21.520469665527344, S_ratio: 0.2966524660587311
Iteration 8710, S: 25.242599487304688, S_ratio: 0.2876511514186859
Iteration 8720, S: 17.137889862060547, S_ratio: 0.2724494934082031
Iteration 8730, S: 17.21796226501465, S_ratio: 0.27495843172073364
Iteration 8740, S: 18.472251892089844, S_ratio: 0.27092742919921875
Iteration 8750, S: 18.55156135559082, S_ratio: 0.27755385637283325
Iteration 8760, S: 20.53927230834961, S_ratio: 0.2867854833602905
Iteration 8770, S: 20.175067901611328, S_ratio: 0.28373995423316956
Iteration 8780, S: 20.744787216186523, S_ratio: 0.27732935547828674
Iteration 8790, S: 26.93182373046875, S_ratio: 0.2919836938381195
Iteration 8800, S: 25.34836196899414, S_ratio: 0.2812991440296173
Iteration 8810, S: 24.659435272216797, S_ratio: 0.2916802167892456
Iteration 8820, S: 18.451202392578125, S_ratio: 0.280092716217041
Iteration 8830, S: 16.329673767089844, S_ratio: 0.2734176218509674
Iteration 8840, S: 15.953461647033691, S_ratio: 0.2787994146347046
Iteration 8850, S: 19.5296630859375, S_ratio: 0.27597522735595703
Iteration 8860, S: 26.133588790893555, S_ratio: 0.29447880387306213
Iteration 8870, S: 24.307281494140625, S_ratio: 0.28687748312950134
Iteration 8880, S: 21.620874404907227, S_ratio: 0.2775952219963074
Iteration 8890, S: 20.45028305053711, S_ratio: 0.2875901758670807
Iteration 8900, S: 22.55379867553711, S_ratio: 0.284837543964386
Iteration 8910, S: 23.34316635131836, S_ratio: 0.2862721085548401
Iteration 8920, S: 26.823612213134766, S_ratio: 0.2926144599914551
Iteration 8930, S: 23.607574462890625, S_ratio: 0.2822580635547638
Iteration 8940, S: 19.851356506347656, S_ratio: 0.28349965810775757
Iteration 8950, S: 24.803348541259766, S_ratio: 0.287128746509552
Iteration 8960, S: 21.89240837097168, S_ratio: 0.27751654386520386
Iteration 8970, S: 22.451709747314453, S_ratio: 0.27691876888275146
Iteration 8980, S: 24.544811248779297, S_ratio: 0.28915655612945557
Iteration 8990, S: 16.285993576049805, S_ratio: 0.27161067724227905
Iteration 9000, S: 19.32763671875, S_ratio: 0.2773548364639282
Iteration 9010, S: 18.28112030029297, S_ratio: 0.27456024289131165
Iteration 9020, S: 20.87017822265625, S_ratio: 0.2781103551387787
Iteration 9030, S: 16.445402145385742, S_ratio: 0.2697100341320038
Iteration 9040, S: 21.842247009277344, S_ratio: 0.28064706921577454
Iteration 9050, S: 21.891277313232422, S_ratio: 0.28557300567626953
Iteration 9060, S: 21.134614944458008, S_ratio: 0.2868458032608032
Iteration 9070, S: 16.34207534790039, S_ratio: 0.2642219662666321
Iteration 9080, S: 20.591997146606445, S_ratio: 0.2881711423397064
Iteration 9090, S: 19.233295440673828, S_ratio: 0.27299776673316956
Iteration 9100, S: 27.413036346435547, S_ratio: 0.29148226976394653
Iteration 9110, S: 16.095478057861328, S_ratio: 0.27461737394332886
Iteration 9120, S: 15.986859321594238, S_ratio: 0.27714118361473083
Iteration 9130, S: 17.600614547729492, S_ratio: 0.27699288725852966
Iteration 9140, S: 21.826017379760742, S_ratio: 0.28376346826553345
Iteration 9150, S: 23.776893615722656, S_ratio: 0.27592986822128296
Iteration 9160, S: 25.62032699584961, S_ratio: 0.29483741521835327
Iteration 9170, S: 22.987953186035156, S_ratio: 0.2906568944454193
Iteration 9180, S: 19.547880172729492, S_ratio: 0.2766779661178589
Iteration 9190, S: 25.380002975463867, S_ratio: 0.2873561680316925
Iteration 9200, S: 22.84368324279785, S_ratio: 0.28376173973083496
Iteration 9210, S: 17.78499412536621, S_ratio: 0.2756866216659546
Iteration 9220, S: 21.549100875854492, S_ratio: 0.2773042619228363
Iteration 9230, S: 20.362600326538086, S_ratio: 0.2882653772830963
Iteration 9240, S: 16.357271194458008, S_ratio: 0.27716758847236633
Iteration 9250, S: 21.501005172729492, S_ratio: 0.2774204909801483
Iteration 9260, S: 18.84421157836914, S_ratio: 0.2814246714115143
Iteration 9270, S: 23.24142074584961, S_ratio: 0.28547656536102295
Iteration 9280, S: 30.146717071533203, S_ratio: 0.29575222730636597
Iteration 9290, S: 16.740720748901367, S_ratio: 0.26459047198295593
Iteration 9300, S: 17.464479446411133, S_ratio: 0.2826187312602997
Iteration 9310, S: 21.35051727294922, S_ratio: 0.2867092192173004
Iteration 9320, S: 20.863351821899414, S_ratio: 0.2854476273059845
Iteration 9330, S: 18.181516647338867, S_ratio: 0.27415987849235535
Iteration 9340, S: 18.29941749572754, S_ratio: 0.27579885721206665
Iteration 9350, S: 21.155853271484375, S_ratio: 0.28507810831069946
Iteration 9360, S: 17.732038497924805, S_ratio: 0.26911720633506775
Iteration 9370, S: 21.819673538208008, S_ratio: 0.28875553607940674
Iteration 9380, S: 19.888370513916016, S_ratio: 0.2815952003002167
Iteration 9390, S: 19.962364196777344, S_ratio: 0.2728414535522461
Iteration 9400, S: 23.325225830078125, S_ratio: 0.29230985045433044
Iteration 9410, S: 17.982885360717773, S_ratio: 0.28601083159446716
Iteration 9420, S: 25.714847564697266, S_ratio: 0.29048699140548706
Iteration 9430, S: 23.201892852783203, S_ratio: 0.28725340962409973
Iteration 9440, S: 22.95231819152832, S_ratio: 0.28500065207481384
Iteration 9450, S: 18.303356170654297, S_ratio: 0.30407750606536865
Iteration 9460, S: 19.748512268066406, S_ratio: 0.28512489795684814
Iteration 9470, S: 20.66644859313965, S_ratio: 0.2847975492477417
Iteration 9480, S: 22.021808624267578, S_ratio: 0.2859381139278412
Iteration 9490, S: 20.02345848083496, S_ratio: 0.2756991684436798
Iteration 9500, S: 19.823543548583984, S_ratio: 0.27500441670417786
Iteration 9510, S: 19.29393768310547, S_ratio: 0.2801673710346222
Iteration 9520, S: 22.301912307739258, S_ratio: 0.2845471501350403
Iteration 9530, S: 23.118480682373047, S_ratio: 0.28447023034095764
Iteration 9540, S: 17.423389434814453, S_ratio: 0.2614842653274536
Iteration 9550, S: 23.422548294067383, S_ratio: 0.293756902217865
Iteration 9560, S: 24.677623748779297, S_ratio: 0.2860795855522156
Iteration 9570, S: 17.099416732788086, S_ratio: 0.2931700348854065
Iteration 9580, S: 21.191734313964844, S_ratio: 0.27977514266967773
Iteration 9590, S: 26.365333557128906, S_ratio: 0.29317063093185425
Iteration 9600, S: 22.615869522094727, S_ratio: 0.29096248745918274
Iteration 9610, S: 22.19516944885254, S_ratio: 0.27630165219306946
Iteration 9620, S: 18.764602661132812, S_ratio: 0.27419382333755493
Iteration 9630, S: 19.47910499572754, S_ratio: 0.2854357659816742
Iteration 9640, S: 18.206830978393555, S_ratio: 0.2940470278263092
Iteration 9650, S: 17.12080192565918, S_ratio: 0.2700233459472656
Iteration 9660, S: 19.291889190673828, S_ratio: 0.28884157538414
Iteration 9670, S: 15.25413703918457, S_ratio: 0.2766965627670288
Iteration 9680, S: 16.769611358642578, S_ratio: 0.27741995453834534
Iteration 9690, S: 20.74407196044922, S_ratio: 0.28198233246803284
Iteration 9700, S: 19.347259521484375, S_ratio: 0.2807168662548065
Iteration 9710, S: 24.49083137512207, S_ratio: 0.2987452447414398
Iteration 9720, S: 21.50601577758789, S_ratio: 0.2885354161262512
Iteration 9730, S: 20.563175201416016, S_ratio: 0.28622034192085266
Iteration 9740, S: 25.573226928710938, S_ratio: 0.28116074204444885
Iteration 9750, S: 23.050914764404297, S_ratio: 0.28797265887260437
Iteration 9760, S: 20.18761444091797, S_ratio: 0.2787000834941864
Iteration 9770, S: 22.29721450805664, S_ratio: 0.2901066839694977
Iteration 9780, S: 17.40317726135254, S_ratio: 0.27742379903793335
Iteration 9790, S: 27.94083595275879, S_ratio: 0.29534220695495605
Iteration 9800, S: 22.2670955657959, S_ratio: 0.27849429845809937
Iteration 9810, S: 17.763105392456055, S_ratio: 0.274058073759079
Iteration 9820, S: 21.08980369567871, S_ratio: 0.27874699234962463
Iteration 9830, S: 18.02426528930664, S_ratio: 0.2780538499355316
Iteration 9840, S: 24.722562789916992, S_ratio: 0.2743588984012604
Iteration 9850, S: 19.78775978088379, S_ratio: 0.2886280119419098
Iteration 9860, S: 17.411924362182617, S_ratio: 0.2652398347854614
Iteration 9870, S: 27.319448471069336, S_ratio: 0.2965637445449829
Iteration 9880, S: 19.634645462036133, S_ratio: 0.2874155342578888
Iteration 9890, S: 21.922883987426758, S_ratio: 0.2883601784706116
Iteration 9900, S: 25.11554527282715, S_ratio: 0.29987314343452454
Iteration 9910, S: 21.32715606689453, S_ratio: 0.28206750750541687
Iteration 9920, S: 18.730911254882812, S_ratio: 0.27941468358039856
Iteration 9930, S: 19.67225456237793, S_ratio: 0.28329914808273315
Iteration 9940, S: 19.662824630737305, S_ratio: 0.27930012345314026
Iteration 9950, S: 16.963117599487305, S_ratio: 0.269077330827713
Iteration 9960, S: 22.6031551361084, S_ratio: 0.2862768769264221
Iteration 9970, S: 19.05687713623047, S_ratio: 0.27799543738365173
Iteration 9980, S: 20.17610740661621, S_ratio: 0.2767747938632965
Iteration 9990, S: 22.016435623168945, S_ratio: 0.2815415859222412
